This is pdfTeX, Version 3.141592653-2.6-1.40.23 (MiKTeX 21.8) (preloaded format=pdflatex 2023.1.2)  22 MAR 2024 19:14
entering extended mode
**./Main_MA.tex
(Main_MA.tex
LaTeX2e <2021-06-01> patch level 1
L3 programming layer <2021-08-27>
(C:\Users\Rutian Zhou\AppData\Local\Programs\MiKTeX\tex/latex/standalone\standa
lone.cls
Document Class: standalone 2018/03/26 v1.3a Class to compile TeX sub-files stan
dalone

(C:\Users\Rutian Zhou\AppData\Local\Programs\MiKTeX\tex/latex/tools\shellesc.st
y
Package: shellesc 2019/11/08 v1.0c unified shell escape interface for LaTeX
Package shellesc Info: Restricted shell escape enabled on input line 77.
)
(C:\Users\Rutian Zhou\AppData\Local\Programs\MiKTeX\tex/generic/iftex\ifluatex.
sty
Package: ifluatex 2019/10/25 v1.5 ifluatex legacy package. Use iftex instead.

(C:\Users\Rutian Zhou\AppData\Local\Programs\MiKTeX\tex/generic/iftex\iftex.sty
Package: iftex 2020/03/06 v1.0d TeX engine tests
))
(C:\Users\Rutian Zhou\AppData\Local\Programs\MiKTeX\tex/latex/xkeyval\xkeyval.s
ty
Package: xkeyval 2020/11/20 v2.8 package option processing (HA)

(C:\Users\Rutian Zhou\AppData\Local\Programs\MiKTeX\tex/generic/xkeyval\xkeyval
.tex
(C:\Users\Rutian Zhou\AppData\Local\Programs\MiKTeX\tex/generic/xkeyval\xkvutil
s.tex
\XKV@toks=\toks16
\XKV@tempa@toks=\toks17

(C:\Users\Rutian Zhou\AppData\Local\Programs\MiKTeX\tex/generic/xkeyval\keyval.
tex))
\XKV@depth=\count182
File: xkeyval.tex 2014/12/03 v2.7a key=value parser (HA)
))
\sa@internal=\count183
\c@sapage=\count184

(C:\Users\Rutian Zhou\AppData\Local\Programs\MiKTeX\tex/latex/standalone\standa
lone.cfg
File: standalone.cfg 2018/03/26 v1.3a Default configuration file for 'standalon
e' class
)
(C:\Users\Rutian Zhou\AppData\Local\Programs\MiKTeX\tex/latex/base\article.cls
Document Class: article 2021/02/12 v1.4n Standard LaTeX document class
(C:\Users\Rutian Zhou\AppData\Local\Programs\MiKTeX\tex/latex/base\size11.clo
File: size11.clo 2021/02/12 v1.4n Standard LaTeX file (size option)
)
\c@part=\count185
\c@section=\count186
\c@subsection=\count187
\c@subsubsection=\count188
\c@paragraph=\count189
\c@subparagraph=\count190
\c@figure=\count191
\c@table=\count192
\abovecaptionskip=\skip47
\belowcaptionskip=\skip48
\bibindent=\dimen138
))
(C:\Users\Rutian Zhou\AppData\Local\Programs\MiKTeX\tex/generic/babel\babel.sty
Package: babel 2021/07/22 3.63 The Babel package

(C:\Users\Rutian Zhou\AppData\Local\Programs\MiKTeX\tex/generic/babel\babel.def
File: babel.def 2021/07/22 3.63 Babel common definitions
\babel@savecnt=\count193
\U@D=\dimen139
\l@unhyphenated=\language79

(C:\Users\Rutian Zhou\AppData\Local\Programs\MiKTeX\tex/generic/babel\txtbabel.
def)
\bbl@readstream=\read2
)
\bbl@dirlevel=\count194

*************************************
* Local config file bblopts.cfg used
*

(C:\Users\Rutian Zhou\AppData\Local\Programs\MiKTeX\tex/latex/arabi\bblopts.cfg
File: bblopts.cfg 2005/09/08 v0.1 add Arabic and Farsi to "declared" options of
 babel
)
(C:\Users\Rutian Zhou\AppData\Local\Programs\MiKTeX\tex/latex/babel-english\eng
lish.ldf
Language: english 2017/06/06 v3.3r English support from the babel system
Package babel Info: Hyphen rules for 'canadian' set to \l@english
(babel)             (\language0). Reported on input line 102.
Package babel Info: Hyphen rules for 'australian' set to \l@ukenglish
(babel)             (\language73). Reported on input line 105.
Package babel Info: Hyphen rules for 'newzealand' set to \l@ukenglish
(babel)             (\language73). Reported on input line 108.
))
(C:\Users\Rutian Zhou\AppData\Local\Programs\MiKTeX\tex/latex/base\inputenc.sty
Package: inputenc 2021/02/14 v1.3d Input encoding file
\inpenc@prehook=\toks18
\inpenc@posthook=\toks19
)
(C:\Users\Rutian Zhou\AppData\Local\Programs\MiKTeX\tex/latex/base\fontenc.sty
Package: fontenc 2021/04/29 v2.0v Standard LaTeX package
) (C:\Users\Rutian Zhou\AppData\Local\Programs\MiKTeX\tex/latex/float\float.sty
Package: float 2001/11/08 v1.3d Float enhancements (AL)
\c@float@type=\count195
\float@exts=\toks20
\float@box=\box50
\@float@everytoks=\toks21
\@floatcapt=\box51
) (C:\Users\Rutian Zhou\AppData\Local\Programs\MiKTeX\tex/latex/lm\lmodern.sty
Package: lmodern 2009/10/30 v1.6 Latin Modern Fonts
LaTeX Font Info:    Overwriting symbol font `operators' in version `normal'
(Font)                  OT1/cmr/m/n --> OT1/lmr/m/n on input line 22.
LaTeX Font Info:    Overwriting symbol font `letters' in version `normal'
(Font)                  OML/cmm/m/it --> OML/lmm/m/it on input line 23.
LaTeX Font Info:    Overwriting symbol font `symbols' in version `normal'
(Font)                  OMS/cmsy/m/n --> OMS/lmsy/m/n on input line 24.
LaTeX Font Info:    Overwriting symbol font `largesymbols' in version `normal'
(Font)                  OMX/cmex/m/n --> OMX/lmex/m/n on input line 25.
LaTeX Font Info:    Overwriting symbol font `operators' in version `bold'
(Font)                  OT1/cmr/bx/n --> OT1/lmr/bx/n on input line 26.
LaTeX Font Info:    Overwriting symbol font `letters' in version `bold'
(Font)                  OML/cmm/b/it --> OML/lmm/b/it on input line 27.
LaTeX Font Info:    Overwriting symbol font `symbols' in version `bold'
(Font)                  OMS/cmsy/b/n --> OMS/lmsy/b/n on input line 28.
LaTeX Font Info:    Overwriting symbol font `largesymbols' in version `bold'
(Font)                  OMX/cmex/m/n --> OMX/lmex/m/n on input line 29.
LaTeX Font Info:    Overwriting math alphabet `\mathbf' in version `normal'
(Font)                  OT1/cmr/bx/n --> OT1/lmr/bx/n on input line 31.
LaTeX Font Info:    Overwriting math alphabet `\mathsf' in version `normal'
(Font)                  OT1/cmss/m/n --> OT1/lmss/m/n on input line 32.
LaTeX Font Info:    Overwriting math alphabet `\mathit' in version `normal'
(Font)                  OT1/cmr/m/it --> OT1/lmr/m/it on input line 33.
LaTeX Font Info:    Overwriting math alphabet `\mathtt' in version `normal'
(Font)                  OT1/cmtt/m/n --> OT1/lmtt/m/n on input line 34.
LaTeX Font Info:    Overwriting math alphabet `\mathbf' in version `bold'
(Font)                  OT1/cmr/bx/n --> OT1/lmr/bx/n on input line 35.
LaTeX Font Info:    Overwriting math alphabet `\mathsf' in version `bold'
(Font)                  OT1/cmss/bx/n --> OT1/lmss/bx/n on input line 36.
LaTeX Font Info:    Overwriting math alphabet `\mathit' in version `bold'
(Font)                  OT1/cmr/bx/it --> OT1/lmr/bx/it on input line 37.
LaTeX Font Info:    Overwriting math alphabet `\mathtt' in version `bold'
(Font)                  OT1/cmtt/m/n --> OT1/lmtt/m/n on input line 38.
)
(C:\Users\Rutian Zhou\AppData\Local\Programs\MiKTeX\tex/latex/amsmath\amsmath.s
ty
Package: amsmath 2021/04/20 v2.17j AMS math features
\@mathmargin=\skip49

For additional information on amsmath, use the `?' option.

(C:\Users\Rutian Zhou\AppData\Local\Programs\MiKTeX\tex/latex/amsmath\amstext.s
ty
Package: amstext 2000/06/29 v2.01 AMS text

(C:\Users\Rutian Zhou\AppData\Local\Programs\MiKTeX\tex/latex/amsmath\amsgen.st
y
File: amsgen.sty 1999/11/30 v2.0 generic functions
\@emptytoks=\toks22
\ex@=\dimen140
))
(C:\Users\Rutian Zhou\AppData\Local\Programs\MiKTeX\tex/latex/amsmath\amsbsy.st
y
Package: amsbsy 1999/11/29 v1.2d Bold Symbols
\pmbraise@=\dimen141
)
(C:\Users\Rutian Zhou\AppData\Local\Programs\MiKTeX\tex/latex/amsmath\amsopn.st
y
Package: amsopn 2016/03/08 v2.02 operator names
)
\inf@bad=\count196
LaTeX Info: Redefining \frac on input line 234.
\uproot@=\count197
\leftroot@=\count198
LaTeX Info: Redefining \overline on input line 399.
\classnum@=\count199
\DOTSCASE@=\count266
LaTeX Info: Redefining \ldots on input line 496.
LaTeX Info: Redefining \dots on input line 499.
LaTeX Info: Redefining \cdots on input line 620.
\Mathstrutbox@=\box52
\strutbox@=\box53
\big@size=\dimen142
LaTeX Font Info:    Redeclaring font encoding OML on input line 743.
LaTeX Font Info:    Redeclaring font encoding OMS on input line 744.
\macc@depth=\count267
\c@MaxMatrixCols=\count268
\dotsspace@=\muskip16
\c@parentequation=\count269
\dspbrk@lvl=\count270
\tag@help=\toks23
\row@=\count271
\column@=\count272
\maxfields@=\count273
\andhelp@=\toks24
\eqnshift@=\dimen143
\alignsep@=\dimen144
\tagshift@=\dimen145
\tagwidth@=\dimen146
\totwidth@=\dimen147
\lineht@=\dimen148
\@envbody=\toks25
\multlinegap=\skip50
\multlinetaggap=\skip51
\mathdisplay@stack=\toks26
LaTeX Info: Redefining \[ on input line 2923.
LaTeX Info: Redefining \] on input line 2924.
)
(C:\Users\Rutian Zhou\AppData\Local\Programs\MiKTeX\tex/latex/amsfonts\amssymb.
sty
Package: amssymb 2013/01/14 v3.01 AMS font symbols

(C:\Users\Rutian Zhou\AppData\Local\Programs\MiKTeX\tex/latex/amsfonts\amsfonts
.sty
Package: amsfonts 2013/01/14 v3.01 Basic AMSFonts support
\symAMSa=\mathgroup4
\symAMSb=\mathgroup5
LaTeX Font Info:    Redeclaring math symbol \hbar on input line 98.
LaTeX Font Info:    Overwriting math alphabet `\mathfrak' in version `bold'
(Font)                  U/euf/m/n --> U/euf/b/n on input line 106.
))
(C:\Users\Rutian Zhou\AppData\Local\Programs\MiKTeX\tex/latex/jknappen\mathrsfs
.sty
Package: mathrsfs 1996/01/01 Math RSFS package v1.0 (jk)
\symrsfs=\mathgroup6
)
(C:\Users\Rutian Zhou\AppData\Local\Programs\MiKTeX\tex/latex/graphics\graphicx
.sty
Package: graphicx 2020/12/05 v1.2c Enhanced LaTeX Graphics (DPC,SPQR)

(C:\Users\Rutian Zhou\AppData\Local\Programs\MiKTeX\tex/latex/graphics\graphics
.sty
Package: graphics 2021/03/04 v1.4d Standard LaTeX Graphics (DPC,SPQR)

(C:\Users\Rutian Zhou\AppData\Local\Programs\MiKTeX\tex/latex/graphics\trig.sty
Package: trig 2016/01/03 v1.10 sin cos tan (DPC)
)
(C:\Users\Rutian Zhou\AppData\Local\Programs\MiKTeX\tex/latex/graphics-cfg\grap
hics.cfg
File: graphics.cfg 2016/06/04 v1.11 sample graphics configuration
)
Package graphics Info: Driver file: pdftex.def on input line 107.

(C:\Users\Rutian Zhou\AppData\Local\Programs\MiKTeX\tex/latex/graphics-def\pdft
ex.def
File: pdftex.def 2020/10/05 v1.2a Graphics/color driver for pdftex
))
\Gin@req@height=\dimen149
\Gin@req@width=\dimen150
)
(C:\Users\Rutian Zhou\AppData\Local\Programs\MiKTeX\tex/latex/caption\caption.s
ty
Package: caption 2020/10/26 v3.5g Customizing captions (AR)

(C:\Users\Rutian Zhou\AppData\Local\Programs\MiKTeX\tex/latex/caption\caption3.
sty
Package: caption3 2020/10/21 v2.2e caption3 kernel (AR)
\captionmargin=\dimen151
\captionmargin@=\dimen152
\captionwidth=\dimen153
\caption@tempdima=\dimen154
\caption@indent=\dimen155
\caption@parindent=\dimen156
\caption@hangindent=\dimen157
Package caption Info: Standard document class detected.
)
\c@caption@flags=\count274
\c@continuedfloat=\count275
Package caption Info: float package is loaded.
)
(C:\Users\Rutian Zhou\AppData\Local\Programs\MiKTeX\tex/latex/geometry\geometry
.sty
Package: geometry 2020/01/02 v5.9 Page Geometry

(C:\Users\Rutian Zhou\AppData\Local\Programs\MiKTeX\tex/generic/iftex\ifvtex.st
y
Package: ifvtex 2019/10/25 v1.7 ifvtex legacy package. Use iftex instead.
)
\Gm@cnth=\count276
\Gm@cntv=\count277
\c@Gm@tempcnt=\count278
\Gm@bindingoffset=\dimen158
\Gm@wd@mp=\dimen159
\Gm@odd@mp=\dimen160
\Gm@even@mp=\dimen161
\Gm@layoutwidth=\dimen162
\Gm@layoutheight=\dimen163
\Gm@layouthoffset=\dimen164
\Gm@layoutvoffset=\dimen165
\Gm@dimlist=\toks27

(C:\Users\Rutian Zhou\AppData\Local\Programs\MiKTeX\tex/latex/geometry\geometry
.cfg))
(C:\Users\Rutian Zhou\AppData\Local\Programs\MiKTeX\tex/latex/hyperref\hyperref
.sty
Package: hyperref 2021-06-07 v7.00m Hypertext links for LaTeX

(C:\Users\Rutian Zhou\AppData\Local\Programs\MiKTeX\tex/generic/ltxcmds\ltxcmds
.sty
Package: ltxcmds 2020-05-10 v1.25 LaTeX kernel commands for general use (HO)
)
(C:\Users\Rutian Zhou\AppData\Local\Programs\MiKTeX\tex/generic/pdftexcmds\pdft
excmds.sty
Package: pdftexcmds 2020-06-27 v0.33 Utility functions of pdfTeX for LuaTeX (HO
)

(C:\Users\Rutian Zhou\AppData\Local\Programs\MiKTeX\tex/generic/infwarerr\infwa
rerr.sty
Package: infwarerr 2019/12/03 v1.5 Providing info/warning/error messages (HO)
)
Package pdftexcmds Info: \pdf@primitive is available.
Package pdftexcmds Info: \pdf@ifprimitive is available.
Package pdftexcmds Info: \pdfdraftmode found.
)
(C:\Users\Rutian Zhou\AppData\Local\Programs\MiKTeX\tex/generic/kvsetkeys\kvset
keys.sty
Package: kvsetkeys 2019/12/15 v1.18 Key value parser (HO)
)
(C:\Users\Rutian Zhou\AppData\Local\Programs\MiKTeX\tex/generic/kvdefinekeys\kv
definekeys.sty
Package: kvdefinekeys 2019-12-19 v1.6 Define keys (HO)
)
(C:\Users\Rutian Zhou\AppData\Local\Programs\MiKTeX\tex/generic/pdfescape\pdfes
cape.sty
Package: pdfescape 2019/12/09 v1.15 Implements pdfTeX's escape features (HO)
)
(C:\Users\Rutian Zhou\AppData\Local\Programs\MiKTeX\tex/latex/hycolor\hycolor.s
ty
Package: hycolor 2020-01-27 v1.10 Color options for hyperref/bookmark (HO)
)
(C:\Users\Rutian Zhou\AppData\Local\Programs\MiKTeX\tex/latex/letltxmacro\letlt
xmacro.sty
Package: letltxmacro 2019/12/03 v1.6 Let assignment for LaTeX macros (HO)
)
(C:\Users\Rutian Zhou\AppData\Local\Programs\MiKTeX\tex/latex/auxhook\auxhook.s
ty
Package: auxhook 2019-12-17 v1.6 Hooks for auxiliary files (HO)
)
(C:\Users\Rutian Zhou\AppData\Local\Programs\MiKTeX\tex/latex/kvoptions\kvoptio
ns.sty
Package: kvoptions 2020-10-07 v3.14 Key value format for package options (HO)
)
\@linkdim=\dimen166
\Hy@linkcounter=\count279
\Hy@pagecounter=\count280

(C:\Users\Rutian Zhou\AppData\Local\Programs\MiKTeX\tex/latex/hyperref\pd1enc.d
ef
File: pd1enc.def 2021-06-07 v7.00m Hyperref: PDFDocEncoding definition (HO)
Now handling font encoding PD1 ...
... no UTF-8 mapping file for font encoding PD1
)
(C:\Users\Rutian Zhou\AppData\Local\Programs\MiKTeX\tex/latex/hyperref\hyperref
-langpatches.def
File: hyperref-langpatches.def 2021-06-07 v7.00m Hyperref: patches for babel la
nguages
)
(C:\Users\Rutian Zhou\AppData\Local\Programs\MiKTeX\tex/generic/intcalc\intcalc
.sty
Package: intcalc 2019/12/15 v1.3 Expandable calculations with integers (HO)
)
(C:\Users\Rutian Zhou\AppData\Local\Programs\MiKTeX\tex/generic/etexcmds\etexcm
ds.sty
Package: etexcmds 2019/12/15 v1.7 Avoid name clashes with e-TeX commands (HO)
)
\Hy@SavedSpaceFactor=\count281

(C:\Users\Rutian Zhou\AppData\Local\Programs\MiKTeX\tex/latex/hyperref\puenc.de
f
File: puenc.def 2021-06-07 v7.00m Hyperref: PDF Unicode definition (HO)
Now handling font encoding PU ...
... no UTF-8 mapping file for font encoding PU
)
Package hyperref Info: Option `colorlinks' set `true' on input line 4073.
Package hyperref Info: Option `pdfpagelabels' set `true' on input line 4073.
Package hyperref Info: Option `bookmarksnumbered' set `true' on input line 4073
.
Package hyperref Info: Option `hypertexnames' set `false' on input line 4073.
Package hyperref Info: Option `pdfpagelabels' set `false' on input line 4073.
Package hyperref Info: Hyper figures OFF on input line 4192.
Package hyperref Info: Link nesting OFF on input line 4197.
Package hyperref Info: Hyper index ON on input line 4200.
Package hyperref Info: Plain pages OFF on input line 4207.
Package hyperref Info: Backreferencing OFF on input line 4212.
Package hyperref Info: Implicit mode ON; LaTeX internals redefined.
Package hyperref Info: Bookmarks ON on input line 4445.
\c@Hy@tempcnt=\count282
 (C:\Users\Rutian Zhou\AppData\Local\Programs\MiKTeX\tex/latex/url\url.sty
\Urlmuskip=\muskip17
Package: url 2013/09/16  ver 3.4  Verb mode for urls, etc.
)
LaTeX Info: Redefining \url on input line 4804.
\XeTeXLinkMargin=\dimen167

(C:\Users\Rutian Zhou\AppData\Local\Programs\MiKTeX\tex/generic/bitset\bitset.s
ty
Package: bitset 2019/12/09 v1.3 Handle bit-vector datatype (HO)

(C:\Users\Rutian Zhou\AppData\Local\Programs\MiKTeX\tex/generic/bigintcalc\bigi
ntcalc.sty
Package: bigintcalc 2019/12/15 v1.5 Expandable calculations on big integers (HO
)
))
\Fld@menulength=\count283
\Field@Width=\dimen168
\Fld@charsize=\dimen169
Package hyperref Info: Hyper figures OFF on input line 6076.
Package hyperref Info: Link nesting OFF on input line 6081.
Package hyperref Info: Hyper index ON on input line 6084.
Package hyperref Info: backreferencing OFF on input line 6091.
Package hyperref Info: Link coloring ON on input line 6094.
Package hyperref Info: Link coloring with OCG OFF on input line 6101.
Package hyperref Info: PDF/A mode OFF on input line 6106.
LaTeX Info: Redefining \ref on input line 6146.
LaTeX Info: Redefining \pageref on input line 6150.

(C:\Users\Rutian Zhou\AppData\Local\Programs\MiKTeX\tex/latex/base\atbegshi-ltx
.sty
Package: atbegshi-ltx 2021/01/10 v1.0c Emulation of the original atbegshi
package with kernel methods
)
\c@Item=\count284
\c@Hfootnote=\count285
)
Package hyperref Info: Driver (autodetected): hpdftex.

(C:\Users\Rutian Zhou\AppData\Local\Programs\MiKTeX\tex/latex/hyperref\hpdftex.
def
File: hpdftex.def 2021-06-07 v7.00m Hyperref driver for pdfTeX
\Fld@listcount=\count286
\c@bookmark@seq@number=\count287

(C:\Users\Rutian Zhou\AppData\Local\Programs\MiKTeX\tex/latex/rerunfilecheck\re
runfilecheck.sty
Package: rerunfilecheck 2019/12/05 v1.9 Rerun checks for auxiliary files (HO)

(C:\Users\Rutian Zhou\AppData\Local\Programs\MiKTeX\tex/latex/base\atveryend-lt
x.sty
Package: atveryend-ltx 2020/08/19 v1.0a Emulation of the original atvery packag
e
with kernel methods
)
(C:\Users\Rutian Zhou\AppData\Local\Programs\MiKTeX\tex/generic/uniquecounter\u
niquecounter.sty
Package: uniquecounter 2019/12/15 v1.4 Provide unlimited unique counter (HO)
)
Package uniquecounter Info: New unique counter `rerunfilecheck' on input line 2
86.
)
\Hy@SectionHShift=\skip52
)
(C:\Users\Rutian Zhou\AppData\Local\Programs\MiKTeX\tex/latex/graphics\rotating
.sty
Package: rotating 2016/08/11 v2.16d rotated objects in LaTeX

(C:\Users\Rutian Zhou\AppData\Local\Programs\MiKTeX\tex/latex/base\ifthen.sty
Package: ifthen 2020/11/24 v1.1c Standard LaTeX ifthen package (DPC)
)
\c@r@tfl@t=\count288
\rotFPtop=\skip53
\rotFPbot=\skip54
\rot@float@box=\box54
\rot@mess@toks=\toks28
)
(C:\Users\Rutian Zhou\AppData\Local\Programs\MiKTeX\tex/latex/tocbibind\tocbibi
nd.sty
Package: tocbibind 2010/10/13 v1.5k extra ToC listings
Package tocbibind Info: The document has section divisions on input line 50.


Package tocbibind Note: Using section or other style headings.

)
(C:\Users\Rutian Zhou\AppData\Local\Programs\MiKTeX\tex/latex/natbib\natbib.sty
Package: natbib 2010/09/13 8.31b (PWD, AO)
\bibhang=\skip55
\bibsep=\skip56
LaTeX Info: Redefining \cite on input line 694.
\c@NAT@ctr=\count289
)
(C:\Users\Rutian Zhou\AppData\Local\Programs\MiKTeX\tex/latex/pdfpages\pdfpages
.sty
Package: pdfpages 2024/01/21 v0.5y Insert pages of external PDF documents (AM)

(C:\Users\Rutian Zhou\AppData\Local\Programs\MiKTeX\tex/latex/tools\calc.sty
Package: calc 2017/05/25 v4.3 Infix arithmetic (KKT,FJ)
\calc@Acount=\count290
\calc@Bcount=\count291
\calc@Adimen=\dimen170
\calc@Bdimen=\dimen171
\calc@Askip=\skip57
\calc@Bskip=\skip58
LaTeX Info: Redefining \setlength on input line 80.
LaTeX Info: Redefining \addtolength on input line 81.
\calc@Ccount=\count292
\calc@Cskip=\skip59
)
(C:\Users\Rutian Zhou\AppData\Local\Programs\MiKTeX\tex/latex/eso-pic\eso-pic.s
ty
Package: eso-pic 2023/05/03 v3.0c eso-pic (RN)
\ESO@tempdima=\dimen172
\ESO@tempdimb=\dimen173

(C:\Users\Rutian Zhou\AppData\Local\Programs\MiKTeX\tex/latex/xcolor\xcolor.sty
Package: xcolor 2016/05/11 v2.12 LaTeX color extensions (UK)

(C:\Users\Rutian Zhou\AppData\Local\Programs\MiKTeX\tex/latex/graphics-cfg\colo
r.cfg
File: color.cfg 2016/01/02 v1.6 sample color configuration
)
Package xcolor Info: Driver file: pdftex.def on input line 225.
Package xcolor Info: Model `cmy' substituted by `cmy0' on input line 1348.
Package xcolor Info: Model `hsb' substituted by `rgb' on input line 1352.
Package xcolor Info: Model `RGB' extended on input line 1364.
Package xcolor Info: Model `HTML' substituted by `rgb' on input line 1366.
Package xcolor Info: Model `Hsb' substituted by `hsb' on input line 1367.
Package xcolor Info: Model `tHsb' substituted by `hsb' on input line 1368.
Package xcolor Info: Model `HSB' substituted by `hsb' on input line 1369.
Package xcolor Info: Model `Gray' substituted by `gray' on input line 1370.
Package xcolor Info: Model `wave' substituted by `hsb' on input line 1371.
))
\AM@pagewidth=\dimen174
\AM@pageheight=\dimen175
\AM@fboxrule=\dimen176

(C:\Users\Rutian Zhou\AppData\Local\Programs\MiKTeX\tex/latex/pdfpages\pppdftex
.def
File: pppdftex.def 2024/01/21 v0.5y Pdfpages driver for pdfTeX (AM)
)
\pdfpages@includegraphics@status=\count293
\AM@pagebox=\box55
\AM@global@opts=\toks29
\AM@pagecnt=\count294
\AM@toc@title=\toks30
\AM@lof@heading=\toks31
\c@AM@survey=\count295
\AM@templatesizebox=\box56
)
(C:\Users\Rutian Zhou\AppData\Local\Programs\MiKTeX\tex/latex/chngcntr\chngcntr
.sty
Package: chngcntr 2018/04/09 v1.1a change counter resetting
Package chngcntr Info: \counterwithout already defined.
(chngcntr)             Quitting chngcntr on input line 21.
)
(C:\Users\Rutian Zhou\AppData\Local\Programs\MiKTeX\tex/latex/standalone\standa
lone.sty
Package: standalone 2018/03/26 v1.3a Package to include TeX sub-files with prea
mbles

(C:\Users\Rutian Zhou\AppData\Local\Programs\MiKTeX\tex/latex/currfile\currfile
.sty
Package: currfile 2020/09/29 v0.7d Provides the file path elements of the curre
nt input file

(C:\Users\Rutian Zhou\AppData\Local\Programs\MiKTeX\tex/latex/filehook\filehook
.sty
Package: filehook 2020/09/29 v0.8a Hooks for input files

(C:\Users\Rutian Zhou\AppData\Local\Programs\MiKTeX\tex/latex/filehook\filehook
-2020.sty
Package: filehook-2020 2020/09/29 v0.8a Hooks for input files
))
\c@currfiledepth=\count296
)
\sa@out=\write3
 (Main_MA.sta)
(C:\Users\Rutian Zhou\AppData\Local\Programs\MiKTeX\tex/latex/gincltex\gincltex
.sty
(C:\Users\Rutian Zhou\AppData\Local\Programs\MiKTeX\tex/latex/svn-prov\svn-prov
.sty
Package: svn-prov 2010/04/24 v3.1862 Package Date/Version from SVN Keywords
)
Package: gincltex 2011/09/04 v0.3 Include external LaTeX files like graphics

(C:\Users\Rutian Zhou\AppData\Local\Programs\MiKTeX\tex/latex/adjustbox\adjustb
ox.sty
Package: adjustbox 2020/08/19 v1.3 Adjusting TeX boxes (trim, clip, ...)

(C:\Users\Rutian Zhou\AppData\Local\Programs\MiKTeX\tex/latex/adjustbox\adjcalc
.sty
Package: adjcalc 2012/05/16 v1.1 Provides advanced setlength with multiple back
-ends (calc, etex, pgfmath)
)
(C:\Users\Rutian Zhou\AppData\Local\Programs\MiKTeX\tex/latex/adjustbox\trimcli
p.sty
Package: trimclip 2020/08/19 v1.2 Trim and clip general TeX material

(C:\Users\Rutian Zhou\AppData\Local\Programs\MiKTeX\tex/latex/collectbox\collec
tbox.sty
Package: collectbox 2012/05/17 v0.4b Collect macro arguments as boxes
\collectedbox=\box57
)
\tc@llx=\dimen177
\tc@lly=\dimen178
\tc@urx=\dimen179
\tc@ury=\dimen180
Package trimclip Info: Using driver 'tc-pdftex.def'.

(C:\Users\Rutian Zhou\AppData\Local\Programs\MiKTeX\tex/latex/adjustbox\tc-pdft
ex.def
File: tc-pdftex.def 2019/01/04 v2.2 Clipping driver for pdftex
))
\adjbox@Width=\dimen181
\adjbox@Height=\dimen182
\adjbox@Depth=\dimen183
\adjbox@Totalheight=\dimen184
\adjbox@pwidth=\dimen185
\adjbox@pheight=\dimen186
\adjbox@pdepth=\dimen187
\adjbox@ptotalheight=\dimen188

(C:\Users\Rutian Zhou\AppData\Local\Programs\MiKTeX\tex/latex/ifoddpage\ifoddpa
ge.sty
Package: ifoddpage 2016/04/23 v1.1 Conditionals for odd/even page detection
\c@checkoddpage=\count297
)
(C:\Users\Rutian Zhou\AppData\Local\Programs\MiKTeX\tex/latex/varwidth\varwidth
.sty
Package: varwidth 2009/03/30 ver 0.92;  Variable-width minipages
\@vwid@box=\box58
\sift@deathcycles=\count298
\@vwid@loff=\dimen189
\@vwid@roff=\dimen190
))
\gincltex@box=\box59
)
(C:\Users\Rutian Zhou\AppData\Local\Programs\MiKTeX\tex/latex/filemod\filemod-e
xpmin.sty
Package: filemod-expmin 2011/09/19 v1.2 Get and compare file modification times
 (expandable; minimal)
))
(C:\Users\Rutian Zhou\AppData\Local\Programs\MiKTeX\tex/latex/import\import.sty
Package: import 2020/04/01  v 6.2
)
LaTeX Font Info:    Trying to load font information for T1+lmr on input line 37
.
 (C:\Users\Rutian Zhou\AppData\Local\Programs\MiKTeX\tex/latex/lm\t1lmr.fd
File: t1lmr.fd 2009/10/30 v1.6 Font defs for Latin Modern
)
(C:\Users\Rutian Zhou\AppData\Local\Programs\MiKTeX\tex/latex/l3backend\l3backe
nd-pdftex.def
File: l3backend-pdftex.def 2021-08-04 L3 backend support: PDF output (pdfTeX)
\l__color_backend_stack_int=\count299
\l__pdf_internal_box=\box60
) (Main_MA.aux)
\openout1 = `Main_MA.aux'.

LaTeX Font Info:    Checking defaults for OML/cmm/m/it on input line 37.
LaTeX Font Info:    ... okay on input line 37.
LaTeX Font Info:    Checking defaults for OMS/cmsy/m/n on input line 37.
LaTeX Font Info:    ... okay on input line 37.
LaTeX Font Info:    Checking defaults for OT1/cmr/m/n on input line 37.
LaTeX Font Info:    ... okay on input line 37.
LaTeX Font Info:    Checking defaults for T1/cmr/m/n on input line 37.
LaTeX Font Info:    ... okay on input line 37.
LaTeX Font Info:    Checking defaults for TS1/cmr/m/n on input line 37.
LaTeX Font Info:    ... okay on input line 37.
LaTeX Font Info:    Checking defaults for OMX/cmex/m/n on input line 37.
LaTeX Font Info:    ... okay on input line 37.
LaTeX Font Info:    Checking defaults for U/cmr/m/n on input line 37.
LaTeX Font Info:    ... okay on input line 37.
LaTeX Font Info:    Checking defaults for PD1/pdf/m/n on input line 37.
LaTeX Font Info:    ... okay on input line 37.
LaTeX Font Info:    Checking defaults for PU/pdf/m/n on input line 37.
LaTeX Font Info:    ... okay on input line 37.
 (Main_MA.sta
(C:\Users\Rutian Zhou\AppData\Local\Programs\MiKTeX\tex/latex/natbib\bibentry.s
ty
Package: bibentry 2007/10/30 1.5 (PWD)
)

! LaTeX Error: Option clash for package xcolor.

See the LaTeX manual or LaTeX Companion for explanation.
Type  H <return>  for immediate help.
 ...                                              
                                                  
l.3 ...ntry}\usepackage [table]{xcolor} \setlength
                                                   \arrayrulewidth {1pt}\use...

The package xcolor has already been loaded with options:
  []
There has now been an attempt to load it with options
  [table]
Adding the global options:
  ,table
to your \documentclass declaration may fix this.
Try typing  <return>  to proceed.


(C:\Users\Rutian Zhou\AppData\Local\Programs\MiKTeX\tex/latex/footmisc\footmisc
.sty
Package: footmisc 2022/03/08 v6.0d a miscellany of footnote facilities
\FN@temptoken=\toks32
\footnotemargin=\dimen191
\@outputbox@depth=\dimen192
Package footmisc Info: Declaring symbol style bringhurst on input line 695.
Package footmisc Info: Declaring symbol style chicago on input line 703.
Package footmisc Info: Declaring symbol style wiley on input line 712.
Package footmisc Info: Declaring symbol style lamport-robust on input line 723.

Package footmisc Info: Declaring symbol style lamport* on input line 743.
Package footmisc Info: Declaring symbol style lamport*-robust on input line 764
.
)
(C:\Users\Rutian Zhou\AppData\Local\Programs\MiKTeX\tex/latex/base\fontenc.sty
Package: fontenc 2021/04/29 v2.0v Standard LaTeX package
)

! LaTeX Error: Option clash for package babel.

See the LaTeX manual or LaTeX Companion for explanation.
Type  H <return>  for immediate help.
 ...                                              
                                                  
l.6 \usepackage [ngerman]{babel}\usepackage
                                            [utf8]{inputenc}\usepackage [T1]...

The package babel has already been loaded with options:
  [english]
There has now been an attempt to load it with options
  [ngerman]
Adding the global options:
  english,ngerman
to your \documentclass declaration may fix this.
Try typing  <return>  to proceed.

(C:\Users\Rutian Zhou\AppData\Local\Programs\MiKTeX\tex/latex/base\fontenc.sty
Package: fontenc 2021/04/29 v2.0v Standard LaTeX package
)
(C:\Users\Rutian Zhou\AppData\Local\Programs\MiKTeX\tex/latex/caption\subcaptio
n.sty
Package: subcaption 2020/10/07 v1.3j Sub-captions (AR)
\c@subfigure=\count300
\c@subtable=\count301
)
(C:\Users\Rutian Zhou\AppData\Local\Programs\MiKTeX\tex/latex/tablefootnote\tab
lefootnote.sty
Package: tablefootnote 2014/01/26 v1.1c Table foot notes (HMM)

(C:\Users\Rutian Zhou\AppData\Local\Programs\MiKTeX\tex/latex/xifthen\xifthen.s
ty
Package: xifthen 2015/11/05 v1.4.0 Extended ifthen features

(C:\Users\Rutian Zhou\AppData\Local\Programs\MiKTeX\tex/latex/ifmtarg\ifmtarg.s
ty
Package: ifmtarg 2018/04/16 v1.2b check for an empty argument
))
(C:\Users\Rutian Zhou\AppData\Local\Programs\MiKTeX\tex/latex/etoolbox\etoolbox
.sty
Package: etoolbox 2020/10/05 v2.5k e-TeX tools for LaTeX (JAW)
\etb@tempcnta=\count302
))
(C:\Users\Rutian Zhou\AppData\Local\Programs\MiKTeX\tex/latex/amsrefs\textcmds.
sty
Package: textcmds 2012/08/02 v2.00
)
(C:\Users\Rutian Zhou\AppData\Local\Programs\MiKTeX\tex/latex/enumitem\enumitem
.sty
Package: enumitem 2019/06/20 v3.9 Customized lists
\enitkv@toks@=\toks33
\labelindent=\skip60
\enit@outerparindent=\dimen193
\enit@toks=\toks34
\enit@inbox=\box61
\enit@count@id=\count303
\enitdp@description=\count304
)
(C:\Users\Rutian Zhou\AppData\Local\Programs\MiKTeX\tex/latex/sidecap\sidecap.s
ty
Package: sidecap 2003/06/06 v1.6f SideCap Package (RN/HjG)
\SC@BOXWD=\dimen194
\SC@CAPWD=\dimen195
\SC@tempdima=\dimen196
\SC@tempdimb=\dimen197
\c@SC@C=\count305
\SC@BOX=\box62

(C:\Users\Rutian Zhou\AppData\Local\Programs\MiKTeX\tex/latex/ragged2e\ragged2e
.sty
Package: ragged2e 2021/02/05 v3.0 ragged2e Package
\CenteringLeftskip=\skip61
\RaggedLeftLeftskip=\skip62
\RaggedRightLeftskip=\skip63
\CenteringRightskip=\skip64
\RaggedLeftRightskip=\skip65
\RaggedRightRightskip=\skip66
\CenteringParfillskip=\skip67
\RaggedLeftParfillskip=\skip68
\RaggedRightParfillskip=\skip69
\JustifyingParfillskip=\skip70
\CenteringParindent=\skip71
\RaggedLeftParindent=\skip72
\RaggedRightParindent=\skip73
\JustifyingParindent=\skip74
))
(C:\Users\Rutian Zhou\AppData\Local\Programs\MiKTeX\tex/latex/base\fontenc.sty
Package: fontenc 2021/04/29 v2.0v Standard LaTeX package
) (C:\Users\Rutian Zhou\AppData\Local\Programs\MiKTeX\tex/latex/base\fontenc.st
y
Package: fontenc 2021/04/29 v2.0v Standard LaTeX package
)
(C:\Users\Rutian Zhou\AppData\Local\Programs\MiKTeX\tex/latex/base\fontenc.sty
Package: fontenc 2021/04/29 v2.0v Standard LaTeX package
) (C:\Users\Rutian Zhou\AppData\Local\Programs\MiKTeX\tex/latex/base\fontenc.st
y
Package: fontenc 2021/04/29 v2.0v Standard LaTeX package
)
(C:\Users\Rutian Zhou\AppData\Local\Programs\MiKTeX\tex/latex/base\fontenc.sty
Package: fontenc 2021/04/29 v2.0v Standard LaTeX package
) (C:\Users\Rutian Zhou\AppData\Local\Programs\MiKTeX\tex/latex/base\fontenc.st
y
Package: fontenc 2021/04/29 v2.0v Standard LaTeX package
)
(C:\Users\Rutian Zhou\AppData\Local\Programs\MiKTeX\tex/latex/tools\tabularx.st
y
Package: tabularx 2020/01/15 v2.11c `tabularx' package (DPC)
 (C:\Users\Rutian Zhou\AppData\Local\Programs\MiKTeX\tex/latex/tools\array.sty
Package: array 2021/04/20 v2.5e Tabular extension package (FMi)
\col@sep=\dimen198
\ar@mcellbox=\box63
\extrarowheight=\dimen199
\NC@list=\toks35
\extratabsurround=\skip75
\backup@length=\skip76
\ar@cellbox=\box64
)
\TX@col@width=\dimen256
\TX@old@table=\dimen257
\TX@old@col=\dimen258
\TX@target=\dimen259
\TX@delta=\dimen260
\TX@cols=\count306
\TX@ftn=\toks36
)
(C:\Users\Rutian Zhou\AppData\Local\Programs\MiKTeX\tex/latex/base\fontenc.sty
Package: fontenc 2021/04/29 v2.0v Standard LaTeX package
))
\openout3 = `Main_MA.sta'.


(C:\Users\Rutian Zhou\AppData\Local\Programs\MiKTeX\tex/context/base/mkii\supp-
pdf.mkii
[Loading MPS to PDF converter (version 2006.09.02).]
\scratchcounter=\count307
\scratchdimen=\dimen261
\scratchbox=\box65
\nofMPsegments=\count308
\nofMParguments=\count309
\everyMPshowfont=\toks37
\MPscratchCnt=\count310
\MPscratchDim=\dimen262
\MPnumerator=\count311
\makeMPintoPDFobject=\count312
\everyMPtoPDFconversion=\toks38
)
(C:\Users\Rutian Zhou\AppData\Local\Programs\MiKTeX\tex/latex/epstopdf-pkg\epst
opdf-base.sty
Package: epstopdf-base 2020-01-24 v2.11 Base part for package epstopdf

(C:\Users\Rutian Zhou\AppData\Local\Programs\MiKTeX\tex/latex/grfext\grfext.sty
Package: grfext 2019/12/03 v1.3 Manage graphics extensions (HO)
)
Package epstopdf-base Info: Redefining graphics rule for `.eps' on input line 4
85.
Package grfext Info: Graphics extension search list:
(grfext)             [.pdf,.png,.jpg,.mps,.jpeg,.jbig2,.jb2,.PDF,.PNG,.JPG,.JPE
G,.JBIG2,.JB2,.eps]
(grfext)             \AppendGraphicsExtensions on input line 504.

(C:\Users\Rutian Zhou\AppData\Local\Programs\MiKTeX\tex/latex/00miktex\epstopdf
-sys.cfg
File: epstopdf-sys.cfg 2021/03/18 v2.0 Configuration of epstopdf for MiKTeX
))
Package caption Info: Begin \AtBeginDocument code.
Package caption Info: hyperref package is loaded.
Package caption Info: rotating package is loaded.
Package caption Info: sidecap package is loaded.
Package caption Info: End \AtBeginDocument code.

*geometry* driver: auto-detecting
*geometry* detected driver: pdftex
*geometry* verbose mode - [ preamble ] result:
* driver: pdftex
* paper: <default>
* layout: <same size as paper>
* layoutoffset:(h,v)=(0.0pt,0.0pt)
* modes: 
* h-part:(L,W,R)=(107.97821pt, 398.33858pt, 107.97821pt)
* v-part:(T,H,B)=(95.39737pt, 556.47656pt, 143.09605pt)
* \paperwidth=614.295pt
* \paperheight=794.96999pt
* \textwidth=398.33858pt
* \textheight=556.47656pt
* \oddsidemargin=35.70822pt
* \evensidemargin=35.70822pt
* \topmargin=-13.87262pt
* \headheight=12.0pt
* \headsep=25.0pt
* \topskip=11.0pt
* \footskip=30.0pt
* \marginparwidth=59.0pt
* \marginparsep=10.0pt
* \columnsep=10.0pt
* \skip\footins=10.0pt plus 4.0pt minus 2.0pt
* \hoffset=0.0pt
* \voffset=0.0pt
* \mag=1000
* \@twocolumnfalse
* \@twosidefalse
* \@mparswitchfalse
* \@reversemarginfalse
* (1in=72.27pt=25.4mm, 1cm=28.453pt)

Package hyperref Info: Link coloring ON on input line 37.

(C:\Users\Rutian Zhou\AppData\Local\Programs\MiKTeX\tex/latex/hyperref\nameref.
sty
Package: nameref 2021-04-02 v2.47 Cross-referencing by name of section

(C:\Users\Rutian Zhou\AppData\Local\Programs\MiKTeX\tex/latex/refcount\refcount
.sty
Package: refcount 2019/12/15 v3.6 Data extraction from label references (HO)
)
(C:\Users\Rutian Zhou\AppData\Local\Programs\MiKTeX\tex/generic/gettitlestring\
gettitlestring.sty
Package: gettitlestring 2019/12/15 v1.6 Cleanup title references (HO)
)
\c@section@level=\count313
)
LaTeX Info: Redefining \ref on input line 37.
LaTeX Info: Redefining \pageref on input line 37.
LaTeX Info: Redefining \nameref on input line 37.
 (Main_MA.out) (Main_MA.out)
\@outlinefile=\write4
\openout4 = `Main_MA.out'.


(C:\Users\Rutian Zhou\AppData\Local\Programs\MiKTeX\tex/latex/pdflscape\pdflsca
pe.sty
Package: pdflscape 2022-10-27 v0.13 Display of landscape pages in PDF

(C:\Users\Rutian Zhou\AppData\Local\Programs\MiKTeX\tex/latex/pdflscape\pdflsca
pe-nometadata.sty
Package: pdflscape-nometadata 2022-10-28 v0.13 Display of landscape pages in PD
F (HO)

(C:\Users\Rutian Zhou\AppData\Local\Programs\MiKTeX\tex/latex/graphics\lscape.s
ty
Package: lscape 2020/05/28 v3.02 Landscape Pages (DPC)
)
Package pdflscape Info: Auto-detected driver: pdftex on input line 81.
)) (sections/../CoverSheet.tex
Overfull \hbox (26.66142pt too wide) in paragraph at lines 24--24
 [][] 
 []


Overfull \hbox (26.66142pt too wide) in paragraph at lines 31--31
 [][] 
 []

<../figures/uni_logo.png, id=202, 1204.5pt x 656.4525pt>
File: ../figures/uni_logo.png Graphic file (type png)
<use ../figures/uni_logo.png>
Package pdftex.def Info: ../figures/uni_logo.png  used on input line 49.
(pdftex.def)             Requested size: 119.50278pt x 65.12822pt.
[1

{C:/Users/Rutian Zhou/AppData/Local/MiKTeX/pdftex/config/pdftex.map} <../figure
s/uni_logo.png>]) [1]
<PA_Erklaerung.pdf, id=216, 597.55246pt x 845.07724pt>
File: PA_Erklaerung.pdf Graphic file (type pdf)
<use PA_Erklaerung.pdf>
Package pdftex.def Info: PA_Erklaerung.pdf  used on input line 46.
(pdftex.def)             Requested size: 597.551pt x 845.07518pt.
File: PA_Erklaerung.pdf Graphic file (type pdf)
<use PA_Erklaerung.pdf>
Package pdftex.def Info: PA_Erklaerung.pdf  used on input line 46.
(pdftex.def)             Requested size: 597.551pt x 845.07518pt.
<PA_Erklaerung.pdf, id=219, page=1, 597.55246pt x 845.07724pt>
File: PA_Erklaerung.pdf Graphic file (type pdf)
<use PA_Erklaerung.pdf, page 1>
Package pdftex.def Info: PA_Erklaerung.pdf , page1 used on input line 46.
(pdftex.def)             Requested size: 597.551pt x 845.07518pt.
File: PA_Erklaerung.pdf Graphic file (type pdf)
<use PA_Erklaerung.pdf, page 1>
Package pdftex.def Info: PA_Erklaerung.pdf , page1 used on input line 46.
(pdftex.def)             Requested size: 562.1644pt x 795.03036pt.
File: PA_Erklaerung.pdf Graphic file (type pdf)
<use PA_Erklaerung.pdf, page 1>
Package pdftex.def Info: PA_Erklaerung.pdf , page1 used on input line 46.
(pdftex.def)             Requested size: 562.1644pt x 795.03036pt.
File: PA_Erklaerung.pdf Graphic file (type pdf)
<use PA_Erklaerung.pdf, page 1>
Package pdftex.def Info: PA_Erklaerung.pdf , page1 used on input line 46.
(pdftex.def)             Requested size: 562.1644pt x 795.03036pt.
File: PA_Erklaerung.pdf Graphic file (type pdf)
<use PA_Erklaerung.pdf, page 1>
Package pdftex.def Info: PA_Erklaerung.pdf , page1 used on input line 46.
(pdftex.def)             Requested size: 562.1644pt x 795.03036pt.
 [2

 <./PA_Erklaerung.pdf>] [3]
(sections/../Abstract_DE.tex
Overfull \hbox (11.21066pt too wide) in paragraph at lines 24--27
\T1/lmr/m/n/10.95 Net-zw-erke mod-el-lieren. Wenn neuar-tige vi-suelle Eingaben
 durch feedforward-Eingaben
 []


Overfull \hbox (4.71303pt too wide) in paragraph at lines 24--27
\T1/lmr/m/n/10.95 Net-zw-erken unter ver-schiede-nen In-ter-ak-tions-be-din-gun
-gen kön-nen die bish-eri-gen Mod-
 []

[1]) [1] (sections/../Abstract_EN.tex [1]) [1] (Main_MA.toc
LaTeX Font Info:    Trying to load font information for OT1+lmr on input line 3
.

(C:\Users\Rutian Zhou\AppData\Local\Programs\MiKTeX\tex/latex/lm\ot1lmr.fd
File: ot1lmr.fd 2009/10/30 v1.6 Font defs for Latin Modern
)
LaTeX Font Info:    Trying to load font information for OML+lmm on input line 3
.

(C:\Users\Rutian Zhou\AppData\Local\Programs\MiKTeX\tex/latex/lm\omllmm.fd
File: omllmm.fd 2009/10/30 v1.6 Font defs for Latin Modern
)
LaTeX Font Info:    Trying to load font information for OMS+lmsy on input line 
3.

(C:\Users\Rutian Zhou\AppData\Local\Programs\MiKTeX\tex/latex/lm\omslmsy.fd
File: omslmsy.fd 2009/10/30 v1.6 Font defs for Latin Modern
)
LaTeX Font Info:    Trying to load font information for OMX+lmex on input line 
3.

(C:\Users\Rutian Zhou\AppData\Local\Programs\MiKTeX\tex/latex/lm\omxlmex.fd
File: omxlmex.fd 2009/10/30 v1.6 Font defs for Latin Modern
)
LaTeX Font Info:    External font `lmex10' loaded for size
(Font)              <10.95> on input line 3.
LaTeX Font Info:    External font `lmex10' loaded for size
(Font)              <8> on input line 3.
LaTeX Font Info:    External font `lmex10' loaded for size
(Font)              <6> on input line 3.
LaTeX Font Info:    Trying to load font information for U+msa on input line 3.

(C:\Users\Rutian Zhou\AppData\Local\Programs\MiKTeX\tex/latex/amsfonts\umsa.fd
File: umsa.fd 2013/01/14 v3.01 AMS symbols A
)
LaTeX Font Info:    Trying to load font information for U+msb on input line 3.
(C:\Users\Rutian Zhou\AppData\Local\Programs\MiKTeX\tex/latex/amsfonts\umsb.fd
File: umsb.fd 2013/01/14 v3.01 AMS symbols B
)
LaTeX Font Info:    Trying to load font information for U+rsfs on input line 3.


(C:\Users\Rutian Zhou\AppData\Local\Programs\MiKTeX\tex/latex/jknappen\ursfs.fd
File: ursfs.fd 1998/03/24 rsfs font definition file (jk)
)
Overfull \hbox (3.06995pt too wide) in paragraph at lines 54--54
 [][] [][][]\T1/lmr/m/n/10.95 Alignment to Spon-ta-neous Ac-tiv-ity In-creases 
with larger Align- 
 []


Overfull \hbox (5.59409pt too wide) in paragraph at lines 55--55
 [][] [][][]\T1/lmr/m/n/10.95 Evaluation of Feed-for-ward Re-cur-rent Align-men
t Mod-u-la-tions for asym- 
 []

[1]
Overfull \hbox (17.18185pt too wide) in paragraph at lines 80--80
 [][] [][][]\T1/lmr/m/n/10.95 Iterative Feed-for-ward Re-cur-rent Align-ment fr
om Low-dimensional 
 []


Overfull \hbox (14.2627pt too wide) in paragraph at lines 83--83
 [][] [][][]\T1/lmr/m/n/10.95 Feedforward Re-cur-rent Align-ment Score In-creas
es through Learn- 
 []

)
\tf@toc=\write5
\openout5 = `Main_MA.toc'.

 [2] (sections/../Introduction.tex
<../figures/visual_system.png, id=370, 874.01532pt x 520.94624pt>
File: ../figures/visual_system.png Graphic file (type png)
<use ../figures/visual_system.png>
Package pdftex.def Info: ../figures/visual_system.png  used on input line 35.
(pdftex.def)             Requested size: 398.33858pt x 237.42836pt.


Package caption Warning: The option `hypcap=true' will be ignored for this
(caption)                particular \caption on input line 36.
See the caption package documentation for explanation.

LaTeX Font Info:    Trying to load font information for T1+lmss on input line 3
6.
(C:\Users\Rutian Zhou\AppData\Local\Programs\MiKTeX\tex/latex/lm\t1lmss.fd
File: t1lmss.fd 2009/10/30 v1.6 Font defs for Latin Modern
)
[3

]
Overfull \hbox (0.78537pt too wide) in paragraph at lines 40--41
[]\T1/lmr/m/n/10.95 The fer-ret is a species with a well-defined mod-u-lar net-
work of orientation-selective
 []

<../figures/time_scale.png, id=407, 519.44063pt x 122.70844pt>
File: ../figures/time_scale.png Graphic file (type png)
<use ../figures/time_scale.png>
Package pdftex.def Info: ../figures/time_scale.png  used on input line 43.
(pdftex.def)             Requested size: 278.83578pt x 65.86836pt.

Package caption Warning: The option `hypcap=true' will be ignored for this
(caption)                particular \caption on input line 44.
See the caption package documentation for explanation.

[4 <../figures/visual_system.png> <../figures/time_scale.png>]
Overfull \hbox (7.01749pt too wide) in paragraph at lines 54--57
\T1/lmr/m/n/10.95 pli-fi-ca-tion within sub-net-works of coac-tive net-work uni
ts [[], [], [],
 []

[5] [6]
<../figures/work_structure.png, id=486, 556.32843pt x 360.59718pt>
File: ../figures/work_structure.png Graphic file (type png)
<use ../figures/work_structure.png>
Package pdftex.def Info: ../figures/work_structure.png  used on input line 78.
(pdftex.def)             Requested size: 278.83578pt x 180.73833pt.


Package caption Warning: The option `hypcap=true' will be ignored for this
(caption)                particular \caption on input line 79.
See the caption package documentation for explanation.

) [7 <../figures/work_structure.png>] (sections/../Methods.tex
<../figures/sym_net.pdf, id=496, 82.12694pt x 70.36826pt>
File: ../figures/sym_net.pdf Graphic file (type pdf)
<use ../figures/sym_net.pdf>
Package pdftex.def Info: ../figures/sym_net.pdf  used on input line 33.
(pdftex.def)             Requested size: 111.29361pt x 95.36024pt.
<../figures/sym_recurrent.pdf, id=497, 274.33029pt x 110.87727pt>
File: ../figures/sym_recurrent.pdf Graphic file (type pdf)
<use ../figures/sym_recurrent.pdf>
Package pdftex.def Info: ../figures/sym_recurrent.pdf  used on input line 41.
(pdftex.def)             Requested size: 222.58722pt x 89.96405pt.

Overfull \hbox (63.25423pt too wide) in paragraph at lines 41--43
 [][] 
 []


Package caption Warning: The option `hypcap=true' will be ignored for this
(caption)                particular \caption on input line 45.
See the caption package documentation for explanation.

[8

 <../figures/sym_net.pdf> <../figures/sym_recurrent.pdf

pdfTeX warning: pdflatex.exe (file ../figures/sym_recurrent.pdf): PDF inclusion
: multiple pdfs with page group included in a single page
>] [9]
LaTeX Font Info:    External font `lmex10' loaded for size
(Font)              <9> on input line 109.
LaTeX Font Info:    External font `lmex10' loaded for size
(Font)              <5> on input line 109.
 [10] [11] [12]
Overfull \hbox (5.36711pt too wide) in paragraph at lines 235--237
\T1/lmr/m/n/10.95 in which the pa-ram-e-ter $\OML/lmm/m/it/10.95 M[] \OT1/lmr/m
/n/10.95 := \OML/lmm/m/it/10.95 []$ \T1/lmr/m/n/10.95 and $\OML/lmm/m/it/10.9
5 []$ \T1/lmr/m/n/10.95 re-flects the di-men-sion-al-ity [[]]
 []

[13] [14] [15]
<../figures/asym_net.pdf, id=635, 81.4576pt x 73.88393pt>
File: ../figures/asym_net.pdf Graphic file (type pdf)
<use ../figures/asym_net.pdf>
Package pdftex.def Info: ../figures/asym_net.pdf  used on input line 314.
(pdftex.def)             Requested size: 111.29361pt x 100.9509pt.
<../figures/asym_recurrent.pdf, id=636, 274.33029pt x 110.87727pt>
File: ../figures/asym_recurrent.pdf Graphic file (type pdf)
<use ../figures/asym_recurrent.pdf>
Package pdftex.def Info: ../figures/asym_recurrent.pdf  used on input line 322.

(pdftex.def)             Requested size: 222.58722pt x 89.96405pt.

Overfull \hbox (63.25423pt too wide) in paragraph at lines 322--324
 [][] 
 []


Package caption Warning: The option `hypcap=true' will be ignored for this
(caption)                particular \caption on input line 326.
See the caption package documentation for explanation.

[16

 <../figures/asym_net.pdf> <../figures/asym_recurrent.pdf

pdfTeX warning: pdflatex.exe (file ../figures/asym_recurrent.pdf): PDF inclusio
n: multiple pdfs with page group included in a single page
>]
<../figures/asym_eigval_distribution.pdf, id=661, 1340.8659pt x 380.21127pt>
File: ../figures/asym_eigval_distribution.pdf Graphic file (type pdf)
<use ../figures/asym_eigval_distribution.pdf>
Package pdftex.def Info: ../figures/asym_eigval_distribution.pdf  used on input
 line 372.
(pdftex.def)             Requested size: 398.33858pt x 112.95036pt.


Package caption Warning: The option `hypcap=true' will be ignored for this
(caption)                particular \caption on input line 373.
See the caption package documentation for explanation.

LaTeX Font Info:    External font `lmex10' loaded for size
(Font)              <10> on input line 373.
LaTeX Font Info:    External font `lmex10' loaded for size
(Font)              <7> on input line 373.
[17] [18 <../figures/asym_eigval_distribution.pdf>] [19]
Overfull \hbox (3.89221pt too wide) in paragraph at lines 426--429
\T1/lmr/m/n/10.95 The so-lu-tion of evoked ac-tiv-ity is ap-prox-i-mated by Eul
er-Maruyama scheme eq.([][]2.20[][]).
 []

LaTeX Font Info:    Trying to load font information for TS1+lmr on input line 4
37.
(C:\Users\Rutian Zhou\AppData\Local\Programs\MiKTeX\tex/latex/lm\ts1lmr.fd
File: ts1lmr.fd 2009/10/30 v1.6 Font defs for Latin Modern
)
[20]
Overfull \hbox (16.57307pt too wide) in paragraph at lines 447--448
[]\T1/lmr/m/n/10.95 Analogously, cal-cu-lat-ing the ef-fec-tive di-men-sion-al-
ity an-a-lyt-i-cally de-fined by eq.([][]2.32[][])
 []

[21]
<../figures/low_rank_RNN_without_noise.jpg, id=759, 1459.4525pt x 464.73625pt>
File: ../figures/low_rank_RNN_without_noise.jpg Graphic file (type jpg)
<use ../figures/low_rank_RNN_without_noise.jpg>
Package pdftex.def Info: ../figures/low_rank_RNN_without_noise.jpg  used on inp
ut line 477.
(pdftex.def)             Requested size: 239.00557pt x 76.10378pt.


Package caption Warning: The option `hypcap=true' will be ignored for this
(caption)                particular \caption on input line 478.
See the caption package documentation for explanation.

[22

 <../figures/low_rank_RNN_without_noise.jpg>]
<../figures/low_rank_RNN_with_noise.pdf, id=776, 1404.5277pt x 405.08633pt>
File: ../figures/low_rank_RNN_with_noise.pdf Graphic file (type pdf)
<use ../figures/low_rank_RNN_with_noise.pdf>
Package pdftex.def Info: ../figures/low_rank_RNN_with_noise.pdf  used on input 
line 491.
(pdftex.def)             Requested size: 298.75392pt x 86.16469pt.


Package caption Warning: The option `hypcap=true' will be ignored for this
(caption)                particular \caption on input line 492.
See the caption package documentation for explanation.


Overfull \hbox (9.43993pt too wide) in paragraph at lines 502--502
[]\T1/lmr/bx/n/10.95 Feedforward Re-cur-rent Align-ment Hy-poth-e-sis with Low-
rank RNNs 
 []

[23 <../figures/low_rank_RNN_with_noise.pdf>]
Overfull \hbox (0.67087pt too wide) in paragraph at lines 517--517
[]\T1/lmr/bx/n/10.95 Evaluation of Feed-for-ward Re-cur-rent Align-ment Hy-poth
-e-sis Based
 []

[24]
Overfull \hbox (8.38245pt too wide) in paragraph at lines 522--523
[]\T1/lmr/m/n/10.95 Dimensionality in both an-a-lyt-i-cal and em-pir-i-cal for-
mu-la-tions $\OML/lmm/m/it/10.95 d[]$ \T1/lmr/m/n/10.95 and $\OML/lmm/m/it/10.9
5 d[]$
 []

[25] [26

] [27] [28] [29] [30] [31]
<../figures/feedforward_recurrent.pdf, id=914, 255.93503pt x 126.86894pt>
File: ../figures/feedforward_recurrent.pdf Graphic file (type pdf)
<use ../figures/feedforward_recurrent.pdf>
Package pdftex.def Info: ../figures/feedforward_recurrent.pdf  used on input li
ne 693.
(pdftex.def)             Requested size: 199.16928pt x 98.7328pt.


Package caption Warning: The option `hypcap=true' will be ignored for this
(caption)                particular \caption on input line 694.
See the caption package documentation for explanation.

[32

 <../figures/feedforward_recurrent.pdf>]
<../figures/single_neuron_feedforward_recurrent.pdf, id=933, 264.23793pt x 121.
22018pt>
File: ../figures/single_neuron_feedforward_recurrent.pdf Graphic file (type pdf
)
<use ../figures/single_neuron_feedforward_recurrent.pdf>
Package pdftex.def Info: ../figures/single_neuron_feedforward_recurrent.pdf  us
ed on input line 715.
(pdftex.def)             Requested size: 199.16928pt x 91.36992pt.


Package caption Warning: The option `hypcap=true' will be ignored for this
(caption)                particular \caption on input line 716.
See the caption package documentation for explanation.

[33 <../figures/single_neuron_feedforward_recurrent.pdf>] [34] [35] [36]
[37]) [38] (sections/../Results.tex [39

]
<../figures/ttc_sym.png, id=1030, 462.528pt x 346.896pt>
File: ../figures/ttc_sym.png Graphic file (type png)
<use ../figures/ttc_sym.png>
Package pdftex.def Info: ../figures/ttc_sym.png  used on input line 64.
(pdftex.def)             Requested size: 199.16928pt x 149.37938pt.


Package caption Warning: The option `hypcap=true' will be ignored for this
(caption)                particular \caption on input line 66.
See the caption package documentation for explanation.


Underfull \hbox (badness 2894) in paragraph at lines 66--66
\T1/lmr/bx/n/10 for-ward re-cur-rent align-ment and
 []

[40 <../figures/ttc_sym.png>]
<../figures/its_sym.png, id=1051, 462.528pt x 346.896pt>
File: ../figures/its_sym.png Graphic file (type png)
<use ../figures/its_sym.png>
Package pdftex.def Info: ../figures/its_sym.png  used on input line 84.
(pdftex.def)             Requested size: 199.16928pt x 149.37938pt.


Package caption Warning: The option `hypcap=true' will be ignored for this
(caption)                particular \caption on input line 86.
See the caption package documentation for explanation.


Underfull \hbox (badness 2894) in paragraph at lines 86--86
\T1/lmr/bx/n/10 for-ward re-cur-rent align-ment and
 []


Underfull \hbox (badness 1635) in paragraph at lines 86--86
\T1/lmr/bx/n/10 intra-trial sta-bil-ity for sym-met-ric
 []

[41 <../figures/its_sym.png>] [42]
<../figures/dim_align_rand_sym.png, id=1079, 462.528pt x 346.896pt>
File: ../figures/dim_align_rand_sym.png Graphic file (type png)
<use ../figures/dim_align_rand_sym.png>
Package pdftex.def Info: ../figures/dim_align_rand_sym.png  used on input line 
110.
(pdftex.def)             Requested size: 179.25113pt x 134.43668pt.
<../figures/dim_sym.png, id=1080, 462.528pt x 346.896pt>
File: ../figures/dim_sym.png Graphic file (type png)
<use ../figures/dim_sym.png>
Package pdftex.def Info: ../figures/dim_sym.png  used on input line 114.
(pdftex.def)             Requested size: 179.25113pt x 134.43668pt.


Package caption Warning: The option `hypcap=true' will be ignored for this
(caption)                particular \caption on input line 119.
See the caption package documentation for explanation.

[43 <../figures/dim_align_rand_sym.png> <../figures/dim_sym.png>]
<../figures/align_to_spont_act_variance_ratio.png, id=1102, 462.528pt x 346.896
pt>
File: ../figures/align_to_spont_act_variance_ratio.png Graphic file (type png)
<use ../figures/align_to_spont_act_variance_ratio.png>
Package pdftex.def Info: ../figures/align_to_spont_act_variance_ratio.png  used
 on input line 141.
(pdftex.def)             Requested size: 179.25113pt x 134.43668pt.
<../figures/spont_align_ffrec_sym.png, id=1103, 462.528pt x 346.896pt>
File: ../figures/spont_align_ffrec_sym.png Graphic file (type png)
<use ../figures/spont_align_ffrec_sym.png>
Package pdftex.def Info: ../figures/spont_align_ffrec_sym.png  used on input li
ne 146.
(pdftex.def)             Requested size: 179.25113pt x 134.43668pt.


Package caption Warning: The option `hypcap=true' will be ignored for this
(caption)                particular \caption on input line 151.
See the caption package documentation for explanation.

[44 <../figures/align_to_spont_act_variance_ratio.png> <../figures/spont_align_
ffrec_sym.png>] [45]
<../figures/ffrec_eigval_real_part.png, id=1135, 416.2752pt x 312.9291pt>
File: ../figures/ffrec_eigval_real_part.png Graphic file (type png)
<use ../figures/ffrec_eigval_real_part.png>
Package pdftex.def Info: ../figures/ffrec_eigval_real_part.png  used on input l
ine 190.
(pdftex.def)             Requested size: 159.333pt x 119.77853pt.
<../figures/ffrec_eigval_mag.png, id=1136, 439.4016pt x 313.6518pt>
File: ../figures/ffrec_eigval_mag.png Graphic file (type png)
<use ../figures/ffrec_eigval_mag.png>
Package pdftex.def Info: ../figures/ffrec_eigval_mag.png  used on input line 19
5.
(pdftex.def)             Requested size: 169.2951pt x 120.84485pt.


Package caption Warning: The option `hypcap=true' will be ignored for this
(caption)                particular \caption on input line 203.
See the caption package documentation for explanation.

[46

] [47 <../figures/ffrec_eigval_real_part.png> <../figures/ffrec_eigval_mag.png>
]
Overfull \hbox (8.41653pt too wide) in paragraph at lines 242--243
 []\T1/lmr/bx/n/10.95 Modification 3[] \T1/lmr/m/n/10.95 : Align the in-puts to
 eigen-vec-tors of sym-metrized net-work eq.([][]2.47[][]). 
 []

[48]
<../figures/ffrec_eigval_symmetrized_J.png, id=1183, 423.5022pt x 310.761pt>
File: ../figures/ffrec_eigval_symmetrized_J.png Graphic file (type png)
<use ../figures/ffrec_eigval_symmetrized_J.png>
Package pdftex.def Info: ../figures/ffrec_eigval_symmetrized_J.png  used on inp
ut line 260.
(pdftex.def)             Requested size: 179.25113pt x 131.52873pt.


Package caption Warning: The option `hypcap=true' will be ignored for this
(caption)                particular \caption on input line 262.
See the caption package documentation for explanation.

[49 <../figures/ffrec_eigval_symmetrized_J.png>]
<../figures/ttc_asym.pdf, id=1198, 921.22403pt x 374.16687pt>
File: ../figures/ttc_asym.pdf Graphic file (type pdf)
<use ../figures/ttc_asym.pdf>
Package pdftex.def Info: ../figures/ttc_asym.pdf  used on input line 283.
(pdftex.def)             Requested size: 398.33858pt x 161.79068pt.


Package caption Warning: The option `hypcap=true' will be ignored for this
(caption)                particular \caption on input line 284.
See the caption package documentation for explanation.

[50 <../figures/ttc_asym.pdf>]
<../figures/its_asym.pdf, id=1224, 919.03911pt x 372.44379pt>
File: ../figures/its_asym.pdf Graphic file (type pdf)
<use ../figures/its_asym.pdf>
Package pdftex.def Info: ../figures/its_asym.pdf  used on input line 300.
(pdftex.def)             Requested size: 398.33858pt x 161.42638pt.


Package caption Warning: The option `hypcap=true' will be ignored for this
(caption)                particular \caption on input line 301.
See the caption package documentation for explanation.

[51 <../figures/its_asym.pdf>]
<../figures/dim_asym.pdf, id=1254, 925.70654pt x 417.6298pt>
File: ../figures/dim_asym.pdf Graphic file (type pdf)
<use ../figures/dim_asym.pdf>
Package pdftex.def Info: ../figures/dim_asym.pdf  used on input line 323.
(pdftex.def)             Requested size: 398.33858pt x 179.71114pt.


Package caption Warning: The option `hypcap=true' will be ignored for this
(caption)                particular \caption on input line 324.
See the caption package documentation for explanation.

[52] [53 <../figures/dim_asym.pdf>]
<../figures/align_to_spont_asym_symmetrized_rescaled.png, id=1297, 462.528pt x 
346.896pt>
File: ../figures/align_to_spont_asym_symmetrized_rescaled.png Graphic file (typ
e png)
<use ../figures/align_to_spont_asym_symmetrized_rescaled.png>
Package pdftex.def Info: ../figures/align_to_spont_asym_symmetrized_rescaled.pn
g  used on input line 342.
(pdftex.def)             Requested size: 199.16928pt x 149.37938pt.


Package caption Warning: The option `hypcap=true' will be ignored for this
(caption)                particular \caption on input line 344.
See the caption package documentation for explanation.


Underfull \hbox (badness 1189) in paragraph at lines 344--344
\T1/lmr/bx/n/10 for asym-met-ric RNNs with sym-
 []

[54 <../figures/align_to_spont_asym_symmetrized_rescaled.png>]
Overfull \hbox (7.89668pt too wide) in paragraph at lines 355--355
[]\T1/lmr/bx/n/12 Modeling Feed-for-ward Re-cur-rent Align-ment Hy-poth-e-sis o
n Low-
 []


Overfull \hbox (4.27235pt too wide) in paragraph at lines 362--362
[]\T1/lmr/bx/n/10.95 Evaluation of Feed-for-ward Re-cur-rent Align-ment in sym-
met-ric Low-
 []

<../figures/eigval_low_rank_sym_no_noise.png, id=1309, 462.528pt x 346.896pt>
File: ../figures/eigval_low_rank_sym_no_noise.png Graphic file (type png)
<use ../figures/eigval_low_rank_sym_no_noise.png>
Package pdftex.def Info: ../figures/eigval_low_rank_sym_no_noise.png  used on i
nput line 371.
(pdftex.def)             Requested size: 199.16928pt x 149.37938pt.

Package caption Warning: The option `hypcap=true' will be ignored for this
(caption)                particular \caption on input line 373.
See the caption package documentation for explanation.

[55

 <../figures/eigval_low_rank_sym_no_noise.png>]
<../figures/low_rank_sym_ttc.png, id=1326, 462.528pt x 346.896pt>
File: ../figures/low_rank_sym_ttc.png Graphic file (type png)
<use ../figures/low_rank_sym_ttc.png>
Package pdftex.def Info: ../figures/low_rank_sym_ttc.png  used on input line 41
2.
(pdftex.def)             Requested size: 179.25113pt x 134.43668pt.
<../figures/its_low_rank_sym_without_noise.png, id=1327, 462.528pt x 346.896pt>

File: ../figures/its_low_rank_sym_without_noise.png Graphic file (type png)
<use ../figures/its_low_rank_sym_without_noise.png>
Package pdftex.def Info: ../figures/its_low_rank_sym_without_noise.png  used on
 input line 417.
(pdftex.def)             Requested size: 179.25113pt x 134.43668pt.
<../figures/dim_low_rank_sym_without_noise.png, id=1328, 462.528pt x 346.896pt>

File: ../figures/dim_low_rank_sym_without_noise.png Graphic file (type png)
<use ../figures/dim_low_rank_sym_without_noise.png>
Package pdftex.def Info: ../figures/dim_low_rank_sym_without_noise.png  used on
 input line 422.
(pdftex.def)             Requested size: 179.25113pt x 134.43668pt.
<../figures/align_to_spont_low_rank_without_noise.png, id=1329, 462.528pt x 346
.896pt>
File: ../figures/align_to_spont_low_rank_without_noise.png Graphic file (type p
ng)
<use ../figures/align_to_spont_low_rank_without_noise.png>
Package pdftex.def Info: ../figures/align_to_spont_low_rank_without_noise.png  
used on input line 427.
(pdftex.def)             Requested size: 179.25113pt x 134.43668pt.


Package caption Warning: The option `hypcap=true' will be ignored for this
(caption)                particular \caption on input line 434.
See the caption package documentation for explanation.

[56] [57 <../figures/low_rank_sym_ttc.png> <../figures/its_low_rank_sym_without
_noise.png> <../figures/dim_low_rank_sym_without_noise.png> <../figures/align_t
o_spont_low_rank_without_noise.png>]
<../figures/ttc_low_rank_sym_with_noise.png, id=1358, 462.528pt x 346.896pt>
File: ../figures/ttc_low_rank_sym_with_noise.png Graphic file (type png)
<use ../figures/ttc_low_rank_sym_with_noise.png>
Package pdftex.def Info: ../figures/ttc_low_rank_sym_with_noise.png  used on in
put line 453.
(pdftex.def)             Requested size: 179.25113pt x 134.43668pt.
<../figures/its_low_rank_sym_with_noise.png, id=1359, 462.528pt x 346.896pt>
File: ../figures/its_low_rank_sym_with_noise.png Graphic file (type png)
<use ../figures/its_low_rank_sym_with_noise.png>
Package pdftex.def Info: ../figures/its_low_rank_sym_with_noise.png  used on in
put line 459.
(pdftex.def)             Requested size: 179.25113pt x 134.43668pt.
<../figures/dim_low_rank_sym_with_noise.png, id=1360, 462.528pt x 346.896pt>
File: ../figures/dim_low_rank_sym_with_noise.png Graphic file (type png)
<use ../figures/dim_low_rank_sym_with_noise.png>
Package pdftex.def Info: ../figures/dim_low_rank_sym_with_noise.png  used on in
put line 465.
(pdftex.def)             Requested size: 179.25113pt x 134.43668pt.
<../figures/spont_align_low_rank_sym_with_noise.png, id=1361, 462.528pt x 346.8
96pt>
File: ../figures/spont_align_low_rank_sym_with_noise.png Graphic file (type png
)
<use ../figures/spont_align_low_rank_sym_with_noise.png>
Package pdftex.def Info: ../figures/spont_align_low_rank_sym_with_noise.png  us
ed on input line 471.
(pdftex.def)             Requested size: 179.25113pt x 134.43668pt.


Package caption Warning: The option `hypcap=true' will be ignored for this
(caption)                particular \caption on input line 478.
See the caption package documentation for explanation.

[58 <../figures/ttc_low_rank_sym_with_noise.png> <../figures/its_low_rank_sym_w
ith_noise.png> <../figures/dim_low_rank_sym_with_noise.png> <../figures/spont_a
lign_low_rank_sym_with_noise.png>] [59]
<../figures/eigval_distribution_asym_low_rank_without_noise.png, id=1411, 462.5
28pt x 346.896pt>
File: ../figures/eigval_distribution_asym_low_rank_without_noise.png Graphic fi
le (type png)
<use ../figures/eigval_distribution_asym_low_rank_without_noise.png>
Package pdftex.def Info: ../figures/eigval_distribution_asym_low_rank_without_n
oise.png  used on input line 520.
(pdftex.def)             Requested size: 119.50278pt x 89.62445pt.
<../figures/eigval_distribution_asym_low_rank_without_noise(2).png, id=1412, 46
2.528pt x 346.896pt>
File: ../figures/eigval_distribution_asym_low_rank_without_noise(2).png Graphic
 file (type png)
<use ../figures/eigval_distribution_asym_low_rank_without_noise(2).png>
Package pdftex.def Info: ../figures/eigval_distribution_asym_low_rank_without_n
oise(2).png  used on input line 525.
(pdftex.def)             Requested size: 119.50278pt x 89.62445pt.
<../figures/eigval_distribution_asym_low_rank_without_noise(3).png, id=1413, 46
2.528pt x 346.896pt>
File: ../figures/eigval_distribution_asym_low_rank_without_noise(3).png Graphic
 file (type png)
<use ../figures/eigval_distribution_asym_low_rank_without_noise(3).png>
Package pdftex.def Info: ../figures/eigval_distribution_asym_low_rank_without_n
oise(3).png  used on input line 530.
(pdftex.def)             Requested size: 119.50278pt x 89.62445pt.


Package caption Warning: The option `hypcap=true' will be ignored for this
(caption)                particular \caption on input line 533.
See the caption package documentation for explanation.

[60 <../figures/eigval_distribution_asym_low_rank_without_noise.png> <../figure
s/eigval_distribution_asym_low_rank_without_noise(2).png> <../figures/eigval_di
stribution_asym_low_rank_without_noise(3).png>]
<../figures/ttc_asym_low_rank_without_noise_rank=1.png, id=1434, 462.528pt x 34
6.896pt>
File: ../figures/ttc_asym_low_rank_without_noise_rank=1.png Graphic file (type 
png)
<use ../figures/ttc_asym_low_rank_without_noise_rank=1.png>
Package pdftex.def Info: ../figures/ttc_asym_low_rank_without_noise_rank=1.png 
 used on input line 548.
(pdftex.def)             Requested size: 119.50278pt x 89.62445pt.
<../figures/ttc_asym_low_rank_without_noise_rank=5.png, id=1435, 462.528pt x 34
6.896pt>
File: ../figures/ttc_asym_low_rank_without_noise_rank=5.png Graphic file (type 
png)
<use ../figures/ttc_asym_low_rank_without_noise_rank=5.png>
Package pdftex.def Info: ../figures/ttc_asym_low_rank_without_noise_rank=5.png 
 used on input line 552.
(pdftex.def)             Requested size: 119.50278pt x 89.62445pt.
<../figures/ttc_asym_low_rank_without_noise_rank=10.png, id=1436, 462.528pt x 3
46.896pt>
File: ../figures/ttc_asym_low_rank_without_noise_rank=10.png Graphic file (type
 png)
<use ../figures/ttc_asym_low_rank_without_noise_rank=10.png>
Package pdftex.def Info: ../figures/ttc_asym_low_rank_without_noise_rank=10.png
  used on input line 556.
(pdftex.def)             Requested size: 119.50278pt x 89.62445pt.


Package caption Warning: The option `hypcap=true' will be ignored for this
(caption)                particular \caption on input line 559.
See the caption package documentation for explanation.

[61 <../figures/ttc_asym_low_rank_without_noise_rank=1.png> <../figures/ttc_asy
m_low_rank_without_noise_rank=5.png> <../figures/ttc_asym_low_rank_without_nois
e_rank=10.png>]
Overfull \hbox (15.74748pt too wide) detected at line 574
[]\OML/lmm/m/it/10.95 J[] \OT1/lmr/m/n/10.95 = [] = [] [] = [] [] \OML/lmm/m/it
/10.95 l[]r[] \OT1/lmr/m/n/10.95 + [] [] \OML/lmm/m/it/10.95 r[]l[] :
 []

[62]
<../figures/ttc_asym_low_rank_with_noise_rank=1_5.png, id=1472, 462.528pt x 346
.896pt>
File: ../figures/ttc_asym_low_rank_with_noise_rank=1_5.png Graphic file (type p
ng)
<use ../figures/ttc_asym_low_rank_with_noise_rank=1_5.png>
Package pdftex.def Info: ../figures/ttc_asym_low_rank_with_noise_rank=1_5.png  
used on input line 599.
(pdftex.def)             Requested size: 179.25113pt x 134.43668pt.
<../figures/its_asym_low_rank_with_noise_rank=1_5.png, id=1473, 462.528pt x 346
.896pt>
File: ../figures/its_asym_low_rank_with_noise_rank=1_5.png Graphic file (type p
ng)
<use ../figures/its_asym_low_rank_with_noise_rank=1_5.png>
Package pdftex.def Info: ../figures/its_asym_low_rank_with_noise_rank=1_5.png  
used on input line 605.
(pdftex.def)             Requested size: 179.25113pt x 134.43668pt.
<../figures/dim_asym_low_rank_with_noise_rank=1_5.png, id=1474, 462.528pt x 346
.896pt>
File: ../figures/dim_asym_low_rank_with_noise_rank=1_5.png Graphic file (type p
ng)
<use ../figures/dim_asym_low_rank_with_noise_rank=1_5.png>
Package pdftex.def Info: ../figures/dim_asym_low_rank_with_noise_rank=1_5.png  
used on input line 611.
(pdftex.def)             Requested size: 179.25113pt x 134.43668pt.
<../figures/align_spont_asym_low_rank_with_noise_rank=1_5.png, id=1475, 462.528
pt x 346.896pt>
File: ../figures/align_spont_asym_low_rank_with_noise_rank=1_5.png Graphic file
 (type png)
<use ../figures/align_spont_asym_low_rank_with_noise_rank=1_5.png>
Package pdftex.def Info: ../figures/align_spont_asym_low_rank_with_noise_rank=1
_5.png  used on input line 617.
(pdftex.def)             Requested size: 179.25113pt x 134.43668pt.


Package caption Warning: The option `hypcap=true' will be ignored for this
(caption)                particular \caption on input line 625.
See the caption package documentation for explanation.

[63 <../figures/ttc_asym_low_rank_with_noise_rank=1_5.png> <../figures/its_asym
_low_rank_with_noise_rank=1_5.png> <../figures/dim_asym_low_rank_with_noise_ran
k=1_5.png> <../figures/align_spont_asym_low_rank_with_noise_rank=1_5.png>]
[64]
Underfull \hbox (badness 10000) in paragraph at lines 657--658

 []

[65

]
<../figures/ffrec_asym_white_noise.png, id=1515, 462.528pt x 346.896pt>
File: ../figures/ffrec_asym_white_noise.png Graphic file (type png)
<use ../figures/ffrec_asym_white_noise.png>
Package pdftex.def Info: ../figures/ffrec_asym_white_noise.png  used on input l
ine 670.
(pdftex.def)             Requested size: 199.16928pt x 149.37938pt.


Package caption Warning: The option `hypcap=true' will be ignored for this
(caption)                particular \caption on input line 672.
See the caption package documentation for explanation.


Underfull \hbox (badness 2894) in paragraph at lines 672--672
\T1/lmr/bx/n/10 for-ward re-cur-rent align-ment and
 []


Underfull \hbox (badness 10000) in paragraph at lines 679--683

 []

[66 <../figures/ffrec_asym_white_noise.png>]
Overfull \hbox (0.9982pt too wide) in paragraph at lines 685--686
[]\T1/lmr/m/n/10.95 If the newly con-structed feed-for-ward re-cur-rent align-m
ent with white-noise-evoked
 []

[67]
<../figures/color_bar_white_noise.png, id=1544, 650.43pt x 70.1019pt>
File: ../figures/color_bar_white_noise.png Graphic file (type png)
<use ../figures/color_bar_white_noise.png>
Package pdftex.def Info: ../figures/color_bar_white_noise.png  used on input li
ne 714.
(pdftex.def)             Requested size: 318.67207pt x 34.34593pt.
<../figures/ttc_white_noise.png, id=1545, 462.528pt x 346.896pt>
File: ../figures/ttc_white_noise.png Graphic file (type png)
<use ../figures/ttc_white_noise.png>
Package pdftex.def Info: ../figures/ttc_white_noise.png  used on input line 720
.
(pdftex.def)             Requested size: 179.25113pt x 134.43668pt.
<../figures/its_white_noise.png, id=1546, 462.528pt x 346.896pt>
File: ../figures/its_white_noise.png Graphic file (type png)
<use ../figures/its_white_noise.png>
Package pdftex.def Info: ../figures/its_white_noise.png  used on input line 726
.
(pdftex.def)             Requested size: 179.25113pt x 134.43668pt.
<../figures/dim_white_noise.png, id=1547, 462.528pt x 346.896pt>
File: ../figures/dim_white_noise.png Graphic file (type png)
<use ../figures/dim_white_noise.png>
Package pdftex.def Info: ../figures/dim_white_noise.png  used on input line 732
.
(pdftex.def)             Requested size: 179.25113pt x 134.43668pt.
<../figures/align_spont_white_noise.png, id=1548, 462.528pt x 346.896pt>
File: ../figures/align_spont_white_noise.png Graphic file (type png)
<use ../figures/align_spont_white_noise.png>
Package pdftex.def Info: ../figures/align_spont_white_noise.png  used on input 
line 738.
(pdftex.def)             Requested size: 179.25113pt x 134.43668pt.


Package caption Warning: The option `hypcap=true' will be ignored for this
(caption)                particular \caption on input line 747.
See the caption package documentation for explanation.

<../figures/repeat_input_ffrec.png, id=1553, 462.528pt x 346.896pt>
File: ../figures/repeat_input_ffrec.png Graphic file (type png)
<use ../figures/repeat_input_ffrec.png>
Package pdftex.def Info: ../figures/repeat_input_ffrec.png  used on input line 
755.
(pdftex.def)             Requested size: 199.16928pt x 149.37938pt.

Package caption Warning: The option `hypcap=true' will be ignored for this
(caption)                particular \caption on input line 757.
See the caption package documentation for explanation.


Underfull \hbox (badness 7030) in paragraph at lines 757--757
[][] |[]\T1/lmr/bx/n/10 Dynamic of it-er-a-tive
 []


Underfull \hbox (badness 10000) in paragraph at lines 757--757
\T1/lmr/bx/n/10 feed-for-ward re-cur-rent align-ment
 []


Underfull \hbox (badness 1742) in paragraph at lines 757--757
\T1/lmr/m/n/10 in-put eq.([][]2.69[][]) with $\OML/lmm/m/it/10 [] \OT1/lmr/m/n
/10 = 5$\T1/lmr/m/n/10 , the
 []


Underfull \hbox (badness 2318) in paragraph at lines 757--757
\T1/lmr/m/n/10 evoked ac-tiv-ity pat-tern is ap-plied as
 []


Underfull \hbox (badness 2245) in paragraph at lines 757--757
\T1/lmr/m/n/10 align-ment. It-er-a-tively re-peat-ing this
 []


Underfull \hbox (badness 1072) in paragraph at lines 757--757
\T1/lmr/m/n/10 eq.([][]2.75[][]). For statis-tics $\OT1/lmr/m/n/10 500$ \T1/lmr
/m/n/10 re-sponse
 []


Underfull \hbox (badness 1226) in paragraph at lines 757--757
\T1/lmr/m/n/10 sam-ples are con-sid-ered. The shadow
 []

[68 <../figures/color_bar_white_noise.png> <../figures/ttc_white_noise.png> <..
/figures/its_white_noise.png> <../figures/dim_white_noise.png> <../figures/alig
n_spont_white_noise.png>] [69 <../figures/repeat_input_ffrec.png>] [70

]
<../figures/ff_weight_projection_ratio.png, id=1589, 462.528pt x 346.896pt>
File: ../figures/ff_weight_projection_ratio.png Graphic file (type png)
<use ../figures/ff_weight_projection_ratio.png>
Package pdftex.def Info: ../figures/ff_weight_projection_ratio.png  used on inp
ut line 792.
(pdftex.def)             Requested size: 199.16928pt x 149.37938pt.


Package caption Warning: The option `hypcap=true' will be ignored for this
(caption)                particular \caption on input line 795.
See the caption package documentation for explanation.


Underfull \hbox (badness 2486) in paragraph at lines 795--795
[][] |[]\T1/lmr/bx/n/10 Time re-lated de-vel-op-
 []

[71 <../figures/ff_weight_projection_ratio.png>]
<../figures/ffrec_hebb_learn_derivative.png, id=1606, 462.528pt x 346.896pt>
File: ../figures/ffrec_hebb_learn_derivative.png Graphic file (type png)
<use ../figures/ffrec_hebb_learn_derivative.png>
Package pdftex.def Info: ../figures/ffrec_hebb_learn_derivative.png  used on in
put line 807.
(pdftex.def)             Requested size: 199.16928pt x 149.37938pt.


Package caption Warning: The option `hypcap=true' will be ignored for this
(caption)                particular \caption on input line 810.
See the caption package documentation for explanation.

) [72 <../figures/ffrec_hebb_learn_derivative.png>] (sections/../Discussion.tex
[73

] [74] [75]) [76] (sections/../List_of_notations.tex [77

]) [78] (Main_MA.lof [79

])
\tf@lof=\write6
\openout6 = `Main_MA.lof'.

 [80] (sections/../Thanks.tex
LaTeX Font Info:    Trying to load font information for T1+lmtt on input line 4
2.

(C:\Users\Rutian Zhou\AppData\Local\Programs\MiKTeX\tex/latex/lm\t1lmtt.fd
File: t1lmtt.fd 2009/10/30 v1.6 Font defs for Latin Modern
)
Overfull \hbox (18.12299pt too wide) in paragraph at lines 42--43
\T1/lmr/m/n/10.95 on GitHub un-der [][]$\T1/lmtt/m/n/10.95 https : / / github .
 com / rzhou-[]space / ffrec _ alignment _ hypothesis _
 []

) [81

] (Main_MA.bbl [82

] [83]
! You can't use `macro parameter character #' in horizontal mode.
l.187   https://www.abstractsonline.com/pp8/#
                                             !/10892/presentation/29431},
Sorry, but I'm not programmed to handle this case;
I'll just pretend that you didn't ask for it.
If you're in the wrong mode, you might be able to
return to the right one by typing `I}' or `I$' or `I\par'.


Underfull \hbox (badness 10000) in paragraph at lines 183--189
[]\T1/lmr/m/n/10.95 M. Kaschube G.B. Smith H.N. Mul-hol-land, S. Trä-ge-
 []


Underfull \hbox (badness 10000) in paragraph at lines 183--189
\T1/lmr/m/n/10.95 nap.  Se-lec-tive am-pli-fi-ca-tion of re-cur-rent sub-net-wo
rks
 []


Underfull \hbox (badness 10000) in paragraph at lines 183--189
\T1/lmr/m/n/10.95 in the de-vel-op-ing vi-sual cor-tex.  \T1/lmr/m/it/10.95 Neu
-ro-science 2023,
 []


Underfull \hbox (badness 10000) in paragraph at lines 183--189
\T1/lmr/m/it/10.95 https://www.abstractsonline.com/pp8/!/10892/presentation/294
31\T1/lmr/m/n/10.95 ,
 []

[84]
Underfull \hbox (badness 10000) in paragraph at lines 202--206
[]\T1/lmr/m/n/10.95 Mehran Kar-dar.  The mam-malian vi-
 []


Underfull \hbox (badness 10000) in paragraph at lines 202--206
\T1/lmr/m/n/10.95 sual sys-tem.  \T1/lmr/m/it/10.95 https://www.mit.edu/ kar-
 []

[85]
Underfull \hbox (badness 5203) in paragraph at lines 300--305
\T1/lmr/m/n/10.95 proof-book 2022 (ver-sion 2022).  \T1/lmr/m/it/10.95 Proof: L
in-ear trans-for-ma-
 []


Underfull \hbox (badness 3138) in paragraph at lines 300--305
\T1/lmr/m/it/10.95 tion the-o-rem for the mul-ti-vari-ate nor-mal dis-tri-bu-ti
on /Zen-odo.
 []

) [86] (Main_MA.aux)
Package rerunfilecheck Info: File `Main_MA.out' has not changed.
(rerunfilecheck)             Checksum: 044E2BEF74DCB52AC449A2E1D88FFB30;18119.
 ) 
Here is how much of TeX's memory you used:
 18307 strings out of 478927
 306726 string characters out of 2849656
 619749 words of memory out of 3000000
 35210 multiletter control sequences out of 15000+600000
 512953 words of font info for 100 fonts, out of 8000000 for 9000
 1141 hyphenation exceptions out of 8191
 95i,20n,117p,1625b,647s stack positions out of 5000i,500n,10000p,200000b,80000s
{C:/Users/Rutian Zhou/AppData/Local/Programs/MiKTeX/fonts/enc/dvips/lm/lm-ec.
enc}{C:/Users/Rutian Zhou/AppData/Local/Programs/MiKTeX/fonts/enc/dvips/lm/lm-m
athit.enc}{C:/Users/Rutian Zhou/AppData/Local/Programs/MiKTeX/fonts/enc/dvips/l
m/lm-rm.enc}{C:/Users/Rutian Zhou/AppData/Local/Programs/MiKTeX/fonts/enc/dvips
/lm/lm-ts1.enc}{C:/Users/Rutian Zhou/AppData/Local/Programs/MiKTeX/fonts/enc/dv
ips/lm/lm-mathsy.enc}{C:/Users/Rutian Zhou/AppData/Local/Programs/MiKTeX/fonts/
enc/dvips/lm/lm-mathex.enc}<C:/Users/Rutian Zhou/AppData/Local/Programs/MiKTeX/
fonts/type1/public/lm/lmbx10.pfb><C:/Users/Rutian Zhou/AppData/Local/Programs/M
iKTeX/fonts/type1/public/lm/lmbx12.pfb><C:/Users/Rutian Zhou/AppData/Local/Prog
rams/MiKTeX/fonts/type1/public/lm/lmex10.pfb><C:/Users/Rutian Zhou/AppData/Loca
l/Programs/MiKTeX/fonts/type1/public/lm/lmmi10.pfb><C:/Users/Rutian Zhou/AppDat
a/Local/Programs/MiKTeX/fonts/type1/public/lm/lmmi6.pfb><C:/Users/Rutian Zhou/A
ppData/Local/Programs/MiKTeX/fonts/type1/public/lm/lmmi7.pfb><C:/Users/Rutian Z
hou/AppData/Local/Programs/MiKTeX/fonts/type1/public/lm/lmmi8.pfb><C:/Users/Rut
ian Zhou/AppData/Local/Programs/MiKTeX/fonts/type1/public/lm/lmmi9.pfb><C:/User
s/Rutian Zhou/AppData/Local/Programs/MiKTeX/fonts/type1/public/lm/lmr10.pfb><C:
/Users/Rutian Zhou/AppData/Local/Programs/MiKTeX/fonts/type1/public/lm/lmr12.pf
b><C:/Users/Rutian Zhou/AppData/Local/Programs/MiKTeX/fonts/type1/public/lm/lmr
6.pfb><C:/Users/Rutian Zhou/AppData/Local/Programs/MiKTeX/fonts/type1/public/lm
/lmr7.pfb><C:/Users/Rutian Zhou/AppData/Local/Programs/MiKTeX/fonts/type1/publi
c/lm/lmr8.pfb><C:/Users/Rutian Zhou/AppData/Local/Programs/MiKTeX/fonts/type1/p
ublic/lm/lmr9.pfb><C:/Users/Rutian Zhou/AppData/Local/Programs/MiKTeX/fonts/typ
e1/public/lm/lmri10.pfb><C:/Users/Rutian Zhou/AppData/Local/Programs/MiKTeX/fon
ts/type1/public/lm/lmssbx10.pfb><C:/Users/Rutian Zhou/AppData/Local/Programs/Mi
KTeX/fonts/type1/public/lm/lmsy10.pfb><C:/Users/Rutian Zhou/AppData/Local/Progr
ams/MiKTeX/fonts/type1/public/lm/lmsy6.pfb><C:/Users/Rutian Zhou/AppData/Local/
Programs/MiKTeX/fonts/type1/public/lm/lmsy8.pfb><C:/Users/Rutian Zhou/AppData/L
ocal/Programs/MiKTeX/fonts/type1/public/lm/lmtt10.pfb><C:/Users/Rutian Zhou/App
Data/Local/Programs/MiKTeX/fonts/type1/public/amsfonts/symbols/msbm10.pfb>
Output written on Main_MA.pdf (94 pages, 3228702 bytes).
PDF statistics:
 1991 PDF objects out of 2073 (max. 8388607)
 442 named destinations out of 1000 (max. 500000)
 691 words of extra memory for PDF output out of 10000 (max. 10000000)

