\standalonepreambles
\subpreamble{sections/../CoverSheet.tex}
\usepackage {bibentry}\usepackage [table]{xcolor} \setlength \arrayrulewidth {1pt}\usepackage [hang,flushmargin]{footmisc}\usepackage [english]{babel}\usepackage [utf8]{inputenc}\usepackage [T1]{fontenc}\usepackage {float}\usepackage {lmodern,amsmath,amssymb,amstext,amsfonts,mathrsfs,graphicx,caption}\ifstandalone \usepackage [width=14cm]{geometry}\fi 
\endsubpreamble
\subpreamble{sections/../Abstract_DE.tex}
\usepackage [ngerman]{babel}\usepackage [utf8]{inputenc}\usepackage [T1]{fontenc}\usepackage {float}\usepackage {lmodern,amsmath,amssymb,amstext,amsfonts,mathrsfs,graphicx,caption, subcaption}\usepackage [width=14cm]{geometry}\usepackage [colorlinks,pdfpagelabels,pdfstartview = FitV,bookmarksnumbered = true, bookmarksopenlevel=section, linkcolor = black,hypertexnames = false,citecolor = black,pdfpagelabels=false]{hyperref}\usepackage {tablefootnote}\usepackage {textcmds, enumitem}\usepackage {sidecap} \usepackage [labelfont={bf,sf},font={small},labelsep=space]{caption}\usepackage {chngcntr} \counterwithin {figure}{section} \counterwithin {table}{section}\counterwithin {equation}{section}
\endsubpreamble
\subpreamble{sections/../Abstract_EN.tex}
\usepackage [english]{babel}\usepackage [utf8]{inputenc}\usepackage [T1]{fontenc}\usepackage {float}\usepackage {lmodern,amsmath,amssymb,amstext,amsfonts,mathrsfs,graphicx,caption, subcaption}\usepackage [width=14cm]{geometry}\usepackage [colorlinks,pdfpagelabels,pdfstartview = FitV,bookmarksnumbered = true, bookmarksopenlevel=section, linkcolor = black,hypertexnames = false,citecolor = black,pdfpagelabels=false]{hyperref}\usepackage {tablefootnote}\usepackage {textcmds, enumitem}\usepackage {sidecap} \usepackage [labelfont={bf,sf},font={small},labelsep=space]{caption}\usepackage {chngcntr} \counterwithin {figure}{section} \counterwithin {table}{section}\counterwithin {equation}{section}
\endsubpreamble
\subpreamble{sections/../Introduction.tex}
\usepackage [english]{babel}\usepackage [utf8]{inputenc}\usepackage [T1]{fontenc}\usepackage {float}\usepackage {lmodern,amsmath,amssymb,amstext,amsfonts,mathrsfs,graphicx,caption, subcaption}\usepackage [width=14cm]{geometry}\usepackage [colorlinks,pdfpagelabels,pdfstartview = FitV,bookmarksnumbered = true, bookmarksopenlevel=section, linkcolor = black,hypertexnames = false,citecolor = black,pdfpagelabels=false]{hyperref}\usepackage {tablefootnote}\usepackage {textcmds, enumitem}\usepackage {sidecap} \usepackage [labelfont={bf,sf},font={small},labelsep=space]{caption}\usepackage {chngcntr} \counterwithin {figure}{section} \counterwithin {table}{section}\counterwithin {equation}{section}
\endsubpreamble
\subpreamble{sections/../Methods.tex}
\usepackage [english]{babel}\usepackage [utf8]{inputenc}\usepackage [T1]{fontenc}\usepackage {float}\usepackage {lmodern,amsmath,amssymb,amstext,amsfonts,mathrsfs,graphicx,caption, subcaption}\usepackage [width=14cm]{geometry}\usepackage [colorlinks,pdfpagelabels,pdfstartview = FitV,bookmarksnumbered = true, bookmarksopenlevel=section, linkcolor = black,hypertexnames = false,citecolor = black,pdfpagelabels=false]{hyperref}\usepackage {tablefootnote}\usepackage {textcmds, enumitem}\usepackage {sidecap} \usepackage [labelfont={bf,sf},font={small},labelsep=space]{caption}\usepackage {chngcntr} \counterwithin {figure}{section} \counterwithin {table}{section}\counterwithin {equation}{section}
\endsubpreamble
\subpreamble{sections/../Results.tex}
\usepackage [english]{babel}\usepackage [utf8]{inputenc}\usepackage [T1]{fontenc}\usepackage {float}\usepackage {lmodern,amsmath,amssymb,amstext,amsfonts,mathrsfs,graphicx,caption, subcaption}\usepackage [width=14cm]{geometry}\usepackage [colorlinks,pdfpagelabels,pdfstartview = FitV,bookmarksnumbered = true, bookmarksopenlevel=section, linkcolor = black,hypertexnames = false,citecolor = black,pdfpagelabels=false]{hyperref}\usepackage {tablefootnote}\usepackage {textcmds, enumitem}\usepackage {sidecap} \usepackage [labelfont={bf,sf},font={small},labelsep=space]{caption}\usepackage {chngcntr} \counterwithin {figure}{section} \counterwithin {table}{section}\counterwithin {equation}{section}
\endsubpreamble
\subpreamble{sections/../Discussion.tex}
\usepackage [english]{babel}\usepackage [utf8]{inputenc}\usepackage [T1]{fontenc}\usepackage {float}\usepackage {lmodern,amsmath,amssymb,amstext,amsfonts,mathrsfs,graphicx,caption, subcaption}\usepackage [width=14cm]{geometry}\usepackage [colorlinks,pdfpagelabels,pdfstartview = FitV,bookmarksnumbered = true, bookmarksopenlevel=section, linkcolor = black,hypertexnames = false,citecolor = black,pdfpagelabels=false]{hyperref}\usepackage {tablefootnote}\usepackage {textcmds, enumitem}\usepackage {sidecap} \usepackage [labelfont={bf,sf},font={small},labelsep=space]{caption}\usepackage {chngcntr} \counterwithin {figure}{section} \counterwithin {table}{section}\counterwithin {equation}{section}
\endsubpreamble
\subpreamble{sections/../List_of_notations.tex}
\usepackage [english]{babel}\usepackage [utf8]{inputenc}\usepackage [T1]{fontenc}\usepackage {float}\usepackage {lmodern,amsmath,amssymb,amstext,amsfonts,mathrsfs,graphicx,caption, subcaption}\usepackage [width=14cm]{geometry}\usepackage [colorlinks,pdfpagelabels,pdfstartview = FitV,bookmarksnumbered = true, bookmarksopenlevel=section, linkcolor = black,hypertexnames = false,citecolor = black,pdfpagelabels=false]{hyperref}\usepackage {tablefootnote}\usepackage {textcmds, enumitem}\usepackage {sidecap} \usepackage [labelfont={bf,sf},font={small},labelsep=space]{caption}\usepackage {chngcntr} \counterwithin {figure}{section} \counterwithin {table}{section}\counterwithin {equation}{section}\usepackage {tabularx}
\endsubpreamble
\subpreamble{sections/../Thanks.tex}
\usepackage [english]{babel}\usepackage [utf8]{inputenc}\usepackage [T1]{fontenc}\usepackage {float}\usepackage {lmodern,amsmath,amssymb,amstext,amsfonts,mathrsfs,graphicx,caption, subcaption}\usepackage [width=14cm]{geometry}\usepackage [colorlinks,pdfpagelabels,pdfstartview = FitV,bookmarksnumbered = true, bookmarksopenlevel=section, linkcolor = black, urlcolor = black ,hypertexnames = false,citecolor = black,pdfpagelabels=false]{hyperref}\usepackage {tablefootnote}\usepackage {textcmds, enumitem}\usepackage {sidecap} \usepackage [labelfont={bf,sf},font={small},labelsep=space]{caption}\usepackage {chngcntr} \counterwithin {figure}{section} \counterwithin {table}{section}\counterwithin {equation}{section}
\endsubpreamble
\endstandalonepreambles
