This is pdfTeX, Version 3.141592653-2.6-1.40.23 (MiKTeX 21.8) (preloaded format=pdflatex 2023.1.2)  15 MAR 2024 16:46
entering extended mode
**./Methods.tex
(Methods.tex
LaTeX2e <2021-06-01> patch level 1
L3 programming layer <2021-08-27>
(C:\Users\Rutian Zhou\AppData\Local\Programs\MiKTeX\tex/latex/base\article.cls
Document Class: article 2021/02/12 v1.4n Standard LaTeX document class
(C:\Users\Rutian Zhou\AppData\Local\Programs\MiKTeX\tex/latex/base\size11.clo
File: size11.clo 2021/02/12 v1.4n Standard LaTeX file (size option)
)
\c@part=\count182
\c@section=\count183
\c@subsection=\count184
\c@subsubsection=\count185
\c@paragraph=\count186
\c@subparagraph=\count187
\c@figure=\count188
\c@table=\count189
\abovecaptionskip=\skip47
\belowcaptionskip=\skip48
\bibindent=\dimen138
)
(C:\Users\Rutian Zhou\AppData\Local\Programs\MiKTeX\tex/generic/babel\babel.sty
Package: babel 2021/07/22 3.63 The Babel package

(C:\Users\Rutian Zhou\AppData\Local\Programs\MiKTeX\tex/generic/babel\babel.def
File: babel.def 2021/07/22 3.63 Babel common definitions
\babel@savecnt=\count190
\U@D=\dimen139
\l@unhyphenated=\language79

(C:\Users\Rutian Zhou\AppData\Local\Programs\MiKTeX\tex/generic/babel\txtbabel.
def)
\bbl@readstream=\read2
)
\bbl@dirlevel=\count191

*************************************
* Local config file bblopts.cfg used
*

(C:\Users\Rutian Zhou\AppData\Local\Programs\MiKTeX\tex/latex/arabi\bblopts.cfg
File: bblopts.cfg 2005/09/08 v0.1 add Arabic and Farsi to "declared" options of
 babel
)
(C:\Users\Rutian Zhou\AppData\Local\Programs\MiKTeX\tex/latex/babel-english\eng
lish.ldf
Language: english 2017/06/06 v3.3r English support from the babel system
Package babel Info: Hyphen rules for 'canadian' set to \l@english
(babel)             (\language0). Reported on input line 102.
Package babel Info: Hyphen rules for 'australian' set to \l@ukenglish
(babel)             (\language73). Reported on input line 105.
Package babel Info: Hyphen rules for 'newzealand' set to \l@ukenglish
(babel)             (\language73). Reported on input line 108.
))
(C:\Users\Rutian Zhou\AppData\Local\Programs\MiKTeX\tex/latex/base\inputenc.sty
Package: inputenc 2021/02/14 v1.3d Input encoding file
\inpenc@prehook=\toks16
\inpenc@posthook=\toks17
)
(C:\Users\Rutian Zhou\AppData\Local\Programs\MiKTeX\tex/latex/base\fontenc.sty
Package: fontenc 2021/04/29 v2.0v Standard LaTeX package
) (C:\Users\Rutian Zhou\AppData\Local\Programs\MiKTeX\tex/latex/float\float.sty
Package: float 2001/11/08 v1.3d Float enhancements (AL)
\c@float@type=\count192
\float@exts=\toks18
\float@box=\box50
\@float@everytoks=\toks19
\@floatcapt=\box51
) (C:\Users\Rutian Zhou\AppData\Local\Programs\MiKTeX\tex/latex/lm\lmodern.sty
Package: lmodern 2009/10/30 v1.6 Latin Modern Fonts
LaTeX Font Info:    Overwriting symbol font `operators' in version `normal'
(Font)                  OT1/cmr/m/n --> OT1/lmr/m/n on input line 22.
LaTeX Font Info:    Overwriting symbol font `letters' in version `normal'
(Font)                  OML/cmm/m/it --> OML/lmm/m/it on input line 23.
LaTeX Font Info:    Overwriting symbol font `symbols' in version `normal'
(Font)                  OMS/cmsy/m/n --> OMS/lmsy/m/n on input line 24.
LaTeX Font Info:    Overwriting symbol font `largesymbols' in version `normal'
(Font)                  OMX/cmex/m/n --> OMX/lmex/m/n on input line 25.
LaTeX Font Info:    Overwriting symbol font `operators' in version `bold'
(Font)                  OT1/cmr/bx/n --> OT1/lmr/bx/n on input line 26.
LaTeX Font Info:    Overwriting symbol font `letters' in version `bold'
(Font)                  OML/cmm/b/it --> OML/lmm/b/it on input line 27.
LaTeX Font Info:    Overwriting symbol font `symbols' in version `bold'
(Font)                  OMS/cmsy/b/n --> OMS/lmsy/b/n on input line 28.
LaTeX Font Info:    Overwriting symbol font `largesymbols' in version `bold'
(Font)                  OMX/cmex/m/n --> OMX/lmex/m/n on input line 29.
LaTeX Font Info:    Overwriting math alphabet `\mathbf' in version `normal'
(Font)                  OT1/cmr/bx/n --> OT1/lmr/bx/n on input line 31.
LaTeX Font Info:    Overwriting math alphabet `\mathsf' in version `normal'
(Font)                  OT1/cmss/m/n --> OT1/lmss/m/n on input line 32.
LaTeX Font Info:    Overwriting math alphabet `\mathit' in version `normal'
(Font)                  OT1/cmr/m/it --> OT1/lmr/m/it on input line 33.
LaTeX Font Info:    Overwriting math alphabet `\mathtt' in version `normal'
(Font)                  OT1/cmtt/m/n --> OT1/lmtt/m/n on input line 34.
LaTeX Font Info:    Overwriting math alphabet `\mathbf' in version `bold'
(Font)                  OT1/cmr/bx/n --> OT1/lmr/bx/n on input line 35.
LaTeX Font Info:    Overwriting math alphabet `\mathsf' in version `bold'
(Font)                  OT1/cmss/bx/n --> OT1/lmss/bx/n on input line 36.
LaTeX Font Info:    Overwriting math alphabet `\mathit' in version `bold'
(Font)                  OT1/cmr/bx/it --> OT1/lmr/bx/it on input line 37.
LaTeX Font Info:    Overwriting math alphabet `\mathtt' in version `bold'
(Font)                  OT1/cmtt/m/n --> OT1/lmtt/m/n on input line 38.
)
(C:\Users\Rutian Zhou\AppData\Local\Programs\MiKTeX\tex/latex/amsmath\amsmath.s
ty
Package: amsmath 2021/04/20 v2.17j AMS math features
\@mathmargin=\skip49

For additional information on amsmath, use the `?' option.

(C:\Users\Rutian Zhou\AppData\Local\Programs\MiKTeX\tex/latex/amsmath\amstext.s
ty
Package: amstext 2000/06/29 v2.01 AMS text

(C:\Users\Rutian Zhou\AppData\Local\Programs\MiKTeX\tex/latex/amsmath\amsgen.st
y
File: amsgen.sty 1999/11/30 v2.0 generic functions
\@emptytoks=\toks20
\ex@=\dimen140
))
(C:\Users\Rutian Zhou\AppData\Local\Programs\MiKTeX\tex/latex/amsmath\amsbsy.st
y
Package: amsbsy 1999/11/29 v1.2d Bold Symbols
\pmbraise@=\dimen141
)
(C:\Users\Rutian Zhou\AppData\Local\Programs\MiKTeX\tex/latex/amsmath\amsopn.st
y
Package: amsopn 2016/03/08 v2.02 operator names
)
\inf@bad=\count193
LaTeX Info: Redefining \frac on input line 234.
\uproot@=\count194
\leftroot@=\count195
LaTeX Info: Redefining \overline on input line 399.
\classnum@=\count196
\DOTSCASE@=\count197
LaTeX Info: Redefining \ldots on input line 496.
LaTeX Info: Redefining \dots on input line 499.
LaTeX Info: Redefining \cdots on input line 620.
\Mathstrutbox@=\box52
\strutbox@=\box53
\big@size=\dimen142
LaTeX Font Info:    Redeclaring font encoding OML on input line 743.
LaTeX Font Info:    Redeclaring font encoding OMS on input line 744.
\macc@depth=\count198
\c@MaxMatrixCols=\count199
\dotsspace@=\muskip16
\c@parentequation=\count266
\dspbrk@lvl=\count267
\tag@help=\toks21
\row@=\count268
\column@=\count269
\maxfields@=\count270
\andhelp@=\toks22
\eqnshift@=\dimen143
\alignsep@=\dimen144
\tagshift@=\dimen145
\tagwidth@=\dimen146
\totwidth@=\dimen147
\lineht@=\dimen148
\@envbody=\toks23
\multlinegap=\skip50
\multlinetaggap=\skip51
\mathdisplay@stack=\toks24
LaTeX Info: Redefining \[ on input line 2923.
LaTeX Info: Redefining \] on input line 2924.
)
(C:\Users\Rutian Zhou\AppData\Local\Programs\MiKTeX\tex/latex/amsfonts\amssymb.
sty
Package: amssymb 2013/01/14 v3.01 AMS font symbols

(C:\Users\Rutian Zhou\AppData\Local\Programs\MiKTeX\tex/latex/amsfonts\amsfonts
.sty
Package: amsfonts 2013/01/14 v3.01 Basic AMSFonts support
\symAMSa=\mathgroup4
\symAMSb=\mathgroup5
LaTeX Font Info:    Redeclaring math symbol \hbar on input line 98.
LaTeX Font Info:    Overwriting math alphabet `\mathfrak' in version `bold'
(Font)                  U/euf/m/n --> U/euf/b/n on input line 106.
))
(C:\Users\Rutian Zhou\AppData\Local\Programs\MiKTeX\tex/latex/jknappen\mathrsfs
.sty
Package: mathrsfs 1996/01/01 Math RSFS package v1.0 (jk)
\symrsfs=\mathgroup6
)
(C:\Users\Rutian Zhou\AppData\Local\Programs\MiKTeX\tex/latex/graphics\graphicx
.sty
Package: graphicx 2020/12/05 v1.2c Enhanced LaTeX Graphics (DPC,SPQR)

(C:\Users\Rutian Zhou\AppData\Local\Programs\MiKTeX\tex/latex/graphics\keyval.s
ty
Package: keyval 2014/10/28 v1.15 key=value parser (DPC)
\KV@toks@=\toks25
)
(C:\Users\Rutian Zhou\AppData\Local\Programs\MiKTeX\tex/latex/graphics\graphics
.sty
Package: graphics 2021/03/04 v1.4d Standard LaTeX Graphics (DPC,SPQR)

(C:\Users\Rutian Zhou\AppData\Local\Programs\MiKTeX\tex/latex/graphics\trig.sty
Package: trig 2016/01/03 v1.10 sin cos tan (DPC)
)
(C:\Users\Rutian Zhou\AppData\Local\Programs\MiKTeX\tex/latex/graphics-cfg\grap
hics.cfg
File: graphics.cfg 2016/06/04 v1.11 sample graphics configuration
)
Package graphics Info: Driver file: pdftex.def on input line 107.

(C:\Users\Rutian Zhou\AppData\Local\Programs\MiKTeX\tex/latex/graphics-def\pdft
ex.def
File: pdftex.def 2020/10/05 v1.2a Graphics/color driver for pdftex
))
\Gin@req@height=\dimen149
\Gin@req@width=\dimen150
)
(C:\Users\Rutian Zhou\AppData\Local\Programs\MiKTeX\tex/latex/caption\caption.s
ty
Package: caption 2020/10/26 v3.5g Customizing captions (AR)

(C:\Users\Rutian Zhou\AppData\Local\Programs\MiKTeX\tex/latex/caption\caption3.
sty
Package: caption3 2020/10/21 v2.2e caption3 kernel (AR)
\captionmargin=\dimen151
\captionmargin@=\dimen152
\captionwidth=\dimen153
\caption@tempdima=\dimen154
\caption@indent=\dimen155
\caption@parindent=\dimen156
\caption@hangindent=\dimen157
Package caption Info: Standard document class detected.
)
\c@caption@flags=\count271
\c@continuedfloat=\count272
Package caption Info: float package is loaded.
)
(C:\Users\Rutian Zhou\AppData\Local\Programs\MiKTeX\tex/latex/caption\subcaptio
n.sty
Package: subcaption 2020/10/07 v1.3j Sub-captions (AR)
\c@subfigure=\count273
\c@subtable=\count274
)
(C:\Users\Rutian Zhou\AppData\Local\Programs\MiKTeX\tex/latex/geometry\geometry
.sty
Package: geometry 2020/01/02 v5.9 Page Geometry

(C:\Users\Rutian Zhou\AppData\Local\Programs\MiKTeX\tex/generic/iftex\ifvtex.st
y
Package: ifvtex 2019/10/25 v1.7 ifvtex legacy package. Use iftex instead.

(C:\Users\Rutian Zhou\AppData\Local\Programs\MiKTeX\tex/generic/iftex\iftex.sty
Package: iftex 2020/03/06 v1.0d TeX engine tests
))
\Gm@cnth=\count275
\Gm@cntv=\count276
\c@Gm@tempcnt=\count277
\Gm@bindingoffset=\dimen158
\Gm@wd@mp=\dimen159
\Gm@odd@mp=\dimen160
\Gm@even@mp=\dimen161
\Gm@layoutwidth=\dimen162
\Gm@layoutheight=\dimen163
\Gm@layouthoffset=\dimen164
\Gm@layoutvoffset=\dimen165
\Gm@dimlist=\toks26

(C:\Users\Rutian Zhou\AppData\Local\Programs\MiKTeX\tex/latex/geometry\geometry
.cfg))
(C:\Users\Rutian Zhou\AppData\Local\Programs\MiKTeX\tex/latex/hyperref\hyperref
.sty
Package: hyperref 2021-06-07 v7.00m Hypertext links for LaTeX

(C:\Users\Rutian Zhou\AppData\Local\Programs\MiKTeX\tex/generic/ltxcmds\ltxcmds
.sty
Package: ltxcmds 2020-05-10 v1.25 LaTeX kernel commands for general use (HO)
)
(C:\Users\Rutian Zhou\AppData\Local\Programs\MiKTeX\tex/generic/pdftexcmds\pdft
excmds.sty
Package: pdftexcmds 2020-06-27 v0.33 Utility functions of pdfTeX for LuaTeX (HO
)

(C:\Users\Rutian Zhou\AppData\Local\Programs\MiKTeX\tex/generic/infwarerr\infwa
rerr.sty
Package: infwarerr 2019/12/03 v1.5 Providing info/warning/error messages (HO)
)
Package pdftexcmds Info: \pdf@primitive is available.
Package pdftexcmds Info: \pdf@ifprimitive is available.
Package pdftexcmds Info: \pdfdraftmode found.
)
(C:\Users\Rutian Zhou\AppData\Local\Programs\MiKTeX\tex/generic/kvsetkeys\kvset
keys.sty
Package: kvsetkeys 2019/12/15 v1.18 Key value parser (HO)
)
(C:\Users\Rutian Zhou\AppData\Local\Programs\MiKTeX\tex/generic/kvdefinekeys\kv
definekeys.sty
Package: kvdefinekeys 2019-12-19 v1.6 Define keys (HO)
)
(C:\Users\Rutian Zhou\AppData\Local\Programs\MiKTeX\tex/generic/pdfescape\pdfes
cape.sty
Package: pdfescape 2019/12/09 v1.15 Implements pdfTeX's escape features (HO)
)
(C:\Users\Rutian Zhou\AppData\Local\Programs\MiKTeX\tex/latex/hycolor\hycolor.s
ty
Package: hycolor 2020-01-27 v1.10 Color options for hyperref/bookmark (HO)
)
(C:\Users\Rutian Zhou\AppData\Local\Programs\MiKTeX\tex/latex/letltxmacro\letlt
xmacro.sty
Package: letltxmacro 2019/12/03 v1.6 Let assignment for LaTeX macros (HO)
)
(C:\Users\Rutian Zhou\AppData\Local\Programs\MiKTeX\tex/latex/auxhook\auxhook.s
ty
Package: auxhook 2019-12-17 v1.6 Hooks for auxiliary files (HO)
)
(C:\Users\Rutian Zhou\AppData\Local\Programs\MiKTeX\tex/latex/kvoptions\kvoptio
ns.sty
Package: kvoptions 2020-10-07 v3.14 Key value format for package options (HO)
)
\@linkdim=\dimen166
\Hy@linkcounter=\count278
\Hy@pagecounter=\count279

(C:\Users\Rutian Zhou\AppData\Local\Programs\MiKTeX\tex/latex/hyperref\pd1enc.d
ef
File: pd1enc.def 2021-06-07 v7.00m Hyperref: PDFDocEncoding definition (HO)
Now handling font encoding PD1 ...
... no UTF-8 mapping file for font encoding PD1
)
(C:\Users\Rutian Zhou\AppData\Local\Programs\MiKTeX\tex/latex/hyperref\hyperref
-langpatches.def
File: hyperref-langpatches.def 2021-06-07 v7.00m Hyperref: patches for babel la
nguages
)
(C:\Users\Rutian Zhou\AppData\Local\Programs\MiKTeX\tex/generic/intcalc\intcalc
.sty
Package: intcalc 2019/12/15 v1.3 Expandable calculations with integers (HO)
)
(C:\Users\Rutian Zhou\AppData\Local\Programs\MiKTeX\tex/generic/etexcmds\etexcm
ds.sty
Package: etexcmds 2019/12/15 v1.7 Avoid name clashes with e-TeX commands (HO)
)
\Hy@SavedSpaceFactor=\count280

(C:\Users\Rutian Zhou\AppData\Local\Programs\MiKTeX\tex/latex/hyperref\puenc.de
f
File: puenc.def 2021-06-07 v7.00m Hyperref: PDF Unicode definition (HO)
Now handling font encoding PU ...
... no UTF-8 mapping file for font encoding PU
)
Package hyperref Info: Option `colorlinks' set `true' on input line 4073.
Package hyperref Info: Option `pdfpagelabels' set `true' on input line 4073.
Package hyperref Info: Option `bookmarksnumbered' set `true' on input line 4073
.
Package hyperref Info: Option `hypertexnames' set `false' on input line 4073.
Package hyperref Info: Option `pdfpagelabels' set `false' on input line 4073.
Package hyperref Info: Hyper figures OFF on input line 4192.
Package hyperref Info: Link nesting OFF on input line 4197.
Package hyperref Info: Hyper index ON on input line 4200.
Package hyperref Info: Plain pages OFF on input line 4207.
Package hyperref Info: Backreferencing OFF on input line 4212.
Package hyperref Info: Implicit mode ON; LaTeX internals redefined.
Package hyperref Info: Bookmarks ON on input line 4445.
\c@Hy@tempcnt=\count281
 (C:\Users\Rutian Zhou\AppData\Local\Programs\MiKTeX\tex/latex/url\url.sty
\Urlmuskip=\muskip17
Package: url 2013/09/16  ver 3.4  Verb mode for urls, etc.
)
LaTeX Info: Redefining \url on input line 4804.
\XeTeXLinkMargin=\dimen167

(C:\Users\Rutian Zhou\AppData\Local\Programs\MiKTeX\tex/generic/bitset\bitset.s
ty
Package: bitset 2019/12/09 v1.3 Handle bit-vector datatype (HO)

(C:\Users\Rutian Zhou\AppData\Local\Programs\MiKTeX\tex/generic/bigintcalc\bigi
ntcalc.sty
Package: bigintcalc 2019/12/15 v1.5 Expandable calculations on big integers (HO
)
))
\Fld@menulength=\count282
\Field@Width=\dimen168
\Fld@charsize=\dimen169
Package hyperref Info: Hyper figures OFF on input line 6076.
Package hyperref Info: Link nesting OFF on input line 6081.
Package hyperref Info: Hyper index ON on input line 6084.
Package hyperref Info: backreferencing OFF on input line 6091.
Package hyperref Info: Link coloring ON on input line 6094.
Package hyperref Info: Link coloring with OCG OFF on input line 6101.
Package hyperref Info: PDF/A mode OFF on input line 6106.
LaTeX Info: Redefining \ref on input line 6146.
LaTeX Info: Redefining \pageref on input line 6150.

(C:\Users\Rutian Zhou\AppData\Local\Programs\MiKTeX\tex/latex/base\atbegshi-ltx
.sty
Package: atbegshi-ltx 2021/01/10 v1.0c Emulation of the original atbegshi
package with kernel methods
)
\c@Item=\count283
\c@Hfootnote=\count284
)
Package hyperref Info: Driver (autodetected): hpdftex.

(C:\Users\Rutian Zhou\AppData\Local\Programs\MiKTeX\tex/latex/hyperref\hpdftex.
def
File: hpdftex.def 2021-06-07 v7.00m Hyperref driver for pdfTeX
\Fld@listcount=\count285
\c@bookmark@seq@number=\count286

(C:\Users\Rutian Zhou\AppData\Local\Programs\MiKTeX\tex/latex/rerunfilecheck\re
runfilecheck.sty
Package: rerunfilecheck 2019/12/05 v1.9 Rerun checks for auxiliary files (HO)

(C:\Users\Rutian Zhou\AppData\Local\Programs\MiKTeX\tex/latex/base\atveryend-lt
x.sty
Package: atveryend-ltx 2020/08/19 v1.0a Emulation of the original atvery packag
e
with kernel methods
)
(C:\Users\Rutian Zhou\AppData\Local\Programs\MiKTeX\tex/generic/uniquecounter\u
niquecounter.sty
Package: uniquecounter 2019/12/15 v1.4 Provide unlimited unique counter (HO)
)
Package uniquecounter Info: New unique counter `rerunfilecheck' on input line 2
86.
)
\Hy@SectionHShift=\skip52
)
(C:\Users\Rutian Zhou\AppData\Local\Programs\MiKTeX\tex/latex/tablefootnote\tab
lefootnote.sty
Package: tablefootnote 2014/01/26 v1.1c Table foot notes (HMM)

(C:\Users\Rutian Zhou\AppData\Local\Programs\MiKTeX\tex/latex/xifthen\xifthen.s
ty
Package: xifthen 2015/11/05 v1.4.0 Extended ifthen features
 (C:\Users\Rutian Zhou\AppData\Local\Programs\MiKTeX\tex/latex/tools\calc.sty
Package: calc 2017/05/25 v4.3 Infix arithmetic (KKT,FJ)
\calc@Acount=\count287
\calc@Bcount=\count288
\calc@Adimen=\dimen170
\calc@Bdimen=\dimen171
\calc@Askip=\skip53
\calc@Bskip=\skip54
LaTeX Info: Redefining \setlength on input line 80.
LaTeX Info: Redefining \addtolength on input line 81.
\calc@Ccount=\count289
\calc@Cskip=\skip55
) (C:\Users\Rutian Zhou\AppData\Local\Programs\MiKTeX\tex/latex/base\ifthen.sty
Package: ifthen 2020/11/24 v1.1c Standard LaTeX ifthen package (DPC)
)
(C:\Users\Rutian Zhou\AppData\Local\Programs\MiKTeX\tex/latex/ifmtarg\ifmtarg.s
ty
Package: ifmtarg 2018/04/16 v1.2b check for an empty argument
))
(C:\Users\Rutian Zhou\AppData\Local\Programs\MiKTeX\tex/latex/etoolbox\etoolbox
.sty
Package: etoolbox 2020/10/05 v2.5k e-TeX tools for LaTeX (JAW)
\etb@tempcnta=\count290
))
(C:\Users\Rutian Zhou\AppData\Local\Programs\MiKTeX\tex/latex/standalone\standa
lone.sty
Package: standalone 2018/03/26 v1.3a Package to include TeX sub-files with prea
mbles

(C:\Users\Rutian Zhou\AppData\Local\Programs\MiKTeX\tex/latex/tools\shellesc.st
y
Package: shellesc 2019/11/08 v1.0c unified shell escape interface for LaTeX
Package shellesc Info: Restricted shell escape enabled on input line 77.
)
(C:\Users\Rutian Zhou\AppData\Local\Programs\MiKTeX\tex/latex/xkeyval\xkeyval.s
ty
Package: xkeyval 2020/11/20 v2.8 package option processing (HA)

(C:\Users\Rutian Zhou\AppData\Local\Programs\MiKTeX\tex/generic/xkeyval\xkeyval
.tex
(C:\Users\Rutian Zhou\AppData\Local\Programs\MiKTeX\tex/generic/xkeyval\xkvutil
s.tex
\XKV@toks=\toks27
\XKV@tempa@toks=\toks28
)
\XKV@depth=\count291
File: xkeyval.tex 2014/12/03 v2.7a key=value parser (HA)
))
(C:\Users\Rutian Zhou\AppData\Local\Programs\MiKTeX\tex/latex/currfile\currfile
.sty
Package: currfile 2020/09/29 v0.7d Provides the file path elements of the curre
nt input file

(C:\Users\Rutian Zhou\AppData\Local\Programs\MiKTeX\tex/latex/filehook\filehook
.sty
Package: filehook 2020/09/29 v0.8a Hooks for input files

(C:\Users\Rutian Zhou\AppData\Local\Programs\MiKTeX\tex/latex/filehook\filehook
-2020.sty
Package: filehook-2020 2020/09/29 v0.8a Hooks for input files
))
\c@currfiledepth=\count292
)
(C:\Users\Rutian Zhou\AppData\Local\Programs\MiKTeX\tex/latex/gincltex\gincltex
.sty
(C:\Users\Rutian Zhou\AppData\Local\Programs\MiKTeX\tex/latex/svn-prov\svn-prov
.sty
Package: svn-prov 2010/04/24 v3.1862 Package Date/Version from SVN Keywords
)
Package: gincltex 2011/09/04 v0.3 Include external LaTeX files like graphics

(C:\Users\Rutian Zhou\AppData\Local\Programs\MiKTeX\tex/latex/adjustbox\adjustb
ox.sty
Package: adjustbox 2020/08/19 v1.3 Adjusting TeX boxes (trim, clip, ...)

(C:\Users\Rutian Zhou\AppData\Local\Programs\MiKTeX\tex/latex/adjustbox\adjcalc
.sty
Package: adjcalc 2012/05/16 v1.1 Provides advanced setlength with multiple back
-ends (calc, etex, pgfmath)
)
(C:\Users\Rutian Zhou\AppData\Local\Programs\MiKTeX\tex/latex/adjustbox\trimcli
p.sty
Package: trimclip 2020/08/19 v1.2 Trim and clip general TeX material

(C:\Users\Rutian Zhou\AppData\Local\Programs\MiKTeX\tex/latex/collectbox\collec
tbox.sty
Package: collectbox 2012/05/17 v0.4b Collect macro arguments as boxes
\collectedbox=\box54
)
\tc@llx=\dimen172
\tc@lly=\dimen173
\tc@urx=\dimen174
\tc@ury=\dimen175
Package trimclip Info: Using driver 'tc-pdftex.def'.

(C:\Users\Rutian Zhou\AppData\Local\Programs\MiKTeX\tex/latex/adjustbox\tc-pdft
ex.def
File: tc-pdftex.def 2019/01/04 v2.2 Clipping driver for pdftex
))
\adjbox@Width=\dimen176
\adjbox@Height=\dimen177
\adjbox@Depth=\dimen178
\adjbox@Totalheight=\dimen179
\adjbox@pwidth=\dimen180
\adjbox@pheight=\dimen181
\adjbox@pdepth=\dimen182
\adjbox@ptotalheight=\dimen183

(C:\Users\Rutian Zhou\AppData\Local\Programs\MiKTeX\tex/latex/ifoddpage\ifoddpa
ge.sty
Package: ifoddpage 2016/04/23 v1.1 Conditionals for odd/even page detection
\c@checkoddpage=\count293
)
(C:\Users\Rutian Zhou\AppData\Local\Programs\MiKTeX\tex/latex/varwidth\varwidth
.sty
Package: varwidth 2009/03/30 ver 0.92;  Variable-width minipages
\@vwid@box=\box55
\sift@deathcycles=\count294
\@vwid@loff=\dimen184
\@vwid@roff=\dimen185
))
\gincltex@box=\box56
)
(C:\Users\Rutian Zhou\AppData\Local\Programs\MiKTeX\tex/latex/filemod\filemod-e
xpmin.sty
Package: filemod-expmin 2011/09/19 v1.2 Get and compare file modification times
 (expandable; minimal)
))
(C:\Users\Rutian Zhou\AppData\Local\Programs\MiKTeX\tex/latex/amsrefs\textcmds.
sty
Package: textcmds 2012/08/02 v2.00
)
(C:\Users\Rutian Zhou\AppData\Local\Programs\MiKTeX\tex/latex/enumitem\enumitem
.sty
Package: enumitem 2019/06/20 v3.9 Customized lists
\labelindent=\skip56
\enit@outerparindent=\dimen186
\enit@toks=\toks29
\enit@inbox=\box57
\enit@count@id=\count295
\enitdp@description=\count296
)
(C:\Users\Rutian Zhou\AppData\Local\Programs\MiKTeX\tex/latex/sidecap\sidecap.s
ty
Package: sidecap 2003/06/06 v1.6f SideCap Package (RN/HjG)
\SC@BOXWD=\dimen187
\SC@CAPWD=\dimen188
\SC@tempdima=\dimen189
\SC@tempdimb=\dimen190
\c@SC@C=\count297
\SC@BOX=\box58
)
(C:\Users\Rutian Zhou\AppData\Local\Programs\MiKTeX\tex/latex/chngcntr\chngcntr
.sty
Package: chngcntr 2018/04/09 v1.1a change counter resetting
Package chngcntr Info: \counterwithout already defined.
(chngcntr)             Quitting chngcntr on input line 21.
)
LaTeX Font Info:    Trying to load font information for T1+lmr on input line 19
.
 (C:\Users\Rutian Zhou\AppData\Local\Programs\MiKTeX\tex/latex/lm\t1lmr.fd
File: t1lmr.fd 2009/10/30 v1.6 Font defs for Latin Modern
)
(C:\Users\Rutian Zhou\AppData\Local\Programs\MiKTeX\tex/latex/l3backend\l3backe
nd-pdftex.def
File: l3backend-pdftex.def 2021-08-04 L3 backend support: PDF output (pdfTeX)
\l__color_backend_stack_int=\count298
\l__pdf_internal_box=\box59
) (Methods.aux)
\openout1 = `Methods.aux'.

LaTeX Font Info:    Checking defaults for OML/cmm/m/it on input line 19.
LaTeX Font Info:    ... okay on input line 19.
LaTeX Font Info:    Checking defaults for OMS/cmsy/m/n on input line 19.
LaTeX Font Info:    ... okay on input line 19.
LaTeX Font Info:    Checking defaults for OT1/cmr/m/n on input line 19.
LaTeX Font Info:    ... okay on input line 19.
LaTeX Font Info:    Checking defaults for T1/cmr/m/n on input line 19.
LaTeX Font Info:    ... okay on input line 19.
LaTeX Font Info:    Checking defaults for TS1/cmr/m/n on input line 19.
LaTeX Font Info:    ... okay on input line 19.
LaTeX Font Info:    Checking defaults for OMX/cmex/m/n on input line 19.
LaTeX Font Info:    ... okay on input line 19.
LaTeX Font Info:    Checking defaults for U/cmr/m/n on input line 19.
LaTeX Font Info:    ... okay on input line 19.
LaTeX Font Info:    Checking defaults for PD1/pdf/m/n on input line 19.
LaTeX Font Info:    ... okay on input line 19.
LaTeX Font Info:    Checking defaults for PU/pdf/m/n on input line 19.
LaTeX Font Info:    ... okay on input line 19.

(C:\Users\Rutian Zhou\AppData\Local\Programs\MiKTeX\tex/context/base/mkii\supp-
pdf.mkii
[Loading MPS to PDF converter (version 2006.09.02).]
\scratchcounter=\count299
\scratchdimen=\dimen191
\scratchbox=\box60
\nofMPsegments=\count300
\nofMParguments=\count301
\everyMPshowfont=\toks30
\MPscratchCnt=\count302
\MPscratchDim=\dimen192
\MPnumerator=\count303
\makeMPintoPDFobject=\count304
\everyMPtoPDFconversion=\toks31
)
(C:\Users\Rutian Zhou\AppData\Local\Programs\MiKTeX\tex/latex/epstopdf-pkg\epst
opdf-base.sty
Package: epstopdf-base 2020-01-24 v2.11 Base part for package epstopdf
Package epstopdf-base Info: Redefining graphics rule for `.eps' on input line 4
85.

(C:\Users\Rutian Zhou\AppData\Local\Programs\MiKTeX\tex/latex/00miktex\epstopdf
-sys.cfg
File: epstopdf-sys.cfg 2021/03/18 v2.0 Configuration of epstopdf for MiKTeX
))
Package caption Info: Begin \AtBeginDocument code.
Package caption Info: hyperref package is loaded.
Package caption Info: sidecap package is loaded.
Package caption Info: End \AtBeginDocument code.

*geometry* driver: auto-detecting
*geometry* detected driver: pdftex
*geometry* verbose mode - [ preamble ] result:
* driver: pdftex
* paper: <default>
* layout: <same size as paper>
* layoutoffset:(h,v)=(0.0pt,0.0pt)
* modes: 
* h-part:(L,W,R)=(107.97821pt, 398.33858pt, 107.97821pt)
* v-part:(T,H,B)=(95.39737pt, 556.47656pt, 143.09605pt)
* \paperwidth=614.295pt
* \paperheight=794.96999pt
* \textwidth=398.33858pt
* \textheight=556.47656pt
* \oddsidemargin=35.70822pt
* \evensidemargin=35.70822pt
* \topmargin=-13.87262pt
* \headheight=12.0pt
* \headsep=25.0pt
* \topskip=11.0pt
* \footskip=30.0pt
* \marginparwidth=59.0pt
* \marginparsep=10.0pt
* \columnsep=10.0pt
* \skip\footins=10.0pt plus 4.0pt minus 2.0pt
* \hoffset=0.0pt
* \voffset=0.0pt
* \mag=1000
* \@twocolumnfalse
* \@twosidefalse
* \@mparswitchfalse
* \@reversemarginfalse
* (1in=72.27pt=25.4mm, 1cm=28.453pt)


(C:\Users\Rutian Zhou\AppData\Local\Programs\MiKTeX\tex/latex/graphics\color.st
y
Package: color 2020/02/24 v1.2b Standard LaTeX Color (DPC)

(C:\Users\Rutian Zhou\AppData\Local\Programs\MiKTeX\tex/latex/graphics-cfg\colo
r.cfg
File: color.cfg 2016/01/02 v1.6 sample color configuration
)
Package color Info: Driver file: pdftex.def on input line 149.
)
Package hyperref Info: Link coloring ON on input line 19.

(C:\Users\Rutian Zhou\AppData\Local\Programs\MiKTeX\tex/latex/hyperref\nameref.
sty
Package: nameref 2021-04-02 v2.47 Cross-referencing by name of section

(C:\Users\Rutian Zhou\AppData\Local\Programs\MiKTeX\tex/latex/refcount\refcount
.sty
Package: refcount 2019/12/15 v3.6 Data extraction from label references (HO)
)
(C:\Users\Rutian Zhou\AppData\Local\Programs\MiKTeX\tex/generic/gettitlestring\
gettitlestring.sty
Package: gettitlestring 2019/12/15 v1.6 Cleanup title references (HO)
)
\c@section@level=\count305
)
LaTeX Info: Redefining \ref on input line 19.
LaTeX Info: Redefining \pageref on input line 19.
LaTeX Info: Redefining \nameref on input line 19.
 (Methods.out) (Methods.out)
\@outlinefile=\write3
\openout3 = `Methods.out'.


(C:\Users\Rutian Zhou\AppData\Local\Programs\MiKTeX\tex/latex/ragged2e\ragged2e
.sty
Package: ragged2e 2021/02/05 v3.0 ragged2e Package
\CenteringLeftskip=\skip57
\RaggedLeftLeftskip=\skip58
\RaggedRightLeftskip=\skip59
\CenteringRightskip=\skip60
\RaggedLeftRightskip=\skip61
\RaggedRightRightskip=\skip62
\CenteringParfillskip=\skip63
\RaggedLeftParfillskip=\skip64
\RaggedRightParfillskip=\skip65
\JustifyingParfillskip=\skip66
\CenteringParindent=\skip67
\RaggedLeftParindent=\skip68
\RaggedRightParindent=\skip69
\JustifyingParindent=\skip70
)
LaTeX Font Info:    Trying to load font information for OT1+lmr on input line 2
8.

(C:\Users\Rutian Zhou\AppData\Local\Programs\MiKTeX\tex/latex/lm\ot1lmr.fd
File: ot1lmr.fd 2009/10/30 v1.6 Font defs for Latin Modern
)
LaTeX Font Info:    Trying to load font information for OML+lmm on input line 2
8.

(C:\Users\Rutian Zhou\AppData\Local\Programs\MiKTeX\tex/latex/lm\omllmm.fd
File: omllmm.fd 2009/10/30 v1.6 Font defs for Latin Modern
)
LaTeX Font Info:    Trying to load font information for OMS+lmsy on input line 
28.

(C:\Users\Rutian Zhou\AppData\Local\Programs\MiKTeX\tex/latex/lm\omslmsy.fd
File: omslmsy.fd 2009/10/30 v1.6 Font defs for Latin Modern
)
LaTeX Font Info:    Trying to load font information for OMX+lmex on input line 
28.

(C:\Users\Rutian Zhou\AppData\Local\Programs\MiKTeX\tex/latex/lm\omxlmex.fd
File: omxlmex.fd 2009/10/30 v1.6 Font defs for Latin Modern
)
LaTeX Font Info:    External font `lmex10' loaded for size
(Font)              <10.95> on input line 28.
LaTeX Font Info:    External font `lmex10' loaded for size
(Font)              <8> on input line 28.
LaTeX Font Info:    External font `lmex10' loaded for size
(Font)              <6> on input line 28.
LaTeX Font Info:    Trying to load font information for U+msa on input line 28.


(C:\Users\Rutian Zhou\AppData\Local\Programs\MiKTeX\tex/latex/amsfonts\umsa.fd
File: umsa.fd 2013/01/14 v3.01 AMS symbols A
)
LaTeX Font Info:    Trying to load font information for U+msb on input line 28.

(C:\Users\Rutian Zhou\AppData\Local\Programs\MiKTeX\tex/latex/amsfonts\umsb.fd
File: umsb.fd 2013/01/14 v3.01 AMS symbols B
)
LaTeX Font Info:    Trying to load font information for U+rsfs on input line 28
.

(C:\Users\Rutian Zhou\AppData\Local\Programs\MiKTeX\tex/latex/jknappen\ursfs.fd
File: ursfs.fd 1998/03/24 rsfs font definition file (jk)
)
<../figures/sym_net.pdf, id=91, 82.12694pt x 70.36826pt>
File: ../figures/sym_net.pdf Graphic file (type pdf)
<use ../figures/sym_net.pdf>
Package pdftex.def Info: ../figures/sym_net.pdf  used on input line 34.
(pdftex.def)             Requested size: 111.29361pt x 95.36024pt.
LaTeX Font Info:    Trying to load font information for T1+lmss on input line 3
7.
 (C:\Users\Rutian Zhou\AppData\Local\Programs\MiKTeX\tex/latex/lm\t1lmss.fd
File: t1lmss.fd 2009/10/30 v1.6 Font defs for Latin Modern
)
<../figures/sym_recurrent.pdf, id=92, 274.33029pt x 110.87727pt>
File: ../figures/sym_recurrent.pdf Graphic file (type pdf)
<use ../figures/sym_recurrent.pdf>
Package pdftex.def Info: ../figures/sym_recurrent.pdf  used on input line 42.
(pdftex.def)             Requested size: 222.58722pt x 89.96405pt.

Overfull \hbox (63.25423pt too wide) in paragraph at lines 42--44
 [][] 
 []

[1

{C:/Users/Rutian Zhou/AppData/Local/MiKTeX/pdftex/config/pdftex.map} <../figure
s/sym_net.pdf> <../figures/sym_recurrent.pdf

pdfTeX warning: pdflatex.exe (file ../figures/sym_recurrent.pdf): PDF inclusion
: multiple pdfs with page group included in a single page
>]

LaTeX Warning: Citation `dayan2005theoretical' on page 2 undefined on input lin
e 76.

[2]
LaTeX Font Info:    External font `lmex10' loaded for size
(Font)              <9> on input line 110.
LaTeX Font Info:    External font `lmex10' loaded for size
(Font)              <5> on input line 110.


LaTeX Warning: Citation `tragenap2023nature' on page 3 undefined on input line 
128.

[3]

LaTeX Warning: Citation `tragenap2023nature' on page 4 undefined on input line 
141.


LaTeX Warning: Citation `Soch2019' on page 4 undefined on input line 157.


LaTeX Warning: Citation `tragenap2023nature' on page 4 undefined on input line 
172.

[4]

LaTeX Warning: Citation `tragenap2023nature' on page 5 undefined on input line 
180.

[5]

LaTeX Warning: Citation `tragenap2023nature' on page 6 undefined on input line 
223.


LaTeX Warning: Citation `tragenap2023nature' on page 6 undefined on input line 
237.


LaTeX Warning: Citation `tragenap2023nature' on page 6 undefined on input line 
241.

[6] [7]

LaTeX Warning: Citation `tragenap2023nature' on page 8 undefined on input line 
292.

[8]
<../figures/asym_net.pdf, id=223, 81.4576pt x 73.88393pt>
File: ../figures/asym_net.pdf Graphic file (type pdf)
<use ../figures/asym_net.pdf>
Package pdftex.def Info: ../figures/asym_net.pdf  used on input line 315.
(pdftex.def)             Requested size: 111.29361pt x 100.9509pt.
<../figures/asym_recurrent.pdf, id=224, 274.33029pt x 110.87727pt>
File: ../figures/asym_recurrent.pdf Graphic file (type pdf)
<use ../figures/asym_recurrent.pdf>
Package pdftex.def Info: ../figures/asym_recurrent.pdf  used on input line 323.

(pdftex.def)             Requested size: 222.58722pt x 89.96405pt.

Overfull \hbox (63.25423pt too wide) in paragraph at lines 323--325
 [][] 
 []

[9

 <../figures/asym_net.pdf> <../figures/asym_recurrent.pdf

pdfTeX warning: pdflatex.exe (file ../figures/asym_recurrent.pdf): PDF inclusio
n: multiple pdfs with page group included in a single page
>]

LaTeX Warning: Citation `rajan2006eigenvalue' on page 10 undefined on input lin
e 370.

<../figures/asym_eigval_distribution.pdf, id=246, 1340.8659pt x 380.21127pt>
File: ../figures/asym_eigval_distribution.pdf Graphic file (type pdf)
<use ../figures/asym_eigval_distribution.pdf>
Package pdftex.def Info: ../figures/asym_eigval_distribution.pdf  used on input
 line 373.
(pdftex.def)             Requested size: 398.33858pt x 112.95036pt.
LaTeX Font Info:    External font `lmex10' loaded for size
(Font)              <10> on input line 374.
LaTeX Font Info:    External font `lmex10' loaded for size
(Font)              <7> on input line 374.
[10] [11 <../figures/asym_eigval_distribution.pdf>] [12]
Overfull \hbox (3.89221pt too wide) in paragraph at lines 427--430
\T1/lmr/m/n/10.95 The so-lu-tion of evoked ac-tiv-ity is ap-prox-i-mated by Eul
er-Maruyama scheme eq.([][]1.20[][]).
 []

LaTeX Font Info:    Trying to load font information for TS1+lmr on input line 4
38.
(C:\Users\Rutian Zhou\AppData\Local\Programs\MiKTeX\tex/latex/lm\ts1lmr.fd
File: ts1lmr.fd 2009/10/30 v1.6 Font defs for Latin Modern
)
[13]
Overfull \hbox (16.57307pt too wide) in paragraph at lines 448--449
[]\T1/lmr/m/n/10.95 Analogously, cal-cu-lat-ing the ef-fec-tive di-men-sion-al-
ity an-a-lyt-i-cally de-fined by eq.([][]1.32[][])
 []

[14]

LaTeX Warning: Citation `mastrogiuseppe2018linking' on page 15 undefined on inp
ut line 462.


LaTeX Warning: Citation `mastrogiuseppe2018linking' on page 15 undefined on inp
ut line 464.


LaTeX Warning: Citation `harris2013cortical' on page 15 undefined on input line
 464.


LaTeX Warning: Citation `mastrogiuseppe2018linking' on page 15 undefined on inp
ut line 464.


LaTeX Warning: Citation `beiran2021shaping' on page 15 undefined on input line 
464.


LaTeX Warning: Citation `beiran2021shaping' on page 15 undefined on input line 
466.


LaTeX Warning: Citation `beiran2021shaping' on page 15 undefined on input line 
474.


LaTeX Warning: Citation `dubreuil2022role' on page 15 undefined on input line 4
74.


LaTeX Warning: Citation `beiran2021shaping' on page 15 undefined on input line 
474.

<../figures/low_rank_RNN_without_noise.jpg, id=334, 1459.4525pt x 464.73625pt>
File: ../figures/low_rank_RNN_without_noise.jpg Graphic file (type jpg)
<use ../figures/low_rank_RNN_without_noise.jpg>
Package pdftex.def Info: ../figures/low_rank_RNN_without_noise.jpg  used on inp
ut line 478.
(pdftex.def)             Requested size: 239.00557pt x 76.10378pt.

LaTeX Warning: Citation `beiran2023parametric' on page 15 undefined on input li
ne 479.


LaTeX Warning: Citation `beiran2023parametric' on page 15 undefined on input li
ne 479.

[15

]

LaTeX Warning: Citation `beiran2021shaping' on page 16 undefined on input line 
486.


LaTeX Warning: Citation `mastrogiuseppe2018linking' on page 16 undefined on inp
ut line 489.


LaTeX Warning: Citation `mastrogiuseppe2018linking' on page 16 undefined on inp
ut line 489.

<../figures/low_rank_RNN_with_noise.pdf, id=342, 1404.5277pt x 405.08633pt>
File: ../figures/low_rank_RNN_with_noise.pdf Graphic file (type pdf)
<use ../figures/low_rank_RNN_with_noise.pdf>
Package pdftex.def Info: ../figures/low_rank_RNN_with_noise.pdf  used on input 
line 492.
(pdftex.def)             Requested size: 298.75392pt x 86.16469pt.

LaTeX Warning: Citation `mastrogiuseppe2018linking' on page 16 undefined on inp
ut line 493.


LaTeX Warning: Citation `mastrogiuseppe2018linking' on page 16 undefined on inp
ut line 493.


LaTeX Warning: Citation `mastrogiuseppe2018linking' on page 16 undefined on inp
ut line 496.

[16 <../figures/low_rank_RNN_without_noise.jpg> <../figures/low_rank_RNN_with_n
oise.pdf>]
Overfull \hbox (9.43993pt too wide) in paragraph at lines 503--503
[]\T1/lmr/bx/n/10.95 Feedforward Re-cur-rent Align-ment Hy-poth-e-sis with Low-
rank RNNs 
 []

[17]
Overfull \hbox (0.67087pt too wide) in paragraph at lines 518--518
[]\T1/lmr/bx/n/10.95 Evaluation of Feed-for-ward Re-cur-rent Align-ment Hy-poth
-e-sis Based
 []


Overfull \hbox (8.38245pt too wide) in paragraph at lines 523--524
[]\T1/lmr/m/n/10.95 Dimensionality in both an-a-lyt-i-cal and em-pir-i-cal for-
mu-la-tions $\OML/lmm/m/it/10.95 d[]$ \T1/lmr/m/n/10.95 and $\OML/lmm/m/it/10.9
5 d[]$
 []

[18]

LaTeX Warning: Citation `marre2009reliable' on page 19 undefined on input line 
538.


LaTeX Warning: Citation `mulholland2023selective' on page 19 undefined on input
 line 539.


LaTeX Warning: Citation `marre2009reliable' on page 19 undefined on input line 
541.


LaTeX Warning: Citation `cosyne2023' on page 19 undefined on input line 546.

[19

] [20]

LaTeX Warning: Citation `dayan2005theoretical' on page 21 undefined on input li
ne 586.

[21] [22]

LaTeX Warning: Citation `mulholland2023selective' on page 23 undefined on input
 line 660.

[23] [24]

LaTeX Warning: Citation `dayan2005theoretical' on page 25 undefined on input li
ne 688.

<../figures/feedforward_recurrent.pdf, id=470, 255.93503pt x 126.86894pt>
File: ../figures/feedforward_recurrent.pdf Graphic file (type pdf)
<use ../figures/feedforward_recurrent.pdf>
Package pdftex.def Info: ../figures/feedforward_recurrent.pdf  used on input li
ne 694.
(pdftex.def)             Requested size: 199.16928pt x 98.7328pt.

LaTeX Warning: Citation `dayan2005theoretical' on page 25 undefined on input li
ne 700.


LaTeX Warning: Citation `dayan2005theoretical' on page 25 undefined on input li
ne 702.


LaTeX Warning: Citation `dayan2005theoretical' on page 25 undefined on input li
ne 704.


LaTeX Warning: Reference `feedforward_recurrent_network' on page 25 undefined o
n input line 704.

[25

 <../figures/feedforward_recurrent.pdf>]
<../figures/single_neuron_feedforward_recurrent.pdf, id=486, 264.23793pt x 121.
22018pt>
File: ../figures/single_neuron_feedforward_recurrent.pdf Graphic file (type pdf
)
<use ../figures/single_neuron_feedforward_recurrent.pdf>
Package pdftex.def Info: ../figures/single_neuron_feedforward_recurrent.pdf  us
ed on input line 716.
(pdftex.def)             Requested size: 199.16928pt x 91.36992pt.
 [26 <../figures/single_neuron_feedforward_recurrent.pdf>] [27] [28] [29] [30] 
[31] (Methods.aux)

LaTeX Warning: There were undefined references.

Package rerunfilecheck Info: File `Methods.out' has not changed.
(rerunfilecheck)             Checksum: DE3DA4EBDB4EBD99AF5619977EA2D6D1;6778.
 ) 
Here is how much of TeX's memory you used:
 15183 strings out of 478927
 243560 string characters out of 2849656
 563860 words of memory out of 3000000
 32513 multiletter control sequences out of 15000+600000
 496385 words of font info for 94 fonts, out of 8000000 for 9000
 1141 hyphenation exceptions out of 8191
 95i,17n,94p,911b,706s stack positions out of 5000i,500n,10000p,200000b,80000s
{C:/Users/Rutian Zhou/AppData/Local/Programs/MiKTeX/fonts/enc/dvips/lm/lm-rm.
enc}{C:/Users/Rutian Zhou/AppData/Local/Programs/MiKTeX/fonts/enc/dvips/lm/lm-m
athit.enc}{C:/Users/Rutian Zhou/AppData/Local/Programs/MiKTeX/fonts/enc/dvips/l
m/lm-ts1.enc}{C:/Users/Rutian Zhou/AppData/Local/Programs/MiKTeX/fonts/enc/dvip
s/lm/lm-mathsy.enc}{C:/Users/Rutian Zhou/AppData/Local/Programs/MiKTeX/fonts/en
c/dvips/lm/lm-ec.enc}{C:/Users/Rutian Zhou/AppData/Local/Programs/MiKTeX/fonts/
enc/dvips/lm/lm-mathex.enc}<C:/Users/Rutian Zhou/AppData/Local/Programs/MiKTeX/
fonts/type1/public/lm/lmbx10.pfb><C:/Users/Rutian Zhou/AppData/Local/Programs/M
iKTeX/fonts/type1/public/lm/lmbx12.pfb><C:/Users/Rutian Zhou/AppData/Local/Prog
rams/MiKTeX/fonts/type1/public/lm/lmex10.pfb><C:/Users/Rutian Zhou/AppData/Loca
l/Programs/MiKTeX/fonts/type1/public/lm/lmmi10.pfb><C:/Users/Rutian Zhou/AppDat
a/Local/Programs/MiKTeX/fonts/type1/public/lm/lmmi6.pfb><C:/Users/Rutian Zhou/A
ppData/Local/Programs/MiKTeX/fonts/type1/public/lm/lmmi8.pfb><C:/Users/Rutian Z
hou/AppData/Local/Programs/MiKTeX/fonts/type1/public/lm/lmmi9.pfb><C:/Users/Rut
ian Zhou/AppData/Local/Programs/MiKTeX/fonts/type1/public/lm/lmr10.pfb><C:/User
s/Rutian Zhou/AppData/Local/Programs/MiKTeX/fonts/type1/public/lm/lmr6.pfb><C:/
Users/Rutian Zhou/AppData/Local/Programs/MiKTeX/fonts/type1/public/lm/lmr8.pfb>
<C:/Users/Rutian Zhou/AppData/Local/Programs/MiKTeX/fonts/type1/public/lm/lmr9.
pfb><C:/Users/Rutian Zhou/AppData/Local/Programs/MiKTeX/fonts/type1/public/lm/l
mssbx10.pfb><C:/Users/Rutian Zhou/AppData/Local/Programs/MiKTeX/fonts/type1/pub
lic/lm/lmsy10.pfb><C:/Users/Rutian Zhou/AppData/Local/Programs/MiKTeX/fonts/typ
e1/public/lm/lmsy6.pfb><C:/Users/Rutian Zhou/AppData/Local/Programs/MiKTeX/font
s/type1/public/lm/lmsy8.pfb><C:/Users/Rutian Zhou/AppData/Local/Programs/MiKTeX
/fonts/type1/public/amsfonts/symbols/msbm10.pfb>
Output written on Methods.pdf (31 pages, 705225 bytes).
PDF statistics:
 686 PDF objects out of 1000 (max. 8388607)
 195 named destinations out of 1000 (max. 500000)
 222 words of extra memory for PDF output out of 10000 (max. 10000000)

