This is pdfTeX, Version 3.141592653-2.6-1.40.23 (MiKTeX 21.8) (preloaded format=pdflatex 2023.1.2)  20 MAR 2024 16:06
entering extended mode
**./Results.tex
(Results.tex
LaTeX2e <2021-06-01> patch level 1
L3 programming layer <2021-08-27>
(C:\Users\Rutian Zhou\AppData\Local\Programs\MiKTeX\tex/latex/base\article.cls
Document Class: article 2021/02/12 v1.4n Standard LaTeX document class
(C:\Users\Rutian Zhou\AppData\Local\Programs\MiKTeX\tex/latex/base\size11.clo
File: size11.clo 2021/02/12 v1.4n Standard LaTeX file (size option)
)
\c@part=\count182
\c@section=\count183
\c@subsection=\count184
\c@subsubsection=\count185
\c@paragraph=\count186
\c@subparagraph=\count187
\c@figure=\count188
\c@table=\count189
\abovecaptionskip=\skip47
\belowcaptionskip=\skip48
\bibindent=\dimen138
)
(C:\Users\Rutian Zhou\AppData\Local\Programs\MiKTeX\tex/generic/babel\babel.sty
Package: babel 2021/07/22 3.63 The Babel package

(C:\Users\Rutian Zhou\AppData\Local\Programs\MiKTeX\tex/generic/babel\babel.def
File: babel.def 2021/07/22 3.63 Babel common definitions
\babel@savecnt=\count190
\U@D=\dimen139
\l@unhyphenated=\language79

(C:\Users\Rutian Zhou\AppData\Local\Programs\MiKTeX\tex/generic/babel\txtbabel.
def)
\bbl@readstream=\read2
)
\bbl@dirlevel=\count191

*************************************
* Local config file bblopts.cfg used
*

(C:\Users\Rutian Zhou\AppData\Local\Programs\MiKTeX\tex/latex/arabi\bblopts.cfg
File: bblopts.cfg 2005/09/08 v0.1 add Arabic and Farsi to "declared" options of
 babel
)
(C:\Users\Rutian Zhou\AppData\Local\Programs\MiKTeX\tex/latex/babel-english\eng
lish.ldf
Language: english 2017/06/06 v3.3r English support from the babel system
Package babel Info: Hyphen rules for 'canadian' set to \l@english
(babel)             (\language0). Reported on input line 102.
Package babel Info: Hyphen rules for 'australian' set to \l@ukenglish
(babel)             (\language73). Reported on input line 105.
Package babel Info: Hyphen rules for 'newzealand' set to \l@ukenglish
(babel)             (\language73). Reported on input line 108.
))
(C:\Users\Rutian Zhou\AppData\Local\Programs\MiKTeX\tex/latex/base\inputenc.sty
Package: inputenc 2021/02/14 v1.3d Input encoding file
\inpenc@prehook=\toks16
\inpenc@posthook=\toks17
)
(C:\Users\Rutian Zhou\AppData\Local\Programs\MiKTeX\tex/latex/base\fontenc.sty
Package: fontenc 2021/04/29 v2.0v Standard LaTeX package
) (C:\Users\Rutian Zhou\AppData\Local\Programs\MiKTeX\tex/latex/float\float.sty
Package: float 2001/11/08 v1.3d Float enhancements (AL)
\c@float@type=\count192
\float@exts=\toks18
\float@box=\box50
\@float@everytoks=\toks19
\@floatcapt=\box51
) (C:\Users\Rutian Zhou\AppData\Local\Programs\MiKTeX\tex/latex/lm\lmodern.sty
Package: lmodern 2009/10/30 v1.6 Latin Modern Fonts
LaTeX Font Info:    Overwriting symbol font `operators' in version `normal'
(Font)                  OT1/cmr/m/n --> OT1/lmr/m/n on input line 22.
LaTeX Font Info:    Overwriting symbol font `letters' in version `normal'
(Font)                  OML/cmm/m/it --> OML/lmm/m/it on input line 23.
LaTeX Font Info:    Overwriting symbol font `symbols' in version `normal'
(Font)                  OMS/cmsy/m/n --> OMS/lmsy/m/n on input line 24.
LaTeX Font Info:    Overwriting symbol font `largesymbols' in version `normal'
(Font)                  OMX/cmex/m/n --> OMX/lmex/m/n on input line 25.
LaTeX Font Info:    Overwriting symbol font `operators' in version `bold'
(Font)                  OT1/cmr/bx/n --> OT1/lmr/bx/n on input line 26.
LaTeX Font Info:    Overwriting symbol font `letters' in version `bold'
(Font)                  OML/cmm/b/it --> OML/lmm/b/it on input line 27.
LaTeX Font Info:    Overwriting symbol font `symbols' in version `bold'
(Font)                  OMS/cmsy/b/n --> OMS/lmsy/b/n on input line 28.
LaTeX Font Info:    Overwriting symbol font `largesymbols' in version `bold'
(Font)                  OMX/cmex/m/n --> OMX/lmex/m/n on input line 29.
LaTeX Font Info:    Overwriting math alphabet `\mathbf' in version `normal'
(Font)                  OT1/cmr/bx/n --> OT1/lmr/bx/n on input line 31.
LaTeX Font Info:    Overwriting math alphabet `\mathsf' in version `normal'
(Font)                  OT1/cmss/m/n --> OT1/lmss/m/n on input line 32.
LaTeX Font Info:    Overwriting math alphabet `\mathit' in version `normal'
(Font)                  OT1/cmr/m/it --> OT1/lmr/m/it on input line 33.
LaTeX Font Info:    Overwriting math alphabet `\mathtt' in version `normal'
(Font)                  OT1/cmtt/m/n --> OT1/lmtt/m/n on input line 34.
LaTeX Font Info:    Overwriting math alphabet `\mathbf' in version `bold'
(Font)                  OT1/cmr/bx/n --> OT1/lmr/bx/n on input line 35.
LaTeX Font Info:    Overwriting math alphabet `\mathsf' in version `bold'
(Font)                  OT1/cmss/bx/n --> OT1/lmss/bx/n on input line 36.
LaTeX Font Info:    Overwriting math alphabet `\mathit' in version `bold'
(Font)                  OT1/cmr/bx/it --> OT1/lmr/bx/it on input line 37.
LaTeX Font Info:    Overwriting math alphabet `\mathtt' in version `bold'
(Font)                  OT1/cmtt/m/n --> OT1/lmtt/m/n on input line 38.
)
(C:\Users\Rutian Zhou\AppData\Local\Programs\MiKTeX\tex/latex/amsmath\amsmath.s
ty
Package: amsmath 2021/04/20 v2.17j AMS math features
\@mathmargin=\skip49

For additional information on amsmath, use the `?' option.

(C:\Users\Rutian Zhou\AppData\Local\Programs\MiKTeX\tex/latex/amsmath\amstext.s
ty
Package: amstext 2000/06/29 v2.01 AMS text

(C:\Users\Rutian Zhou\AppData\Local\Programs\MiKTeX\tex/latex/amsmath\amsgen.st
y
File: amsgen.sty 1999/11/30 v2.0 generic functions
\@emptytoks=\toks20
\ex@=\dimen140
))
(C:\Users\Rutian Zhou\AppData\Local\Programs\MiKTeX\tex/latex/amsmath\amsbsy.st
y
Package: amsbsy 1999/11/29 v1.2d Bold Symbols
\pmbraise@=\dimen141
)
(C:\Users\Rutian Zhou\AppData\Local\Programs\MiKTeX\tex/latex/amsmath\amsopn.st
y
Package: amsopn 2016/03/08 v2.02 operator names
)
\inf@bad=\count193
LaTeX Info: Redefining \frac on input line 234.
\uproot@=\count194
\leftroot@=\count195
LaTeX Info: Redefining \overline on input line 399.
\classnum@=\count196
\DOTSCASE@=\count197
LaTeX Info: Redefining \ldots on input line 496.
LaTeX Info: Redefining \dots on input line 499.
LaTeX Info: Redefining \cdots on input line 620.
\Mathstrutbox@=\box52
\strutbox@=\box53
\big@size=\dimen142
LaTeX Font Info:    Redeclaring font encoding OML on input line 743.
LaTeX Font Info:    Redeclaring font encoding OMS on input line 744.
\macc@depth=\count198
\c@MaxMatrixCols=\count199
\dotsspace@=\muskip16
\c@parentequation=\count266
\dspbrk@lvl=\count267
\tag@help=\toks21
\row@=\count268
\column@=\count269
\maxfields@=\count270
\andhelp@=\toks22
\eqnshift@=\dimen143
\alignsep@=\dimen144
\tagshift@=\dimen145
\tagwidth@=\dimen146
\totwidth@=\dimen147
\lineht@=\dimen148
\@envbody=\toks23
\multlinegap=\skip50
\multlinetaggap=\skip51
\mathdisplay@stack=\toks24
LaTeX Info: Redefining \[ on input line 2923.
LaTeX Info: Redefining \] on input line 2924.
)
(C:\Users\Rutian Zhou\AppData\Local\Programs\MiKTeX\tex/latex/amsfonts\amssymb.
sty
Package: amssymb 2013/01/14 v3.01 AMS font symbols

(C:\Users\Rutian Zhou\AppData\Local\Programs\MiKTeX\tex/latex/amsfonts\amsfonts
.sty
Package: amsfonts 2013/01/14 v3.01 Basic AMSFonts support
\symAMSa=\mathgroup4
\symAMSb=\mathgroup5
LaTeX Font Info:    Redeclaring math symbol \hbar on input line 98.
LaTeX Font Info:    Overwriting math alphabet `\mathfrak' in version `bold'
(Font)                  U/euf/m/n --> U/euf/b/n on input line 106.
))
(C:\Users\Rutian Zhou\AppData\Local\Programs\MiKTeX\tex/latex/jknappen\mathrsfs
.sty
Package: mathrsfs 1996/01/01 Math RSFS package v1.0 (jk)
\symrsfs=\mathgroup6
)
(C:\Users\Rutian Zhou\AppData\Local\Programs\MiKTeX\tex/latex/graphics\graphicx
.sty
Package: graphicx 2020/12/05 v1.2c Enhanced LaTeX Graphics (DPC,SPQR)

(C:\Users\Rutian Zhou\AppData\Local\Programs\MiKTeX\tex/latex/graphics\keyval.s
ty
Package: keyval 2014/10/28 v1.15 key=value parser (DPC)
\KV@toks@=\toks25
)
(C:\Users\Rutian Zhou\AppData\Local\Programs\MiKTeX\tex/latex/graphics\graphics
.sty
Package: graphics 2021/03/04 v1.4d Standard LaTeX Graphics (DPC,SPQR)

(C:\Users\Rutian Zhou\AppData\Local\Programs\MiKTeX\tex/latex/graphics\trig.sty
Package: trig 2016/01/03 v1.10 sin cos tan (DPC)
)
(C:\Users\Rutian Zhou\AppData\Local\Programs\MiKTeX\tex/latex/graphics-cfg\grap
hics.cfg
File: graphics.cfg 2016/06/04 v1.11 sample graphics configuration
)
Package graphics Info: Driver file: pdftex.def on input line 107.

(C:\Users\Rutian Zhou\AppData\Local\Programs\MiKTeX\tex/latex/graphics-def\pdft
ex.def
File: pdftex.def 2020/10/05 v1.2a Graphics/color driver for pdftex
))
\Gin@req@height=\dimen149
\Gin@req@width=\dimen150
)
(C:\Users\Rutian Zhou\AppData\Local\Programs\MiKTeX\tex/latex/caption\caption.s
ty
Package: caption 2020/10/26 v3.5g Customizing captions (AR)

(C:\Users\Rutian Zhou\AppData\Local\Programs\MiKTeX\tex/latex/caption\caption3.
sty
Package: caption3 2020/10/21 v2.2e caption3 kernel (AR)
\captionmargin=\dimen151
\captionmargin@=\dimen152
\captionwidth=\dimen153
\caption@tempdima=\dimen154
\caption@indent=\dimen155
\caption@parindent=\dimen156
\caption@hangindent=\dimen157
Package caption Info: Standard document class detected.
)
\c@caption@flags=\count271
\c@continuedfloat=\count272
Package caption Info: float package is loaded.
)
(C:\Users\Rutian Zhou\AppData\Local\Programs\MiKTeX\tex/latex/caption\subcaptio
n.sty
Package: subcaption 2020/10/07 v1.3j Sub-captions (AR)
\c@subfigure=\count273
\c@subtable=\count274
)
(C:\Users\Rutian Zhou\AppData\Local\Programs\MiKTeX\tex/latex/geometry\geometry
.sty
Package: geometry 2020/01/02 v5.9 Page Geometry

(C:\Users\Rutian Zhou\AppData\Local\Programs\MiKTeX\tex/generic/iftex\ifvtex.st
y
Package: ifvtex 2019/10/25 v1.7 ifvtex legacy package. Use iftex instead.

(C:\Users\Rutian Zhou\AppData\Local\Programs\MiKTeX\tex/generic/iftex\iftex.sty
Package: iftex 2020/03/06 v1.0d TeX engine tests
))
\Gm@cnth=\count275
\Gm@cntv=\count276
\c@Gm@tempcnt=\count277
\Gm@bindingoffset=\dimen158
\Gm@wd@mp=\dimen159
\Gm@odd@mp=\dimen160
\Gm@even@mp=\dimen161
\Gm@layoutwidth=\dimen162
\Gm@layoutheight=\dimen163
\Gm@layouthoffset=\dimen164
\Gm@layoutvoffset=\dimen165
\Gm@dimlist=\toks26

(C:\Users\Rutian Zhou\AppData\Local\Programs\MiKTeX\tex/latex/geometry\geometry
.cfg))
(C:\Users\Rutian Zhou\AppData\Local\Programs\MiKTeX\tex/latex/hyperref\hyperref
.sty
Package: hyperref 2021-06-07 v7.00m Hypertext links for LaTeX

(C:\Users\Rutian Zhou\AppData\Local\Programs\MiKTeX\tex/generic/ltxcmds\ltxcmds
.sty
Package: ltxcmds 2020-05-10 v1.25 LaTeX kernel commands for general use (HO)
)
(C:\Users\Rutian Zhou\AppData\Local\Programs\MiKTeX\tex/generic/pdftexcmds\pdft
excmds.sty
Package: pdftexcmds 2020-06-27 v0.33 Utility functions of pdfTeX for LuaTeX (HO
)

(C:\Users\Rutian Zhou\AppData\Local\Programs\MiKTeX\tex/generic/infwarerr\infwa
rerr.sty
Package: infwarerr 2019/12/03 v1.5 Providing info/warning/error messages (HO)
)
Package pdftexcmds Info: \pdf@primitive is available.
Package pdftexcmds Info: \pdf@ifprimitive is available.
Package pdftexcmds Info: \pdfdraftmode found.
)
(C:\Users\Rutian Zhou\AppData\Local\Programs\MiKTeX\tex/generic/kvsetkeys\kvset
keys.sty
Package: kvsetkeys 2019/12/15 v1.18 Key value parser (HO)
)
(C:\Users\Rutian Zhou\AppData\Local\Programs\MiKTeX\tex/generic/kvdefinekeys\kv
definekeys.sty
Package: kvdefinekeys 2019-12-19 v1.6 Define keys (HO)
)
(C:\Users\Rutian Zhou\AppData\Local\Programs\MiKTeX\tex/generic/pdfescape\pdfes
cape.sty
Package: pdfescape 2019/12/09 v1.15 Implements pdfTeX's escape features (HO)
)
(C:\Users\Rutian Zhou\AppData\Local\Programs\MiKTeX\tex/latex/hycolor\hycolor.s
ty
Package: hycolor 2020-01-27 v1.10 Color options for hyperref/bookmark (HO)
)
(C:\Users\Rutian Zhou\AppData\Local\Programs\MiKTeX\tex/latex/letltxmacro\letlt
xmacro.sty
Package: letltxmacro 2019/12/03 v1.6 Let assignment for LaTeX macros (HO)
)
(C:\Users\Rutian Zhou\AppData\Local\Programs\MiKTeX\tex/latex/auxhook\auxhook.s
ty
Package: auxhook 2019-12-17 v1.6 Hooks for auxiliary files (HO)
)
(C:\Users\Rutian Zhou\AppData\Local\Programs\MiKTeX\tex/latex/kvoptions\kvoptio
ns.sty
Package: kvoptions 2020-10-07 v3.14 Key value format for package options (HO)
)
\@linkdim=\dimen166
\Hy@linkcounter=\count278
\Hy@pagecounter=\count279

(C:\Users\Rutian Zhou\AppData\Local\Programs\MiKTeX\tex/latex/hyperref\pd1enc.d
ef
File: pd1enc.def 2021-06-07 v7.00m Hyperref: PDFDocEncoding definition (HO)
Now handling font encoding PD1 ...
... no UTF-8 mapping file for font encoding PD1
)
(C:\Users\Rutian Zhou\AppData\Local\Programs\MiKTeX\tex/latex/hyperref\hyperref
-langpatches.def
File: hyperref-langpatches.def 2021-06-07 v7.00m Hyperref: patches for babel la
nguages
)
(C:\Users\Rutian Zhou\AppData\Local\Programs\MiKTeX\tex/generic/intcalc\intcalc
.sty
Package: intcalc 2019/12/15 v1.3 Expandable calculations with integers (HO)
)
(C:\Users\Rutian Zhou\AppData\Local\Programs\MiKTeX\tex/generic/etexcmds\etexcm
ds.sty
Package: etexcmds 2019/12/15 v1.7 Avoid name clashes with e-TeX commands (HO)
)
\Hy@SavedSpaceFactor=\count280

(C:\Users\Rutian Zhou\AppData\Local\Programs\MiKTeX\tex/latex/hyperref\puenc.de
f
File: puenc.def 2021-06-07 v7.00m Hyperref: PDF Unicode definition (HO)
Now handling font encoding PU ...
... no UTF-8 mapping file for font encoding PU
)
Package hyperref Info: Option `colorlinks' set `true' on input line 4073.
Package hyperref Info: Option `pdfpagelabels' set `true' on input line 4073.
Package hyperref Info: Option `bookmarksnumbered' set `true' on input line 4073
.
Package hyperref Info: Option `hypertexnames' set `false' on input line 4073.
Package hyperref Info: Option `pdfpagelabels' set `false' on input line 4073.
Package hyperref Info: Hyper figures OFF on input line 4192.
Package hyperref Info: Link nesting OFF on input line 4197.
Package hyperref Info: Hyper index ON on input line 4200.
Package hyperref Info: Plain pages OFF on input line 4207.
Package hyperref Info: Backreferencing OFF on input line 4212.
Package hyperref Info: Implicit mode ON; LaTeX internals redefined.
Package hyperref Info: Bookmarks ON on input line 4445.
\c@Hy@tempcnt=\count281
 (C:\Users\Rutian Zhou\AppData\Local\Programs\MiKTeX\tex/latex/url\url.sty
\Urlmuskip=\muskip17
Package: url 2013/09/16  ver 3.4  Verb mode for urls, etc.
)
LaTeX Info: Redefining \url on input line 4804.
\XeTeXLinkMargin=\dimen167

(C:\Users\Rutian Zhou\AppData\Local\Programs\MiKTeX\tex/generic/bitset\bitset.s
ty
Package: bitset 2019/12/09 v1.3 Handle bit-vector datatype (HO)

(C:\Users\Rutian Zhou\AppData\Local\Programs\MiKTeX\tex/generic/bigintcalc\bigi
ntcalc.sty
Package: bigintcalc 2019/12/15 v1.5 Expandable calculations on big integers (HO
)
))
\Fld@menulength=\count282
\Field@Width=\dimen168
\Fld@charsize=\dimen169
Package hyperref Info: Hyper figures OFF on input line 6076.
Package hyperref Info: Link nesting OFF on input line 6081.
Package hyperref Info: Hyper index ON on input line 6084.
Package hyperref Info: backreferencing OFF on input line 6091.
Package hyperref Info: Link coloring ON on input line 6094.
Package hyperref Info: Link coloring with OCG OFF on input line 6101.
Package hyperref Info: PDF/A mode OFF on input line 6106.
LaTeX Info: Redefining \ref on input line 6146.
LaTeX Info: Redefining \pageref on input line 6150.

(C:\Users\Rutian Zhou\AppData\Local\Programs\MiKTeX\tex/latex/base\atbegshi-ltx
.sty
Package: atbegshi-ltx 2021/01/10 v1.0c Emulation of the original atbegshi
package with kernel methods
)
\c@Item=\count283
\c@Hfootnote=\count284
)
Package hyperref Info: Driver (autodetected): hpdftex.

(C:\Users\Rutian Zhou\AppData\Local\Programs\MiKTeX\tex/latex/hyperref\hpdftex.
def
File: hpdftex.def 2021-06-07 v7.00m Hyperref driver for pdfTeX
\Fld@listcount=\count285
\c@bookmark@seq@number=\count286

(C:\Users\Rutian Zhou\AppData\Local\Programs\MiKTeX\tex/latex/rerunfilecheck\re
runfilecheck.sty
Package: rerunfilecheck 2019/12/05 v1.9 Rerun checks for auxiliary files (HO)

(C:\Users\Rutian Zhou\AppData\Local\Programs\MiKTeX\tex/latex/base\atveryend-lt
x.sty
Package: atveryend-ltx 2020/08/19 v1.0a Emulation of the original atvery packag
e
with kernel methods
)
(C:\Users\Rutian Zhou\AppData\Local\Programs\MiKTeX\tex/generic/uniquecounter\u
niquecounter.sty
Package: uniquecounter 2019/12/15 v1.4 Provide unlimited unique counter (HO)
)
Package uniquecounter Info: New unique counter `rerunfilecheck' on input line 2
86.
)
\Hy@SectionHShift=\skip52
)
(C:\Users\Rutian Zhou\AppData\Local\Programs\MiKTeX\tex/latex/tablefootnote\tab
lefootnote.sty
Package: tablefootnote 2014/01/26 v1.1c Table foot notes (HMM)

(C:\Users\Rutian Zhou\AppData\Local\Programs\MiKTeX\tex/latex/xifthen\xifthen.s
ty
Package: xifthen 2015/11/05 v1.4.0 Extended ifthen features
 (C:\Users\Rutian Zhou\AppData\Local\Programs\MiKTeX\tex/latex/tools\calc.sty
Package: calc 2017/05/25 v4.3 Infix arithmetic (KKT,FJ)
\calc@Acount=\count287
\calc@Bcount=\count288
\calc@Adimen=\dimen170
\calc@Bdimen=\dimen171
\calc@Askip=\skip53
\calc@Bskip=\skip54
LaTeX Info: Redefining \setlength on input line 80.
LaTeX Info: Redefining \addtolength on input line 81.
\calc@Ccount=\count289
\calc@Cskip=\skip55
) (C:\Users\Rutian Zhou\AppData\Local\Programs\MiKTeX\tex/latex/base\ifthen.sty
Package: ifthen 2020/11/24 v1.1c Standard LaTeX ifthen package (DPC)
)
(C:\Users\Rutian Zhou\AppData\Local\Programs\MiKTeX\tex/latex/ifmtarg\ifmtarg.s
ty
Package: ifmtarg 2018/04/16 v1.2b check for an empty argument
))
(C:\Users\Rutian Zhou\AppData\Local\Programs\MiKTeX\tex/latex/etoolbox\etoolbox
.sty
Package: etoolbox 2020/10/05 v2.5k e-TeX tools for LaTeX (JAW)
\etb@tempcnta=\count290
))
(C:\Users\Rutian Zhou\AppData\Local\Programs\MiKTeX\tex/latex/amsrefs\textcmds.
sty
Package: textcmds 2012/08/02 v2.00
)
(C:\Users\Rutian Zhou\AppData\Local\Programs\MiKTeX\tex/latex/enumitem\enumitem
.sty
Package: enumitem 2019/06/20 v3.9 Customized lists
\labelindent=\skip56
\enit@outerparindent=\dimen172
\enit@toks=\toks27
\enit@inbox=\box54
\enit@count@id=\count291
\enitdp@description=\count292
)
(C:\Users\Rutian Zhou\AppData\Local\Programs\MiKTeX\tex/latex/sidecap\sidecap.s
ty
Package: sidecap 2003/06/06 v1.6f SideCap Package (RN/HjG)
\SC@BOXWD=\dimen173
\SC@CAPWD=\dimen174
\SC@tempdima=\dimen175
\SC@tempdimb=\dimen176
\c@SC@C=\count293
\SC@BOX=\box55
)
(C:\Users\Rutian Zhou\AppData\Local\Programs\MiKTeX\tex/latex/chngcntr\chngcntr
.sty
Package: chngcntr 2018/04/09 v1.1a change counter resetting
Package chngcntr Info: \counterwithout already defined.
(chngcntr)             Quitting chngcntr on input line 21.
)
LaTeX Font Info:    Trying to load font information for T1+lmr on input line 19
.
 (C:\Users\Rutian Zhou\AppData\Local\Programs\MiKTeX\tex/latex/lm\t1lmr.fd
File: t1lmr.fd 2009/10/30 v1.6 Font defs for Latin Modern
)
(C:\Users\Rutian Zhou\AppData\Local\Programs\MiKTeX\tex/latex/l3backend\l3backe
nd-pdftex.def
File: l3backend-pdftex.def 2021-08-04 L3 backend support: PDF output (pdfTeX)
\l__color_backend_stack_int=\count294
\l__pdf_internal_box=\box56
) (Results.aux)
\openout1 = `Results.aux'.

LaTeX Font Info:    Checking defaults for OML/cmm/m/it on input line 19.
LaTeX Font Info:    ... okay on input line 19.
LaTeX Font Info:    Checking defaults for OMS/cmsy/m/n on input line 19.
LaTeX Font Info:    ... okay on input line 19.
LaTeX Font Info:    Checking defaults for OT1/cmr/m/n on input line 19.
LaTeX Font Info:    ... okay on input line 19.
LaTeX Font Info:    Checking defaults for T1/cmr/m/n on input line 19.
LaTeX Font Info:    ... okay on input line 19.
LaTeX Font Info:    Checking defaults for TS1/cmr/m/n on input line 19.
LaTeX Font Info:    ... okay on input line 19.
LaTeX Font Info:    Checking defaults for OMX/cmex/m/n on input line 19.
LaTeX Font Info:    ... okay on input line 19.
LaTeX Font Info:    Checking defaults for U/cmr/m/n on input line 19.
LaTeX Font Info:    ... okay on input line 19.
LaTeX Font Info:    Checking defaults for PD1/pdf/m/n on input line 19.
LaTeX Font Info:    ... okay on input line 19.
LaTeX Font Info:    Checking defaults for PU/pdf/m/n on input line 19.
LaTeX Font Info:    ... okay on input line 19.

(C:\Users\Rutian Zhou\AppData\Local\Programs\MiKTeX\tex/context/base/mkii\supp-
pdf.mkii
[Loading MPS to PDF converter (version 2006.09.02).]
\scratchcounter=\count295
\scratchdimen=\dimen177
\scratchbox=\box57
\nofMPsegments=\count296
\nofMParguments=\count297
\everyMPshowfont=\toks28
\MPscratchCnt=\count298
\MPscratchDim=\dimen178
\MPnumerator=\count299
\makeMPintoPDFobject=\count300
\everyMPtoPDFconversion=\toks29
)
(C:\Users\Rutian Zhou\AppData\Local\Programs\MiKTeX\tex/latex/epstopdf-pkg\epst
opdf-base.sty
Package: epstopdf-base 2020-01-24 v2.11 Base part for package epstopdf
Package epstopdf-base Info: Redefining graphics rule for `.eps' on input line 4
85.

(C:\Users\Rutian Zhou\AppData\Local\Programs\MiKTeX\tex/latex/00miktex\epstopdf
-sys.cfg
File: epstopdf-sys.cfg 2021/03/18 v2.0 Configuration of epstopdf for MiKTeX
))
Package caption Info: Begin \AtBeginDocument code.
Package caption Info: hyperref package is loaded.
Package caption Info: sidecap package is loaded.
Package caption Info: End \AtBeginDocument code.

*geometry* driver: auto-detecting
*geometry* detected driver: pdftex
*geometry* verbose mode - [ preamble ] result:
* driver: pdftex
* paper: <default>
* layout: <same size as paper>
* layoutoffset:(h,v)=(0.0pt,0.0pt)
* modes: 
* h-part:(L,W,R)=(107.97821pt, 398.33858pt, 107.97821pt)
* v-part:(T,H,B)=(95.39737pt, 556.47656pt, 143.09605pt)
* \paperwidth=614.295pt
* \paperheight=794.96999pt
* \textwidth=398.33858pt
* \textheight=556.47656pt
* \oddsidemargin=35.70822pt
* \evensidemargin=35.70822pt
* \topmargin=-13.87262pt
* \headheight=12.0pt
* \headsep=25.0pt
* \topskip=11.0pt
* \footskip=30.0pt
* \marginparwidth=59.0pt
* \marginparsep=10.0pt
* \columnsep=10.0pt
* \skip\footins=10.0pt plus 4.0pt minus 2.0pt
* \hoffset=0.0pt
* \voffset=0.0pt
* \mag=1000
* \@twocolumnfalse
* \@twosidefalse
* \@mparswitchfalse
* \@reversemarginfalse
* (1in=72.27pt=25.4mm, 1cm=28.453pt)


(C:\Users\Rutian Zhou\AppData\Local\Programs\MiKTeX\tex/latex/graphics\color.st
y
Package: color 2020/02/24 v1.2b Standard LaTeX Color (DPC)

(C:\Users\Rutian Zhou\AppData\Local\Programs\MiKTeX\tex/latex/graphics-cfg\colo
r.cfg
File: color.cfg 2016/01/02 v1.6 sample color configuration
)
Package color Info: Driver file: pdftex.def on input line 149.
)
Package hyperref Info: Link coloring ON on input line 19.

(C:\Users\Rutian Zhou\AppData\Local\Programs\MiKTeX\tex/latex/hyperref\nameref.
sty
Package: nameref 2021-04-02 v2.47 Cross-referencing by name of section

(C:\Users\Rutian Zhou\AppData\Local\Programs\MiKTeX\tex/latex/refcount\refcount
.sty
Package: refcount 2019/12/15 v3.6 Data extraction from label references (HO)
)
(C:\Users\Rutian Zhou\AppData\Local\Programs\MiKTeX\tex/generic/gettitlestring\
gettitlestring.sty
Package: gettitlestring 2019/12/15 v1.6 Cleanup title references (HO)
)
\c@section@level=\count301
)
LaTeX Info: Redefining \ref on input line 19.
LaTeX Info: Redefining \pageref on input line 19.
LaTeX Info: Redefining \nameref on input line 19.
 (Results.out) (Results.out)
\@outlinefile=\write3
\openout3 = `Results.out'.


(C:\Users\Rutian Zhou\AppData\Local\Programs\MiKTeX\tex/latex/ragged2e\ragged2e
.sty
Package: ragged2e 2021/02/05 v3.0 ragged2e Package
\CenteringLeftskip=\skip57
\RaggedLeftLeftskip=\skip58
\RaggedRightLeftskip=\skip59
\CenteringRightskip=\skip60
\RaggedLeftRightskip=\skip61
\RaggedRightRightskip=\skip62
\CenteringParfillskip=\skip63
\RaggedLeftParfillskip=\skip64
\RaggedRightParfillskip=\skip65
\JustifyingParfillskip=\skip66
\CenteringParindent=\skip67
\RaggedLeftParindent=\skip68
\RaggedRightParindent=\skip69
\JustifyingParindent=\skip70
)

LaTeX Warning: Reference `sec:ffrec_definition' on page 1 undefined on input li
ne 24.

LaTeX Font Info:    Trying to load font information for OT1+lmr on input line 2
4.
(C:\Users\Rutian Zhou\AppData\Local\Programs\MiKTeX\tex/latex/lm\ot1lmr.fd
File: ot1lmr.fd 2009/10/30 v1.6 Font defs for Latin Modern
)
LaTeX Font Info:    Trying to load font information for OML+lmm on input line 2
4.

(C:\Users\Rutian Zhou\AppData\Local\Programs\MiKTeX\tex/latex/lm\omllmm.fd
File: omllmm.fd 2009/10/30 v1.6 Font defs for Latin Modern
)
LaTeX Font Info:    Trying to load font information for OMS+lmsy on input line 
24.

(C:\Users\Rutian Zhou\AppData\Local\Programs\MiKTeX\tex/latex/lm\omslmsy.fd
File: omslmsy.fd 2009/10/30 v1.6 Font defs for Latin Modern
)
LaTeX Font Info:    Trying to load font information for OMX+lmex on input line 
24.

(C:\Users\Rutian Zhou\AppData\Local\Programs\MiKTeX\tex/latex/lm\omxlmex.fd
File: omxlmex.fd 2009/10/30 v1.6 Font defs for Latin Modern
)
LaTeX Font Info:    External font `lmex10' loaded for size
(Font)              <10.95> on input line 24.
LaTeX Font Info:    External font `lmex10' loaded for size
(Font)              <8> on input line 24.
LaTeX Font Info:    External font `lmex10' loaded for size
(Font)              <6> on input line 24.
LaTeX Font Info:    Trying to load font information for U+msa on input line 24.


(C:\Users\Rutian Zhou\AppData\Local\Programs\MiKTeX\tex/latex/amsfonts\umsa.fd
File: umsa.fd 2013/01/14 v3.01 AMS symbols A
)
LaTeX Font Info:    Trying to load font information for U+msb on input line 24.

(C:\Users\Rutian Zhou\AppData\Local\Programs\MiKTeX\tex/latex/amsfonts\umsb.fd
File: umsb.fd 2013/01/14 v3.01 AMS symbols B
)
LaTeX Font Info:    Trying to load font information for U+rsfs on input line 24
.

(C:\Users\Rutian Zhou\AppData\Local\Programs\MiKTeX\tex/latex/jknappen\ursfs.fd
File: ursfs.fd 1998/03/24 rsfs font definition file (jk)
)

LaTeX Warning: Citation `dayan2005theoretica' on page 1 undefined on input line
 30.


LaTeX Warning: Reference `eq:ffrec_equals_eigval' on page 1 undefined on input 
line 34.


LaTeX Warning: Reference `eq:ffrec_equals_eigval' on page 1 undefined on input 
line 36.


LaTeX Warning: Reference `eq:ffrec_align' on page 1 undefined on input line 38.



LaTeX Warning: Reference `sec:response_properties_for_evaluation' on page 1 und
efined on input line 40.


LaTeX Warning: Citation `tragenap2023nature' on page 1 undefined on input line 
40.


LaTeX Warning: Reference `sec:response_properties_for_evaluation' on page 1 und
efined on input line 44.


LaTeX Warning: Reference `eq:input_distribution' on page 1 undefined on input l
ine 44.


LaTeX Warning: Reference `eq:input_distribution' on page 1 undefined on input l
ine 44.

[1

{C:/Users/Rutian Zhou/AppData/Local/MiKTeX/pdftex/config/pdftex.map}]

LaTeX Warning: Reference `eq:ffrec_equals_eigval' on page 2 undefined on input 
line 48.


LaTeX Warning: Reference `eq:ttc_sym' on page 2 undefined on input line 53.


LaTeX Warning: Reference `eq:steady_state_distribute' on page 2 undefined on in
put line 59.


LaTeX Warning: Reference `eq:ttc_sym' on page 2 undefined on input line 59.

<../figures/ttc_sym.png, id=94, 462.528pt x 346.896pt>
File: ../figures/ttc_sym.png Graphic file (type png)
<use ../figures/ttc_sym.png>
Package pdftex.def Info: ../figures/ttc_sym.png  used on input line 64.
(pdftex.def)             Requested size: 199.16928pt x 149.37938pt.
LaTeX Font Info:    Trying to load font information for T1+lmss on input line 6
6.
(C:\Users\Rutian Zhou\AppData\Local\Programs\MiKTeX\tex/latex/lm\t1lmss.fd
File: t1lmss.fd 2009/10/30 v1.6 Font defs for Latin Modern
)
LaTeX Font Info:    External font `lmex10' loaded for size
(Font)              <10> on input line 66.
LaTeX Font Info:    External font `lmex10' loaded for size
(Font)              <7> on input line 66.
LaTeX Font Info:    External font `lmex10' loaded for size
(Font)              <5> on input line 66.


LaTeX Warning: Reference `eq:ttc_sym' on page 2 undefined on input line 66.


LaTeX Warning: Reference `eq:ttc_sym' on page 2 undefined on input line 66.


Underfull \hbox (badness 2894) in paragraph at lines 66--66
\T1/lmr/bx/n/10 for-ward re-cur-rent align-ment and
 []


LaTeX Warning: Citation `tragenap2023nature' on page 2 undefined on input line 
68.


LaTeX Warning: Citation `tragenap2023nature' on page 2 undefined on input line 
71.

[2 <../figures/ttc_sym.png>]

LaTeX Warning: Citation `tragenap2023nature' on page 3 undefined on input line 
77.


LaTeX Warning: Reference `eq:its_sym' on page 3 undefined on input line 79.

<../figures/its_sym.png, id=111, 462.528pt x 346.896pt>
File: ../figures/its_sym.png Graphic file (type png)
<use ../figures/its_sym.png>
Package pdftex.def Info: ../figures/its_sym.png  used on input line 84.
(pdftex.def)             Requested size: 199.16928pt x 149.37938pt.

LaTeX Warning: Reference `eq:its_sym' on page 3 undefined on input line 86.


LaTeX Warning: Reference `eq:its_sym' on page 3 undefined on input line 86.


Underfull \hbox (badness 2894) in paragraph at lines 86--86
\T1/lmr/bx/n/10 for-ward re-cur-rent align-ment and
 []


Underfull \hbox (badness 1635) in paragraph at lines 86--86
\T1/lmr/bx/n/10 intra-trial sta-bil-ity for sym-met-ric
 []

[3 <../figures/its_sym.png>]

LaTeX Warning: Citation `bartolo2020dimensionality' on page 4 undefined on inpu
t line 94.


LaTeX Warning: Citation `badre2021dimensionality' on page 4 undefined on input 
line 94.


LaTeX Warning: Citation `badre2021dimensionality' on page 4 undefined on input 
line 94.


LaTeX Warning: Citation `tragenap2023nature' on page 4 undefined on input line 
96.


LaTeX Warning: Reference `eq:Sigma_dim' on page 4 undefined on input line 105.


LaTeX Warning: Reference `eq:dim_analytical_sym' on page 4 undefined on input l
ine 105.


LaTeX Warning: Reference `eq:dim_empirical_sym' on page 4 undefined on input li
ne 105.

[4]
<../figures/dim_align_rand_sym.png, id=128, 462.528pt x 346.896pt>
File: ../figures/dim_align_rand_sym.png Graphic file (type png)
<use ../figures/dim_align_rand_sym.png>
Package pdftex.def Info: ../figures/dim_align_rand_sym.png  used on input line 
110.
(pdftex.def)             Requested size: 179.25113pt x 134.43668pt.
<../figures/dim_sym.png, id=129, 462.528pt x 346.896pt>
File: ../figures/dim_sym.png Graphic file (type png)
<use ../figures/dim_sym.png>
Package pdftex.def Info: ../figures/dim_sym.png  used on input line 114.
(pdftex.def)             Requested size: 179.25113pt x 134.43668pt.


LaTeX Warning: Citation `tragenap2023nature' on page 5 undefined on input line 
119.


LaTeX Warning: Reference `eq:dim_analytical_sym' on page 5 undefined on input l
ine 119.


LaTeX Warning: Reference `eq:dim_empirical_sym' on page 5 undefined on input li
ne 119.


LaTeX Warning: Citation `tragenap2023nature' on page 5 undefined on input line 
119.


LaTeX Warning: Reference `eq:dim_analytical_sym' on page 5 undefined on input l
ine 119.


LaTeX Warning: Reference `eq:dim_empirical_sym' on page 5 undefined on input li
ne 119.


LaTeX Warning: Reference `eq:dim_analytical_sym' on page 5 undefined on input l
ine 126.


LaTeX Warning: Citation `imaizumi2018spontaneous' on page 5 undefined on input 
line 134.

[5 <../figures/dim_align_rand_sym.png> <../figures/dim_sym.png>]

LaTeX Warning: Citation `tragenap2023nature' on page 6 undefined on input line 
136.

<../figures/align_to_spont_act_variance_ratio.png, id=140, 462.528pt x 346.896p
t>
File: ../figures/align_to_spont_act_variance_ratio.png Graphic file (type png)
<use ../figures/align_to_spont_act_variance_ratio.png>
Package pdftex.def Info: ../figures/align_to_spont_act_variance_ratio.png  used
 on input line 141.
(pdftex.def)             Requested size: 179.25113pt x 134.43668pt.
<../figures/spont_align_ffrec_sym.png, id=141, 462.528pt x 346.896pt>
File: ../figures/spont_align_ffrec_sym.png Graphic file (type png)
<use ../figures/spont_align_ffrec_sym.png>
Package pdftex.def Info: ../figures/spont_align_ffrec_sym.png  used on input li
ne 146.
(pdftex.def)             Requested size: 179.25113pt x 134.43668pt.

LaTeX Warning: Citation `tragenap2023nature' on page 6 undefined on input line 
151.


LaTeX Warning: Reference `eq:var_explain_spont_act_sym' on page 6 undefined on 
input line 151.


LaTeX Warning: Reference `eq:align_to_spont_act_sym' on page 6 undefined on inp
ut line 151.


LaTeX Warning: Citation `tragenap2023nature' on page 6 undefined on input line 
151.


LaTeX Warning: Reference `eq:var_explain_spont_act_sym' on page 6 undefined on 
input line 151.


LaTeX Warning: Reference `eq:align_to_spont_act_sym' on page 6 undefined on inp
ut line 151.


LaTeX Warning: Citation `tragenap2023nature' on page 6 undefined on input line 
155.

[6 <../figures/align_to_spont_act_variance_ratio.png> <../figures/spont_align_f
frec_sym.png>]

LaTeX Warning: Reference `eq:align_to_spont_act_sym' on page 7 undefined on inp
ut line 157.

[7]

LaTeX Warning: Citation `tragenap2023nature' on page 8 undefined on input line 
161.

LaTeX Font Info:    Trying to load font information for TS1+lmr on input line 1
63.
(C:\Users\Rutian Zhou\AppData\Local\Programs\MiKTeX\tex/latex/lm\ts1lmr.fd
File: ts1lmr.fd 2009/10/30 v1.6 Font defs for Latin Modern
)

LaTeX Warning: Reference `sec:modify_ffrec_alignment_score' on page 8 undefined
 on input line 169.


LaTeX Warning: Reference `eq:ffrec_equals_eigval' on page 8 undefined on input 
line 175.

<../figures/ffrec_eigval_real_part.png, id=160, 416.2752pt x 312.9291pt>
File: ../figures/ffrec_eigval_real_part.png Graphic file (type png)
<use ../figures/ffrec_eigval_real_part.png>
Package pdftex.def Info: ../figures/ffrec_eigval_real_part.png  used on input l
ine 190.
(pdftex.def)             Requested size: 159.333pt x 119.77853pt.
<../figures/ffrec_eigval_mag.png, id=161, 439.4016pt x 313.6518pt>
File: ../figures/ffrec_eigval_mag.png Graphic file (type png)
<use ../figures/ffrec_eigval_mag.png>
Package pdftex.def Info: ../figures/ffrec_eigval_mag.png  used on input line 19
5.
(pdftex.def)             Requested size: 169.2951pt x 120.84485pt.

LaTeX Warning: Reference `sec:modify_ffrec_alignment_score' on page 8 undefined
 on input line 203.


LaTeX Warning: Reference `sec:modicication_real_part' on page 8 undefined on in
put line 203.


LaTeX Warning: Reference `eq:ffrec_real_part' on page 8 undefined on input line
 203.


LaTeX Warning: Reference `sec:modification_magnitude' on page 8 undefined on in
put line 203.


LaTeX Warning: Reference `eq:ffrec_mag' on page 8 undefined on input line 203.


LaTeX Warning: Reference `sec:modify_ffrec_alignment_score' on page 8 undefined
 on input line 203.


LaTeX Warning: Reference `sec:modicication_real_part' on page 8 undefined on in
put line 203.


LaTeX Warning: Reference `eq:ffrec_real_part' on page 8 undefined on input line
 203.


LaTeX Warning: Reference `sec:modification_magnitude' on page 8 undefined on in
put line 203.


LaTeX Warning: Reference `eq:ffrec_mag' on page 8 undefined on input line 203.

[8

]

LaTeX Warning: Reference `eq:ffrec_real_part' on page 9 undefined on input line
 208.


LaTeX Warning: Reference `eq:ffrec_real_part' on page 9 undefined on input line
 210.

[9 <../figures/ffrec_eigval_real_part.png> <../figures/ffrec_eigval_mag.png>]

LaTeX Warning: Reference `eq:ffrec_mag' on page 10 undefined on input line 228.



LaTeX Warning: Reference `eq:eq:ffrec_mag' on page 10 undefined on input line 2
30.


LaTeX Warning: Reference `eq:ffrec_symmetrized' on page 10 undefined on input l
ine 242.


Overfull \hbox (0.84268pt too wide) in paragraph at lines 242--243
 []\T1/lmr/bx/n/10.95 Modification 3[] \T1/lmr/m/n/10.95 : Align the in-puts to
 eigen-vec-tors of sym-metrized net-work eq.([]). 
 []


LaTeX Warning: Reference `eq:ffrec_symmetrized' on page 10 undefined on input l
ine 244.


LaTeX Warning: Reference `eq:symmetrized_J' on page 10 undefined on input line 
247.


LaTeX Warning: Reference `eq:ffrec_symmetrized' on page 10 undefined on input l
ine 247.

[10]
<../figures/ffrec_eigval_symmetrized_J.png, id=189, 423.5022pt x 310.761pt>
File: ../figures/ffrec_eigval_symmetrized_J.png Graphic file (type png)
<use ../figures/ffrec_eigval_symmetrized_J.png>
Package pdftex.def Info: ../figures/ffrec_eigval_symmetrized_J.png  used on inp
ut line 260.
(pdftex.def)             Requested size: 179.25113pt x 131.52873pt.


LaTeX Warning: Reference `eq:ffrec_symmetrized' on page 11 undefined on input l
ine 262.


LaTeX Warning: Reference `eq:ffrec_symmetrized' on page 11 undefined on input l
ine 262.

[11 <../figures/ffrec_eigval_symmetrized_J.png>]

LaTeX Warning: Reference `eq:ffrec_real_part' on page 12 undefined on input lin
e 272.


LaTeX Warning: Reference `eq:ffrec_symmetrized' on page 12 undefined on input l
ine 273.


LaTeX Warning: Reference `eq:asym_interaction_matrix' on page 12 undefined on i
nput line 276.


LaTeX Warning: Reference `eq:ttc_sym' on page 12 undefined on input line 280.

<../figures/ttc_asym.pdf, id=199, 921.22403pt x 374.16687pt>
File: ../figures/ttc_asym.pdf Graphic file (type pdf)
<use ../figures/ttc_asym.pdf>
Package pdftex.def Info: ../figures/ttc_asym.pdf  used on input line 283.
(pdftex.def)             Requested size: 398.33858pt x 161.79068pt.

LaTeX Warning: Reference `eq:ttc_sym' on page 12 undefined on input line 284.


LaTeX Warning: Reference `eq:ttc_sym' on page 12 undefined on input line 284.

[12 <../figures/ttc_asym.pdf>]

LaTeX Warning: Reference `eq:its_sym' on page 13 undefined on input line 297.

<../figures/its_asym.pdf, id=222, 919.03911pt x 372.44379pt>
File: ../figures/its_asym.pdf Graphic file (type pdf)
<use ../figures/its_asym.pdf>
Package pdftex.def Info: ../figures/its_asym.pdf  used on input line 300.
(pdftex.def)             Requested size: 398.33858pt x 161.42638pt.
[13 <../figures/its_asym.pdf>]

LaTeX Warning: Citation `tragenap2023nature' on page 14 undefined on input line
 310.


LaTeX Warning: Citation `bartolo2020dimensionality' on page 14 undefined on inp
ut line 310.


LaTeX Warning: Citation `badre2021dimensionality' on page 14 undefined on input
 line 310.


LaTeX Warning: Reference `sec:modification_asym' on page 14 undefined on input 
line 310.


LaTeX Warning: Reference `eq:modifications_dim' on page 14 undefined on input l
ine 310.


LaTeX Warning: Reference `eq:modification_eff_dim' on page 14 undefined on inpu
t line 310.


LaTeX Warning: Reference `eq:modifications_dim' on page 14 undefined on input l
ine 319.

<../figures/dim_asym.pdf, id=246, 925.70654pt x 417.6298pt>
File: ../figures/dim_asym.pdf Graphic file (type pdf)
<use ../figures/dim_asym.pdf>
Package pdftex.def Info: ../figures/dim_asym.pdf  used on input line 323.
(pdftex.def)             Requested size: 398.33858pt x 179.71114pt.

LaTeX Warning: Reference `eq:dim_empirical_sym' on page 14 undefined on input l
ine 324.


LaTeX Warning: Reference `sec:modification_asym' on page 14 undefined on input 
line 324.


LaTeX Warning: Reference `eq:modifications_dim' on page 14 undefined on input l
ine 324.


LaTeX Warning: Reference `eq:modification_eff_dim' on page 14 undefined on inpu
t line 324.


LaTeX Warning: Reference `eq:dim_empirical_sym' on page 14 undefined on input l
ine 324.


LaTeX Warning: Reference `sec:modification_asym' on page 14 undefined on input 
line 324.


LaTeX Warning: Reference `eq:modifications_dim' on page 14 undefined on input l
ine 324.


LaTeX Warning: Reference `eq:modification_eff_dim' on page 14 undefined on inpu
t line 324.

[14]

LaTeX Warning: Reference `eq:var_explain_spont_act_sym' on page 15 undefined on
 input line 333.


LaTeX Warning: Reference `eq:Sigma_spont_asym' on page 15 undefined on input li
ne 335.


LaTeX Warning: Reference `eq:align_to_spont_act_sym' on page 15 undefined on in
put line 335.

[15 <../figures/dim_asym.pdf>]
<../figures/align_to_spont_asym_symmetrized_rescaled.png, id=277, 462.528pt x 3
46.896pt>
File: ../figures/align_to_spont_asym_symmetrized_rescaled.png Graphic file (typ
e png)
<use ../figures/align_to_spont_asym_symmetrized_rescaled.png>
Package pdftex.def Info: ../figures/align_to_spont_asym_symmetrized_rescaled.pn
g  used on input line 342.
(pdftex.def)             Requested size: 199.16928pt x 149.37938pt.

Underfull \hbox (badness 1189) in paragraph at lines 344--344
\T1/lmr/bx/n/10 for asym-met-ric RNNs with sym-
 []

[16 <../figures/align_to_spont_asym_symmetrized_rescaled.png>]
Overfull \hbox (7.89668pt too wide) in paragraph at lines 355--355
[]\T1/lmr/bx/n/12 Modeling Feed-for-ward Re-cur-rent Align-ment Hy-poth-e-sis o
n Low-
 []


LaTeX Warning: Citation `mastrogiuseppe2018linking' on page 17 undefined on inp
ut line 356.


LaTeX Warning: Reference `sec:low_rank_construct' on page 17 undefined on input
 line 360.


LaTeX Warning: Reference `eq:low_rank_RNN_without_noise' on page 17 undefined o
n input line 360.


LaTeX Warning: Reference `eq:low_rank_with_noise' on page 17 undefined on input
 line 360.


Overfull \hbox (4.27235pt too wide) in paragraph at lines 362--362
[]\T1/lmr/bx/n/10.95 Evaluation of Feed-for-ward Re-cur-rent Align-ment in sym-
met-ric Low-
 []


LaTeX Warning: Reference `eq:sym_low_rank' on page 17 undefined on input line 3
67.

<../figures/eigval_low_rank_sym_no_noise.png, id=284, 462.528pt x 346.896pt>
File: ../figures/eigval_low_rank_sym_no_noise.png Graphic file (type png)
<use ../figures/eigval_low_rank_sym_no_noise.png>
Package pdftex.def Info: ../figures/eigval_low_rank_sym_no_noise.png  used on i
nput line 371.
(pdftex.def)             Requested size: 199.16928pt x 149.37938pt.

LaTeX Warning: `h' float specifier changed to `ht'.


LaTeX Warning: Reference `fig: eigval_low_rank_without_noise' on page 17 undefi
ned on input line 375.


LaTeX Warning: Reference `eq:eigval_normal' on page 17 undefined on input line 
375.


LaTeX Warning: Reference `eq:sym_low_rank' on page 17 undefined on input line 3
77.


LaTeX Warning: Reference `eq:eigval_normal' on page 17 undefined on input line 
381.

[17

]

LaTeX Warning: Reference `eq:ffrec_equals_eigval' on page 18 undefined on input
 line 389.

<../figures/low_rank_sym_ttc.png, id=295, 462.528pt x 346.896pt>
File: ../figures/low_rank_sym_ttc.png Graphic file (type png)
<use ../figures/low_rank_sym_ttc.png>
Package pdftex.def Info: ../figures/low_rank_sym_ttc.png  used on input line 41
2.
(pdftex.def)             Requested size: 179.25113pt x 134.43668pt.
<../figures/its_low_rank_sym_without_noise.png, id=296, 462.528pt x 346.896pt>
File: ../figures/its_low_rank_sym_without_noise.png Graphic file (type png)
<use ../figures/its_low_rank_sym_without_noise.png>
Package pdftex.def Info: ../figures/its_low_rank_sym_without_noise.png  used on
 input line 417.
(pdftex.def)             Requested size: 179.25113pt x 134.43668pt.
<../figures/dim_low_rank_sym_without_noise.png, id=297, 462.528pt x 346.896pt>
File: ../figures/dim_low_rank_sym_without_noise.png Graphic file (type png)
<use ../figures/dim_low_rank_sym_without_noise.png>
Package pdftex.def Info: ../figures/dim_low_rank_sym_without_noise.png  used on
 input line 422.
(pdftex.def)             Requested size: 179.25113pt x 134.43668pt.
<../figures/align_to_spont_low_rank_without_noise.png, id=298, 462.528pt x 346.
896pt>
File: ../figures/align_to_spont_low_rank_without_noise.png Graphic file (type p
ng)
<use ../figures/align_to_spont_low_rank_without_noise.png>
Package pdftex.def Info: ../figures/align_to_spont_low_rank_without_noise.png  
used on input line 427.
(pdftex.def)             Requested size: 179.25113pt x 134.43668pt.

LaTeX Warning: Reference `eq:dim_analytical_sym' on page 18 undefined on input 
line 434.


LaTeX Warning: Reference `eq:dim_empirical_sym' on page 18 undefined on input l
ine 434.


LaTeX Warning: Reference `eq:dim_analytical_sym' on page 18 undefined on input 
line 434.


LaTeX Warning: Reference `eq:dim_empirical_sym' on page 18 undefined on input l
ine 434.

[18 <../figures/eigval_low_rank_sym_no_noise.png>] [19 <../figures/low_rank_sym
_ttc.png> <../figures/its_low_rank_sym_without_noise.png> <../figures/dim_low_r
ank_sym_without_noise.png> <../figures/align_to_spont_low_rank_without_noise.pn
g>]
<../figures/ttc_low_rank_sym_with_noise.png, id=321, 462.528pt x 346.896pt>
File: ../figures/ttc_low_rank_sym_with_noise.png Graphic file (type png)
<use ../figures/ttc_low_rank_sym_with_noise.png>
Package pdftex.def Info: ../figures/ttc_low_rank_sym_with_noise.png  used on in
put line 453.
(pdftex.def)             Requested size: 179.25113pt x 134.43668pt.
<../figures/its_low_rank_sym_with_noise.png, id=322, 462.528pt x 346.896pt>
File: ../figures/its_low_rank_sym_with_noise.png Graphic file (type png)
<use ../figures/its_low_rank_sym_with_noise.png>
Package pdftex.def Info: ../figures/its_low_rank_sym_with_noise.png  used on in
put line 459.
(pdftex.def)             Requested size: 179.25113pt x 134.43668pt.
<../figures/dim_low_rank_sym_with_noise.png, id=323, 462.528pt x 346.896pt>
File: ../figures/dim_low_rank_sym_with_noise.png Graphic file (type png)
<use ../figures/dim_low_rank_sym_with_noise.png>
Package pdftex.def Info: ../figures/dim_low_rank_sym_with_noise.png  used on in
put line 465.
(pdftex.def)             Requested size: 179.25113pt x 134.43668pt.
<../figures/spont_align_low_rank_sym_with_noise.png, id=324, 462.528pt x 346.89
6pt>
File: ../figures/spont_align_low_rank_sym_with_noise.png Graphic file (type png
)
<use ../figures/spont_align_low_rank_sym_with_noise.png>
Package pdftex.def Info: ../figures/spont_align_low_rank_sym_with_noise.png  us
ed on input line 471.
(pdftex.def)             Requested size: 179.25113pt x 134.43668pt.


LaTeX Warning: Reference `eq:dim_analytical_sym' on page 20 undefined on input 
line 478.


LaTeX Warning: Reference `eq:dim_empirical_sym' on page 20 undefined on input l
ine 478.


LaTeX Warning: Reference `eq:dim_analytical_sym' on page 20 undefined on input 
line 478.


LaTeX Warning: Reference `eq:dim_empirical_sym' on page 20 undefined on input l
ine 478.


LaTeX Warning: Reference `eq:low_rank_with_noise' on page 20 undefined on input
 line 488.


LaTeX Warning: Reference `sec:ffrec_low_rank' on page 20 undefined on input lin
e 488.

[20 <../figures/ttc_low_rank_sym_with_noise.png> <../figures/its_low_rank_sym_w
ith_noise.png> <../figures/dim_low_rank_sym_with_noise.png> <../figures/spont_a
lign_low_rank_sym_with_noise.png>] [21]

LaTeX Warning: Reference `sec:ffrec_low_rank' on page 22 undefined on input lin
e 508.


LaTeX Warning: Reference `eq:low_rank_RNN_without_noise' on page 22 undefined o
n input line 508.


LaTeX Warning: Reference `eq:low_rank_with_noise' on page 22 undefined on input
 line 508.


LaTeX Warning: Reference `sec:modification_asym' on page 22 undefined on input 
line 511.


LaTeX Warning: Reference `fig:low_rank_RNN_without_noise' on page 22 undefined 
on input line 515.


LaTeX Warning: Reference `eq:low_rank_RNN_without_noise' on page 22 undefined o
n input line 515.

<../figures/eigval_distribution_asym_low_rank_without_noise.png, id=357, 462.52
8pt x 346.896pt>
File: ../figures/eigval_distribution_asym_low_rank_without_noise.png Graphic fi
le (type png)
<use ../figures/eigval_distribution_asym_low_rank_without_noise.png>
Package pdftex.def Info: ../figures/eigval_distribution_asym_low_rank_without_n
oise.png  used on input line 520.
(pdftex.def)             Requested size: 119.50278pt x 89.62445pt.
LaTeX Font Info:    External font `lmex10' loaded for size
(Font)              <9> on input line 521.
<../figures/eigval_distribution_asym_low_rank_without_noise(2).png, id=358, 462
.528pt x 346.896pt>
File: ../figures/eigval_distribution_asym_low_rank_without_noise(2).png Graphic
 file (type png)
<use ../figures/eigval_distribution_asym_low_rank_without_noise(2).png>
Package pdftex.def Info: ../figures/eigval_distribution_asym_low_rank_without_n
oise(2).png  used on input line 525.
(pdftex.def)             Requested size: 119.50278pt x 89.62445pt.
<../figures/eigval_distribution_asym_low_rank_without_noise(3).png, id=359, 462
.528pt x 346.896pt>
File: ../figures/eigval_distribution_asym_low_rank_without_noise(3).png Graphic
 file (type png)
<use ../figures/eigval_distribution_asym_low_rank_without_noise(3).png>
Package pdftex.def Info: ../figures/eigval_distribution_asym_low_rank_without_n
oise(3).png  used on input line 530.
(pdftex.def)             Requested size: 119.50278pt x 89.62445pt.

LaTeX Warning: Reference `eq:low_rank_RNN_without_noise' on page 22 undefined o
n input line 533.


LaTeX Warning: Reference `eq:low_rank_RNN_without_noise' on page 22 undefined o
n input line 533.

[22 <../figures/eigval_distribution_asym_low_rank_without_noise.png> <../figure
s/eigval_distribution_asym_low_rank_without_noise(2).png> <../figures/eigval_di
stribution_asym_low_rank_without_noise(3).png>]

LaTeX Warning: Reference `eq:low_rank_RNN_without_noise' on page 23 undefined o
n input line 539.


LaTeX Warning: Reference `eq:low_rank_RNN_without_noise' on page 23 undefined o
n input line 543.


LaTeX Warning: Reference `sec:ffrec_low_rank' on page 23 undefined on input lin
e 543.

<../figures/ttc_asym_low_rank_without_noise_rank=1.png, id=374, 462.528pt x 346
.896pt>
File: ../figures/ttc_asym_low_rank_without_noise_rank=1.png Graphic file (type 
png)
<use ../figures/ttc_asym_low_rank_without_noise_rank=1.png>
Package pdftex.def Info: ../figures/ttc_asym_low_rank_without_noise_rank=1.png 
 used on input line 548.
(pdftex.def)             Requested size: 119.50278pt x 89.62445pt.
<../figures/ttc_asym_low_rank_without_noise_rank=5.png, id=375, 462.528pt x 346
.896pt>
File: ../figures/ttc_asym_low_rank_without_noise_rank=5.png Graphic file (type 
png)
<use ../figures/ttc_asym_low_rank_without_noise_rank=5.png>
Package pdftex.def Info: ../figures/ttc_asym_low_rank_without_noise_rank=5.png 
 used on input line 552.
(pdftex.def)             Requested size: 119.50278pt x 89.62445pt.
<../figures/ttc_asym_low_rank_without_noise_rank=10.png, id=376, 462.528pt x 34
6.896pt>
File: ../figures/ttc_asym_low_rank_without_noise_rank=10.png Graphic file (type
 png)
<use ../figures/ttc_asym_low_rank_without_noise_rank=10.png>
Package pdftex.def Info: ../figures/ttc_asym_low_rank_without_noise_rank=10.png
  used on input line 556.
(pdftex.def)             Requested size: 119.50278pt x 89.62445pt.
[23 <../figures/ttc_asym_low_rank_without_noise_rank=1.png> <../figures/ttc_asy
m_low_rank_without_noise_rank=5.png> <../figures/ttc_asym_low_rank_without_nois
e_rank=10.png>]
Overfull \hbox (15.74748pt too wide) detected at line 574
[]\OML/lmm/m/it/10.95 J[] \OT1/lmr/m/n/10.95 = [] = [] [] = [] [] \OML/lmm/m/it
/10.95 l[]r[] \OT1/lmr/m/n/10.95 + [] [] \OML/lmm/m/it/10.95 r[]l[] :
 []


LaTeX Warning: Reference `eq:low_rank_with_noise' on page 24 undefined on input
 line 584.


LaTeX Warning: Reference `sec:ffrec_low_rank' on page 24 undefined on input lin
e 584.


LaTeX Warning: Reference `eq:low_rank_with_noise' on page 24 undefined on input
 line 591.

<../figures/ttc_asym_low_rank_with_noise_rank=1_5.png, id=399, 462.528pt x 346.
896pt>
File: ../figures/ttc_asym_low_rank_with_noise_rank=1_5.png Graphic file (type p
ng)
<use ../figures/ttc_asym_low_rank_with_noise_rank=1_5.png>
Package pdftex.def Info: ../figures/ttc_asym_low_rank_with_noise_rank=1_5.png  
used on input line 599.
(pdftex.def)             Requested size: 179.25113pt x 134.43668pt.
<../figures/its_asym_low_rank_with_noise_rank=1_5.png, id=400, 462.528pt x 346.
896pt>
File: ../figures/its_asym_low_rank_with_noise_rank=1_5.png Graphic file (type p
ng)
<use ../figures/its_asym_low_rank_with_noise_rank=1_5.png>
Package pdftex.def Info: ../figures/its_asym_low_rank_with_noise_rank=1_5.png  
used on input line 605.
(pdftex.def)             Requested size: 179.25113pt x 134.43668pt.
<../figures/dim_asym_low_rank_with_noise_rank=1_5.png, id=401, 462.528pt x 346.
896pt>
File: ../figures/dim_asym_low_rank_with_noise_rank=1_5.png Graphic file (type p
ng)
<use ../figures/dim_asym_low_rank_with_noise_rank=1_5.png>
Package pdftex.def Info: ../figures/dim_asym_low_rank_with_noise_rank=1_5.png  
used on input line 611.
(pdftex.def)             Requested size: 179.25113pt x 134.43668pt.
<../figures/align_spont_asym_low_rank_with_noise_rank=1_5.png, id=402, 462.528p
t x 346.896pt>
File: ../figures/align_spont_asym_low_rank_with_noise_rank=1_5.png Graphic file
 (type png)
<use ../figures/align_spont_asym_low_rank_with_noise_rank=1_5.png>
Package pdftex.def Info: ../figures/align_spont_asym_low_rank_with_noise_rank=1
_5.png  used on input line 617.
(pdftex.def)             Requested size: 179.25113pt x 134.43668pt.

LaTeX Warning: Reference `eq:low_rank_with_noise' on page 24 undefined on input
 line 625.


LaTeX Warning: Reference `eq:low_rank_with_noise' on page 24 undefined on input
 line 625.

[24]

LaTeX Warning: Reference `sec:ffrec_low_rank' on page 25 undefined on input lin
e 632.

[25] [26 <../figures/ttc_asym_low_rank_with_noise_rank=1_5.png> <../figures/its
_asym_low_rank_with_noise_rank=1_5.png> <../figures/dim_asym_low_rank_with_nois
e_rank=1_5.png> <../figures/align_spont_asym_low_rank_with_noise_rank=1_5.png>]

LaTeX Warning: Citation `mulholland2023selective' on page 27 undefined on input
 line 646.


LaTeX Warning: Citation `marre2009reliable' on page 27 undefined on input line 
646.


LaTeX Warning: Citation `cosyne2023' on page 27 undefined on input line 652.


LaTeX Warning: Reference `sec:white_noise_approx_ffrec' on page 27 undefined on
 input line 653.


Underfull \hbox (badness 10000) in paragraph at lines 657--658

 []


LaTeX Warning: Reference `sec:white_noise_approx_ffrec' on page 27 undefined on
 input line 660.

[27

]
<../figures/ffrec_asym_white_noise.png, id=437, 462.528pt x 346.896pt>
File: ../figures/ffrec_asym_white_noise.png Graphic file (type png)
<use ../figures/ffrec_asym_white_noise.png>
Package pdftex.def Info: ../figures/ffrec_asym_white_noise.png  used on input l
ine 670.
(pdftex.def)             Requested size: 199.16928pt x 149.37938pt.


LaTeX Warning: Reference `eq:ffrec_white_noise' on page 28 undefined on input l
ine 672.


LaTeX Warning: Reference `eq:ffrec_white_noise' on page 28 undefined on input l
ine 672.


Underfull \hbox (badness 2894) in paragraph at lines 672--672
\T1/lmr/bx/n/10 for-ward re-cur-rent align-ment and
 []


LaTeX Warning: Reference `eq:ffrec_white_noise' on page 28 undefined on input l
ine 677.


LaTeX Warning: Reference `eq:ffrec_white_noise' on page 28 undefined on input l
ine 682.


LaTeX Warning: Citation `tragenap2023nature' on page 28 undefined on input line
 682.


Underfull \hbox (badness 10000) in paragraph at lines 679--683

 []

[28 <../figures/ffrec_asym_white_noise.png>]

LaTeX Warning: Reference `eq:white_noise_evoked_act' on page 29 undefined on in
put line 685.


Overfull \hbox (0.9982pt too wide) in paragraph at lines 685--686
[]\T1/lmr/m/n/10.95 If the newly con-structed feed-for-ward re-cur-rent align-m
ent with white-noise-evoked
 []


LaTeX Warning: Reference `sec:repeat_low_dim_inputs' on page 29 undefined on in
put line 701.


LaTeX Warning: Reference `eq:low_dim_input_white_noise' on page 29 undefined on
 input line 701.


LaTeX Warning: Reference `eq:repeat_low_dim_ffrec' on page 29 undefined on inpu
t line 701.


LaTeX Warning: Reference `eq:update_ffrec' on page 29 undefined on input line 7
06.

[29]
<../figures/color_bar_white_noise.png, id=456, 650.43pt x 70.1019pt>
File: ../figures/color_bar_white_noise.png Graphic file (type png)
<use ../figures/color_bar_white_noise.png>
Package pdftex.def Info: ../figures/color_bar_white_noise.png  used on input li
ne 714.
(pdftex.def)             Requested size: 318.67207pt x 34.34593pt.
<../figures/ttc_white_noise.png, id=457, 462.528pt x 346.896pt>
File: ../figures/ttc_white_noise.png Graphic file (type png)
<use ../figures/ttc_white_noise.png>
Package pdftex.def Info: ../figures/ttc_white_noise.png  used on input line 720
.
(pdftex.def)             Requested size: 179.25113pt x 134.43668pt.
<../figures/its_white_noise.png, id=458, 462.528pt x 346.896pt>
File: ../figures/its_white_noise.png Graphic file (type png)
<use ../figures/its_white_noise.png>
Package pdftex.def Info: ../figures/its_white_noise.png  used on input line 726
.
(pdftex.def)             Requested size: 179.25113pt x 134.43668pt.
<../figures/dim_white_noise.png, id=459, 462.528pt x 346.896pt>
File: ../figures/dim_white_noise.png Graphic file (type png)
<use ../figures/dim_white_noise.png>
Package pdftex.def Info: ../figures/dim_white_noise.png  used on input line 732
.
(pdftex.def)             Requested size: 179.25113pt x 134.43668pt.
<../figures/align_spont_white_noise.png, id=460, 462.528pt x 346.896pt>
File: ../figures/align_spont_white_noise.png Graphic file (type png)
<use ../figures/align_spont_white_noise.png>
Package pdftex.def Info: ../figures/align_spont_white_noise.png  used on input 
line 738.
(pdftex.def)             Requested size: 179.25113pt x 134.43668pt.


LaTeX Warning: Reference `eq:ffrec_white_noise' on page 30 undefined on input l
ine 747.


LaTeX Warning: Reference `eq:asym_interaction_matrix' on page 30 undefined on i
nput line 747.


LaTeX Warning: Reference `eq:ffrec_white_noise' on page 30 undefined on input l
ine 747.


LaTeX Warning: Reference `eq:asym_interaction_matrix' on page 30 undefined on i
nput line 747.

<../figures/repeat_input_ffrec.png, id=461, 462.528pt x 346.896pt>
File: ../figures/repeat_input_ffrec.png Graphic file (type png)
<use ../figures/repeat_input_ffrec.png>
Package pdftex.def Info: ../figures/repeat_input_ffrec.png  used on input line 
755.
(pdftex.def)             Requested size: 199.16928pt x 149.37938pt.

LaTeX Warning: Reference `eq:low_dim_input_white_noise' on page 30 undefined on
 input line 757.


LaTeX Warning: Reference `eq:update_ffrec' on page 30 undefined on input line 7
57.


LaTeX Warning: Reference `eq:low_dim_input_white_noise' on page 30 undefined on
 input line 757.


LaTeX Warning: Reference `eq:update_ffrec' on page 30 undefined on input line 7
57.


Underfull \hbox (badness 7030) in paragraph at lines 757--757
[][] |\T1/lmr/bx/n/10 Dy-namic of it-er-a-tive
 []


Underfull \hbox (badness 10000) in paragraph at lines 757--757
\T1/lmr/bx/n/10 feed-for-ward re-cur-rent align-ment
 []


Underfull \hbox (badness 4832) in paragraph at lines 757--757
\T1/lmr/m/n/10 up-dat-ing feed-for-ward re-cur-rent align-
 []

[30 <../figures/color_bar_white_noise.png> <../figures/ttc_white_noise.png> <..
/figures/its_white_noise.png> <../figures/dim_white_noise.png> <../figures/alig
n_spont_white_noise.png>] [31 <../figures/repeat_input_ffrec.png>]

LaTeX Warning: Reference `fig:feedforward_recurrent_network' on page 32 undefin
ed on input line 764.


LaTeX Warning: Reference `fig:single_neuron_feedforward_recurrent_network' on p
age 32 undefined on input line 768.


LaTeX Warning: Citation `dayan2005theoretical' on page 32 undefined on input li
ne 768.


LaTeX Warning: Reference `eq:basic_Hebb' on page 32 undefined on input line 768
.


LaTeX Warning: Reference `eq:euler_scheme_ffrec_weight' on page 32 undefined on
 input line 768.


LaTeX Warning: Reference `eq:linear_combi_weight' on page 32 undefined on input
 line 779.


LaTeX Warning: Reference `eq:projection_ratio' on page 32 undefined on input li
ne 783.

[32

]

LaTeX Warning: Reference `eq:calculation_ratio' on page 33 undefined on input l
ine 785.

<../figures/ff_weight_projection_ratio.png, id=482, 462.528pt x 346.896pt>
File: ../figures/ff_weight_projection_ratio.png Graphic file (type png)
<use ../figures/ff_weight_projection_ratio.png>
Package pdftex.def Info: ../figures/ff_weight_projection_ratio.png  used on inp
ut line 792.
(pdftex.def)             Requested size: 199.16928pt x 149.37938pt.

LaTeX Warning: Reference `eq:projection_ratio' on page 33 undefined on input li
ne 795.


LaTeX Warning: Reference `eq:euler_scheme_ffrec_weight' on page 33 undefined on
 input line 795.


LaTeX Warning: Reference `eq:projection_ratio' on page 33 undefined on input li
ne 795.


LaTeX Warning: Reference `eq:euler_scheme_ffrec_weight' on page 33 undefined on
 input line 795.


Underfull \hbox (badness 2486) in paragraph at lines 795--795
[][] |\T1/lmr/bx/n/10 Time re-lated de-vel-op-
 []


LaTeX Warning: Reference `eq:ffrec_update' on page 33 undefined on input line 8
00.


LaTeX Warning: Reference `eq:final_hebb_ff_weight' on page 33 undefined on inpu
t line 800.


LaTeX Warning: Reference `eq:derivative_ffrec' on page 33 undefined on input li
ne 800.

[33 <../figures/ff_weight_projection_ratio.png>]

LaTeX Warning: Reference `eq:feedforward_input' on page 34 undefined on input l
ine 803.

<../figures/ffrec_hebb_learn_derivative.png, id=490, 462.528pt x 346.896pt>
File: ../figures/ffrec_hebb_learn_derivative.png Graphic file (type png)
<use ../figures/ffrec_hebb_learn_derivative.png>
Package pdftex.def Info: ../figures/ffrec_hebb_learn_derivative.png  used on in
put line 807.
(pdftex.def)             Requested size: 199.16928pt x 149.37938pt.

LaTeX Warning: Reference `eq:ffrec_update' on page 34 undefined on input line 8
10.


LaTeX Warning: Reference `eq:derivative_ffrec' on page 34 undefined on input li
ne 810.


LaTeX Warning: Reference `eq:ffrec_update' on page 34 undefined on input line 8
10.


LaTeX Warning: Reference `eq:derivative_ffrec' on page 34 undefined on input li
ne 810.


LaTeX Warning: Reference `eq:ffrec_update' on page 34 undefined on input line 8
13.


LaTeX Warning: Reference `eq:derivative_ffrec' on page 34 undefined on input li
ne 813.

[34 <../figures/ffrec_hebb_learn_derivative.png>] (Results.aux)

LaTeX Warning: There were undefined references.

Package rerunfilecheck Info: File `Results.out' has not changed.
(rerunfilecheck)             Checksum: B20804C6895C7C6013FE197CBF6DE559;9636.
 ) 
Here is how much of TeX's memory you used:
 13768 strings out of 478927
 224103 string characters out of 2849656
 538126 words of memory out of 3000000
 31223 multiletter control sequences out of 15000+600000
 481765 words of font info for 89 fonts, out of 8000000 for 9000
 1141 hyphenation exceptions out of 8191
 60i,20n,66p,1453b,603s stack positions out of 5000i,500n,10000p,200000b,80000s
{C:/Users/Rutian Zhou/AppData/Local/Programs/MiKTeX/fonts/enc/dvips/lm/lm-rm.
enc}{C:/Users/Rutian Zhou/AppData/Local/Programs/MiKTeX/fonts/enc/dvips/lm/lm-e
c.enc}{C:/Users/Rutian Zhou/AppData/Local/Programs/MiKTeX/fonts/enc/dvips/lm/lm
-mathit.enc}{C:/Users/Rutian Zhou/AppData/Local/Programs/MiKTeX/fonts/enc/dvips
/lm/lm-ts1.enc}{C:/Users/Rutian Zhou/AppData/Local/Programs/MiKTeX/fonts/enc/dv
ips/lm/lm-mathsy.enc}{C:/Users/Rutian Zhou/AppData/Local/Programs/MiKTeX/fonts/
enc/dvips/lm/lm-mathex.enc}<C:/Users/Rutian Zhou/AppData/Local/Programs/MiKTeX/
fonts/type1/public/lm/lmbx10.pfb><C:/Users/Rutian Zhou/AppData/Local/Programs/M
iKTeX/fonts/type1/public/lm/lmbx12.pfb><C:/Users/Rutian Zhou/AppData/Local/Prog
rams/MiKTeX/fonts/type1/public/lm/lmex10.pfb><C:/Users/Rutian Zhou/AppData/Loca
l/Programs/MiKTeX/fonts/type1/public/lm/lmmi10.pfb><C:/Users/Rutian Zhou/AppDat
a/Local/Programs/MiKTeX/fonts/type1/public/lm/lmmi6.pfb><C:/Users/Rutian Zhou/A
ppData/Local/Programs/MiKTeX/fonts/type1/public/lm/lmmi7.pfb><C:/Users/Rutian Z
hou/AppData/Local/Programs/MiKTeX/fonts/type1/public/lm/lmmi8.pfb><C:/Users/Rut
ian Zhou/AppData/Local/Programs/MiKTeX/fonts/type1/public/lm/lmr10.pfb><C:/User
s/Rutian Zhou/AppData/Local/Programs/MiKTeX/fonts/type1/public/lm/lmr6.pfb><C:/
Users/Rutian Zhou/AppData/Local/Programs/MiKTeX/fonts/type1/public/lm/lmr7.pfb>
<C:/Users/Rutian Zhou/AppData/Local/Programs/MiKTeX/fonts/type1/public/lm/lmr8.
pfb><C:/Users/Rutian Zhou/AppData/Local/Programs/MiKTeX/fonts/type1/public/lm/l
mr9.pfb><C:/Users/Rutian Zhou/AppData/Local/Programs/MiKTeX/fonts/type1/public/
lm/lmssbx10.pfb><C:/Users/Rutian Zhou/AppData/Local/Programs/MiKTeX/fonts/type1
/public/lm/lmsy10.pfb><C:/Users/Rutian Zhou/AppData/Local/Programs/MiKTeX/fonts
/type1/public/lm/lmsy8.pfb><C:/Users/Rutian Zhou/AppData/Local/Programs/MiKTeX/
fonts/type1/public/amsfonts/symbols/msbm10.pfb>
Output written on Results.pdf (34 pages, 1843774 bytes).
PDF statistics:
 603 PDF objects out of 1000 (max. 8388607)
 106 named destinations out of 1000 (max. 500000)
 350 words of extra memory for PDF output out of 10000 (max. 10000000)

